{"/home/v2dent/Development/Projects/Expressjs/DootlingBackend/src/controllers/auth.controller.ts": {"path":"/home/v2dent/Development/Projects/Expressjs/DootlingBackend/src/controllers/auth.controller.ts","statementMap":{"0":{"start":{"line":2,"column":0},"end":{"line":2,"column":56}},"1":{"start":{"line":4,"column":24},"end":{"line":8,"column":1}},"2":{"start":{"line":5,"column":97},"end":{"line":5,"column":111}},"3":{"start":{"line":6,"column":17},"end":{"line":6,"column":127}},"4":{"start":{"line":7,"column":2},"end":{"line":7,"column":31}},"5":{"start":{"line":4,"column":13},"end":{"line":4,"column":24}},"6":{"start":{"line":10,"column":27},"end":{"line":14,"column":1}},"7":{"start":{"line":11,"column":26},"end":{"line":11,"column":40}},"8":{"start":{"line":12,"column":17},"end":{"line":12,"column":59}},"9":{"start":{"line":13,"column":2},"end":{"line":13,"column":31}},"10":{"start":{"line":10,"column":13},"end":{"line":10,"column":27}},"11":{"start":{"line":16,"column":38},"end":{"line":20,"column":1}},"12":{"start":{"line":17,"column":20},"end":{"line":17,"column":34}},"13":{"start":{"line":18,"column":17},"end":{"line":18,"column":64}},"14":{"start":{"line":19,"column":2},"end":{"line":19,"column":31}},"15":{"start":{"line":16,"column":13},"end":{"line":16,"column":38}},"16":{"start":{"line":22,"column":21},"end":{"line":26,"column":1}},"17":{"start":{"line":23,"column":30},"end":{"line":23,"column":44}},"18":{"start":{"line":24,"column":17},"end":{"line":24,"column":57}},"19":{"start":{"line":25,"column":2},"end":{"line":25,"column":31}},"20":{"start":{"line":22,"column":13},"end":{"line":22,"column":21}},"21":{"start":{"line":28,"column":28},"end":{"line":32,"column":1}},"22":{"start":{"line":29,"column":27},"end":{"line":29,"column":41}},"23":{"start":{"line":30,"column":17},"end":{"line":30,"column":67}},"24":{"start":{"line":31,"column":2},"end":{"line":31,"column":31}},"25":{"start":{"line":28,"column":13},"end":{"line":28,"column":28}},"26":{"start":{"line":34,"column":30},"end":{"line":38,"column":1}},"27":{"start":{"line":35,"column":20},"end":{"line":35,"column":34}},"28":{"start":{"line":36,"column":17},"end":{"line":36,"column":56}},"29":{"start":{"line":37,"column":2},"end":{"line":37,"column":31}},"30":{"start":{"line":34,"column":13},"end":{"line":34,"column":30}},"31":{"start":{"line":40,"column":31},"end":{"line":44,"column":1}},"32":{"start":{"line":41,"column":26},"end":{"line":41,"column":40}},"33":{"start":{"line":42,"column":17},"end":{"line":42,"column":63}},"34":{"start":{"line":43,"column":2},"end":{"line":43,"column":31}},"35":{"start":{"line":40,"column":13},"end":{"line":40,"column":31}},"36":{"start":{"line":46,"column":29},"end":{"line":50,"column":1}},"37":{"start":{"line":47,"column":39},"end":{"line":47,"column":53}},"38":{"start":{"line":48,"column":17},"end":{"line":48,"column":74}},"39":{"start":{"line":49,"column":2},"end":{"line":49,"column":31}},"40":{"start":{"line":46,"column":13},"end":{"line":46,"column":29}},"41":{"start":{"line":52,"column":22},"end":{"line":60,"column":1}},"42":{"start":{"line":53,"column":17},"end":{"line":53,"column":29}},"43":{"start":{"line":54,"column":2},"end":{"line":57,"column":3}},"44":{"start":{"line":55,"column":4},"end":{"line":55,"column":54}},"45":{"start":{"line":56,"column":4},"end":{"line":56,"column":11}},"46":{"start":{"line":58,"column":17},"end":{"line":58,"column":57}},"47":{"start":{"line":59,"column":2},"end":{"line":59,"column":31}},"48":{"start":{"line":52,"column":13},"end":{"line":52,"column":22}},"49":{"start":{"line":62,"column":27},"end":{"line":71,"column":1}},"50":{"start":{"line":63,"column":17},"end":{"line":63,"column":29}},"51":{"start":{"line":64,"column":2},"end":{"line":67,"column":3}},"52":{"start":{"line":65,"column":4},"end":{"line":65,"column":54}},"53":{"start":{"line":66,"column":4},"end":{"line":66,"column":11}},"54":{"start":{"line":68,"column":23},"end":{"line":68,"column":37}},"55":{"start":{"line":69,"column":17},"end":{"line":69,"column":72}},"56":{"start":{"line":70,"column":2},"end":{"line":70,"column":31}},"57":{"start":{"line":62,"column":13},"end":{"line":62,"column":27}}},"fnMap":{"0":{"name":"(anonymous_9)","decl":{"start":{"line":4,"column":24},"end":{"line":4,"column":29}},"loc":{"start":{"line":4,"column":62},"end":{"line":8,"column":1}}},"1":{"name":"(anonymous_10)","decl":{"start":{"line":10,"column":27},"end":{"line":10,"column":32}},"loc":{"start":{"line":10,"column":65},"end":{"line":14,"column":1}}},"2":{"name":"(anonymous_11)","decl":{"start":{"line":16,"column":38},"end":{"line":16,"column":43}},"loc":{"start":{"line":16,"column":76},"end":{"line":20,"column":1}}},"3":{"name":"(anonymous_12)","decl":{"start":{"line":22,"column":21},"end":{"line":22,"column":26}},"loc":{"start":{"line":22,"column":59},"end":{"line":26,"column":1}}},"4":{"name":"(anonymous_13)","decl":{"start":{"line":28,"column":28},"end":{"line":28,"column":33}},"loc":{"start":{"line":28,"column":66},"end":{"line":32,"column":1}}},"5":{"name":"(anonymous_14)","decl":{"start":{"line":34,"column":30},"end":{"line":34,"column":35}},"loc":{"start":{"line":34,"column":68},"end":{"line":38,"column":1}}},"6":{"name":"(anonymous_15)","decl":{"start":{"line":40,"column":31},"end":{"line":40,"column":36}},"loc":{"start":{"line":40,"column":69},"end":{"line":44,"column":1}}},"7":{"name":"(anonymous_16)","decl":{"start":{"line":46,"column":29},"end":{"line":46,"column":34}},"loc":{"start":{"line":46,"column":67},"end":{"line":50,"column":1}}},"8":{"name":"(anonymous_17)","decl":{"start":{"line":52,"column":22},"end":{"line":52,"column":27}},"loc":{"start":{"line":52,"column":60},"end":{"line":60,"column":1}}},"9":{"name":"(anonymous_18)","decl":{"start":{"line":62,"column":27},"end":{"line":62,"column":32}},"loc":{"start":{"line":62,"column":65},"end":{"line":71,"column":1}}}},"branchMap":{"0":{"loc":{"start":{"line":5,"column":97},"end":{"line":5,"column":111}},"type":"binary-expr","locations":[{"start":{"line":5,"column":97},"end":{"line":5,"column":105}},{"start":{"line":5,"column":109},"end":{"line":5,"column":111}}]},"1":{"loc":{"start":{"line":11,"column":26},"end":{"line":11,"column":40}},"type":"binary-expr","locations":[{"start":{"line":11,"column":26},"end":{"line":11,"column":34}},{"start":{"line":11,"column":38},"end":{"line":11,"column":40}}]},"2":{"loc":{"start":{"line":17,"column":20},"end":{"line":17,"column":34}},"type":"binary-expr","locations":[{"start":{"line":17,"column":20},"end":{"line":17,"column":28}},{"start":{"line":17,"column":32},"end":{"line":17,"column":34}}]},"3":{"loc":{"start":{"line":23,"column":30},"end":{"line":23,"column":44}},"type":"binary-expr","locations":[{"start":{"line":23,"column":30},"end":{"line":23,"column":38}},{"start":{"line":23,"column":42},"end":{"line":23,"column":44}}]},"4":{"loc":{"start":{"line":29,"column":27},"end":{"line":29,"column":41}},"type":"binary-expr","locations":[{"start":{"line":29,"column":27},"end":{"line":29,"column":35}},{"start":{"line":29,"column":39},"end":{"line":29,"column":41}}]},"5":{"loc":{"start":{"line":35,"column":20},"end":{"line":35,"column":34}},"type":"binary-expr","locations":[{"start":{"line":35,"column":20},"end":{"line":35,"column":28}},{"start":{"line":35,"column":32},"end":{"line":35,"column":34}}]},"6":{"loc":{"start":{"line":41,"column":26},"end":{"line":41,"column":40}},"type":"binary-expr","locations":[{"start":{"line":41,"column":26},"end":{"line":41,"column":34}},{"start":{"line":41,"column":38},"end":{"line":41,"column":40}}]},"7":{"loc":{"start":{"line":47,"column":39},"end":{"line":47,"column":53}},"type":"binary-expr","locations":[{"start":{"line":47,"column":39},"end":{"line":47,"column":47}},{"start":{"line":47,"column":51},"end":{"line":47,"column":53}}]},"8":{"loc":{"start":{"line":54,"column":2},"end":{"line":57,"column":3}},"type":"if","locations":[{"start":{"line":54,"column":2},"end":{"line":57,"column":3}},{"start":{},"end":{}}]},"9":{"loc":{"start":{"line":64,"column":2},"end":{"line":67,"column":3}},"type":"if","locations":[{"start":{"line":64,"column":2},"end":{"line":67,"column":3}},{"start":{},"end":{}}]},"10":{"loc":{"start":{"line":68,"column":23},"end":{"line":68,"column":37}},"type":"binary-expr","locations":[{"start":{"line":68,"column":23},"end":{"line":68,"column":31}},{"start":{"line":68,"column":35},"end":{"line":68,"column":37}}]}},"s":{"0":1,"1":1,"2":3,"3":3,"4":2,"5":1,"6":1,"7":3,"8":3,"9":2,"10":1,"11":1,"12":3,"13":3,"14":2,"15":1,"16":1,"17":3,"18":3,"19":2,"20":1,"21":1,"22":3,"23":3,"24":2,"25":1,"26":1,"27":3,"28":3,"29":2,"30":1,"31":1,"32":3,"33":3,"34":2,"35":1,"36":1,"37":3,"38":3,"39":2,"40":1,"41":1,"42":4,"43":4,"44":1,"45":1,"46":3,"47":2,"48":1,"49":1,"50":5,"51":5,"52":1,"53":1,"54":4,"55":4,"56":3,"57":1},"f":{"0":3,"1":3,"2":3,"3":3,"4":3,"5":3,"6":3,"7":3,"8":4,"9":5},"b":{"0":[3,0],"1":[3,0],"2":[3,0],"3":[3,0],"4":[3,0],"5":[3,0],"6":[3,0],"7":[3,0],"8":[1,3],"9":[1,4],"10":[4,0]}}
,"/home/v2dent/Development/Projects/Expressjs/DootlingBackend/src/controllers/brand.controller.ts": {"path":"/home/v2dent/Development/Projects/Expressjs/DootlingBackend/src/controllers/brand.controller.ts","statementMap":{"0":{"start":{"line":2,"column":0},"end":{"line":2,"column":55}},"1":{"start":{"line":3,"column":0},"end":{"line":3,"column":51}},"2":{"start":{"line":4,"column":0},"end":{"line":4,"column":55}},"3":{"start":{"line":5,"column":0},"end":{"line":5,"column":34}},"4":{"start":{"line":7,"column":13},"end":{"line":19,"column":3}},"5":{"start":{"line":8,"column":32},"end":{"line":8,"column":40}},"6":{"start":{"line":9,"column":18},"end":{"line":9,"column":46}},"7":{"start":{"line":10,"column":15},"end":{"line":10,"column":23}},"8":{"start":{"line":13,"column":2},"end":{"line":15,"column":3}},"9":{"start":{"line":14,"column":4},"end":{"line":14,"column":55}},"10":{"start":{"line":17,"column":16},"end":{"line":17,"column":88}},"11":{"start":{"line":18,"column":2},"end":{"line":18,"column":55}},"12":{"start":{"line":21,"column":13},"end":{"line":32,"column":3}},"13":{"start":{"line":22,"column":18},"end":{"line":22,"column":46}},"14":{"start":{"line":23,"column":47},"end":{"line":23,"column":56}},"15":{"start":{"line":25,"column":17},"end":{"line":29,"column":4}},"16":{"start":{"line":31,"column":2},"end":{"line":31,"column":56}},"17":{"start":{"line":34,"column":13},"end":{"line":38,"column":3}},"18":{"start":{"line":35,"column":13},"end":{"line":35,"column":36}},"19":{"start":{"line":36,"column":16},"end":{"line":36,"column":51}},"20":{"start":{"line":37,"column":2},"end":{"line":37,"column":55}},"21":{"start":{"line":40,"column":13},"end":{"line":52,"column":3}},"22":{"start":{"line":41,"column":13},"end":{"line":41,"column":36}},"23":{"start":{"line":42,"column":32},"end":{"line":42,"column":40}},"24":{"start":{"line":43,"column":15},"end":{"line":43,"column":23}},"25":{"start":{"line":46,"column":2},"end":{"line":48,"column":3}},"26":{"start":{"line":47,"column":4},"end":{"line":47,"column":55}},"27":{"start":{"line":50,"column":16},"end":{"line":50,"column":83}},"28":{"start":{"line":51,"column":2},"end":{"line":51,"column":55}},"29":{"start":{"line":54,"column":13},"end":{"line":58,"column":3}},"30":{"start":{"line":55,"column":13},"end":{"line":55,"column":36}},"31":{"start":{"line":56,"column":2},"end":{"line":56,"column":37}},"32":{"start":{"line":57,"column":2},"end":{"line":57,"column":81}},"33":{"start":{"line":60,"column":13},"end":{"line":71,"column":3}},"34":{"start":{"line":61,"column":18},"end":{"line":61,"column":46}},"35":{"start":{"line":62,"column":17},"end":{"line":62,"column":57}},"36":{"start":{"line":64,"column":17},"end":{"line":64,"column":71}},"37":{"start":{"line":65,"column":17},"end":{"line":65,"column":39}},"38":{"start":{"line":66,"column":14},"end":{"line":66,"column":34}},"39":{"start":{"line":68,"column":2},"end":{"line":68,"column":41}},"40":{"start":{"line":69,"column":2},"end":{"line":69,"column":31}},"41":{"start":{"line":70,"column":2},"end":{"line":70,"column":16}}},"fnMap":{"0":{"name":"(anonymous_0)","decl":{"start":{"line":7,"column":40},"end":{"line":7,"column":45}},"loc":{"start":{"line":7,"column":78},"end":{"line":19,"column":1}}},"1":{"name":"(anonymous_1)","decl":{"start":{"line":21,"column":38},"end":{"line":21,"column":43}},"loc":{"start":{"line":21,"column":76},"end":{"line":32,"column":1}}},"2":{"name":"(anonymous_2)","decl":{"start":{"line":34,"column":41},"end":{"line":34,"column":46}},"loc":{"start":{"line":34,"column":79},"end":{"line":38,"column":1}}},"3":{"name":"(anonymous_3)","decl":{"start":{"line":40,"column":40},"end":{"line":40,"column":45}},"loc":{"start":{"line":40,"column":78},"end":{"line":52,"column":1}}},"4":{"name":"(anonymous_4)","decl":{"start":{"line":54,"column":40},"end":{"line":54,"column":45}},"loc":{"start":{"line":54,"column":78},"end":{"line":58,"column":1}}},"5":{"name":"(anonymous_5)","decl":{"start":{"line":60,"column":44},"end":{"line":60,"column":49}},"loc":{"start":{"line":60,"column":82},"end":{"line":71,"column":1}}}},"branchMap":{"0":{"loc":{"start":{"line":13,"column":2},"end":{"line":15,"column":3}},"type":"if","locations":[{"start":{"line":13,"column":2},"end":{"line":15,"column":3}},{"start":{},"end":{}}]},"1":{"loc":{"start":{"line":23,"column":18},"end":{"line":23,"column":28}},"type":"default-arg","locations":[{"start":{"line":23,"column":25},"end":{"line":23,"column":28}}]},"2":{"loc":{"start":{"line":23,"column":30},"end":{"line":23,"column":42}},"type":"default-arg","locations":[{"start":{"line":23,"column":38},"end":{"line":23,"column":42}}]},"3":{"loc":{"start":{"line":46,"column":2},"end":{"line":48,"column":3}},"type":"if","locations":[{"start":{"line":46,"column":2},"end":{"line":48,"column":3}},{"start":{},"end":{}}]}},"s":{"0":1,"1":1,"2":1,"3":1,"4":1,"5":11,"6":11,"7":11,"8":11,"9":2,"10":10,"11":6,"12":1,"13":8,"14":8,"15":8,"16":6,"17":1,"18":7,"19":7,"20":3,"21":1,"22":11,"23":11,"24":11,"25":11,"26":2,"27":10,"28":6,"29":1,"30":6,"31":6,"32":2,"33":1,"34":8,"35":8,"36":6,"37":6,"38":6,"39":5,"40":5,"41":5},"f":{"0":11,"1":8,"2":7,"3":11,"4":6,"5":8},"b":{"0":[2,9],"1":[6],"2":[6],"3":[2,9]}}
,"/home/v2dent/Development/Projects/Expressjs/DootlingBackend/src/controllers/category.controller.ts": {"path":"/home/v2dent/Development/Projects/Expressjs/DootlingBackend/src/controllers/category.controller.ts","statementMap":{"0":{"start":{"line":2,"column":0},"end":{"line":2,"column":62}},"1":{"start":{"line":5,"column":29},"end":{"line":15,"column":1}},"2":{"start":{"line":6,"column":18},"end":{"line":6,"column":36}},"3":{"start":{"line":7,"column":2},"end":{"line":9,"column":3}},"4":{"start":{"line":8,"column":4},"end":{"line":8,"column":69}},"5":{"start":{"line":10,"column":13},"end":{"line":10,"column":34}},"6":{"start":{"line":11,"column":2},"end":{"line":13,"column":3}},"7":{"start":{"line":12,"column":4},"end":{"line":12,"column":48}},"8":{"start":{"line":14,"column":2},"end":{"line":14,"column":12}},"9":{"start":{"line":17,"column":56},"end":{"line":40,"column":1}},"10":{"start":{"line":21,"column":2},"end":{"line":39,"column":3}},"11":{"start":{"line":22,"column":20},"end":{"line":22,"column":45}},"12":{"start":{"line":23,"column":47},"end":{"line":23,"column":55}},"13":{"start":{"line":25,"column":24},"end":{"line":27,"column":null}},"14":{"start":{"line":30,"column":4},"end":{"line":33,"column":7}},"15":{"start":{"line":35,"column":4},"end":{"line":38,"column":7}},"16":{"start":{"line":17,"column":13},"end":{"line":17,"column":56}},"17":{"start":{"line":42,"column":56},"end":{"line":72,"column":1}},"18":{"start":{"line":46,"column":2},"end":{"line":71,"column":3}},"19":{"start":{"line":47,"column":20},"end":{"line":47,"column":45}},"20":{"start":{"line":48,"column":23},"end":{"line":48,"column":58}},"21":{"start":{"line":49,"column":45},"end":{"line":49,"column":53}},"22":{"start":{"line":51,"column":4},"end":{"line":54,"column":5}},"23":{"start":{"line":52,"column":6},"end":{"line":52,"column":76}},"24":{"start":{"line":53,"column":6},"end":{"line":53,"column":13}},"25":{"start":{"line":56,"column":28},"end":{"line":59,"column":null}},"26":{"start":{"line":62,"column":4},"end":{"line":65,"column":7}},"27":{"start":{"line":67,"column":4},"end":{"line":70,"column":7}},"28":{"start":{"line":42,"column":13},"end":{"line":42,"column":56}},"29":{"start":{"line":74,"column":56},"end":{"line":106,"column":1}},"30":{"start":{"line":78,"column":2},"end":{"line":105,"column":3}},"31":{"start":{"line":79,"column":20},"end":{"line":79,"column":45}},"32":{"start":{"line":80,"column":17},"end":{"line":80,"column":60}},"33":{"start":{"line":81,"column":21},"end":{"line":81,"column":69}},"34":{"start":{"line":82,"column":25},"end":{"line":82,"column":69}},"35":{"start":{"line":84,"column":20},"end":{"line":86,"column":6}},"36":{"start":{"line":88,"column":19},"end":{"line":92,"column":null}},"37":{"start":{"line":95,"column":4},"end":{"line":99,"column":7}},"38":{"start":{"line":101,"column":4},"end":{"line":104,"column":7}},"39":{"start":{"line":74,"column":13},"end":{"line":74,"column":56}},"40":{"start":{"line":108,"column":56},"end":{"line":133,"column":1}},"41":{"start":{"line":112,"column":2},"end":{"line":132,"column":3}},"42":{"start":{"line":113,"column":20},"end":{"line":113,"column":45}},"43":{"start":{"line":114,"column":23},"end":{"line":114,"column":58}},"44":{"start":{"line":116,"column":4},"end":{"line":119,"column":5}},"45":{"start":{"line":117,"column":6},"end":{"line":117,"column":76}},"46":{"start":{"line":118,"column":6},"end":{"line":118,"column":13}},"47":{"start":{"line":121,"column":4},"end":{"line":121,"column":62}},"48":{"start":{"line":123,"column":4},"end":{"line":126,"column":7}},"49":{"start":{"line":128,"column":4},"end":{"line":131,"column":7}},"50":{"start":{"line":108,"column":13},"end":{"line":108,"column":56}}},"fnMap":{"0":{"name":"(anonymous_9)","decl":{"start":{"line":5,"column":29},"end":{"line":5,"column":30}},"loc":{"start":{"line":5,"column":54},"end":{"line":15,"column":1}}},"1":{"name":"(anonymous_10)","decl":{"start":{"line":17,"column":56},"end":{"line":17,"column":61}},"loc":{"start":{"line":20,"column":19},"end":{"line":40,"column":1}}},"2":{"name":"(anonymous_11)","decl":{"start":{"line":42,"column":56},"end":{"line":42,"column":61}},"loc":{"start":{"line":45,"column":19},"end":{"line":72,"column":1}}},"3":{"name":"(anonymous_12)","decl":{"start":{"line":74,"column":56},"end":{"line":74,"column":61}},"loc":{"start":{"line":77,"column":19},"end":{"line":106,"column":1}}},"4":{"name":"(anonymous_13)","decl":{"start":{"line":108,"column":56},"end":{"line":108,"column":61}},"loc":{"start":{"line":111,"column":19},"end":{"line":133,"column":1}}}},"branchMap":{"0":{"loc":{"start":{"line":7,"column":2},"end":{"line":9,"column":3}},"type":"if","locations":[{"start":{"line":7,"column":2},"end":{"line":9,"column":3}},{"start":{},"end":{}}]},"1":{"loc":{"start":{"line":11,"column":2},"end":{"line":13,"column":3}},"type":"if","locations":[{"start":{"line":11,"column":2},"end":{"line":13,"column":3}},{"start":{},"end":{}}]},"2":{"loc":{"start":{"line":51,"column":4},"end":{"line":54,"column":5}},"type":"if","locations":[{"start":{"line":51,"column":4},"end":{"line":54,"column":5}},{"start":{},"end":{}}]},"3":{"loc":{"start":{"line":80,"column":17},"end":{"line":80,"column":60}},"type":"binary-expr","locations":[{"start":{"line":80,"column":17},"end":{"line":80,"column":55}},{"start":{"line":80,"column":59},"end":{"line":80,"column":60}}]},"4":{"loc":{"start":{"line":81,"column":21},"end":{"line":81,"column":69}},"type":"binary-expr","locations":[{"start":{"line":81,"column":21},"end":{"line":81,"column":63}},{"start":{"line":81,"column":67},"end":{"line":81,"column":69}}]},"5":{"loc":{"start":{"line":116,"column":4},"end":{"line":119,"column":5}},"type":"if","locations":[{"start":{"line":116,"column":4},"end":{"line":119,"column":5}},{"start":{},"end":{}}]}},"s":{"0":1,"1":1,"2":54,"3":54,"4":5,"5":49,"6":49,"7":5,"8":44,"9":1,"10":12,"11":12,"12":8,"13":8,"14":7,"15":5,"16":1,"17":1,"18":17,"19":17,"20":15,"21":15,"22":15,"23":4,"24":4,"25":11,"26":10,"27":3,"28":1,"29":1,"30":14,"31":14,"32":12,"33":12,"34":12,"35":12,"36":12,"37":11,"38":3,"39":1,"40":1,"41":11,"42":11,"43":9,"44":9,"45":4,"46":4,"47":5,"48":4,"49":3,"50":1},"f":{"0":54,"1":12,"2":17,"3":14,"4":11},"b":{"0":[5,49],"1":[5,44],"2":[4,11],"3":[12,9],"4":[12,10],"5":[4,5]}}
,"/home/v2dent/Development/Projects/Expressjs/DootlingBackend/src/controllers/kyc.controller.ts": {"path":"/home/v2dent/Development/Projects/Expressjs/DootlingBackend/src/controllers/kyc.controller.ts","statementMap":{"0":{"start":{"line":2,"column":0},"end":{"line":2,"column":54}},"1":{"start":{"line":4,"column":30},"end":{"line":13,"column":1}},"2":{"start":{"line":5,"column":17},"end":{"line":5,"column":29}},"3":{"start":{"line":6,"column":2},"end":{"line":9,"column":3}},"4":{"start":{"line":7,"column":4},"end":{"line":7,"column":54}},"5":{"start":{"line":8,"column":4},"end":{"line":8,"column":11}},"6":{"start":{"line":11,"column":17},"end":{"line":11,"column":64}},"7":{"start":{"line":12,"column":2},"end":{"line":12,"column":31}},"8":{"start":{"line":4,"column":13},"end":{"line":4,"column":30}},"9":{"start":{"line":15,"column":33},"end":{"line":24,"column":1}},"10":{"start":{"line":16,"column":17},"end":{"line":16,"column":29}},"11":{"start":{"line":17,"column":2},"end":{"line":20,"column":3}},"12":{"start":{"line":18,"column":4},"end":{"line":18,"column":54}},"13":{"start":{"line":19,"column":4},"end":{"line":19,"column":11}},"14":{"start":{"line":22,"column":17},"end":{"line":22,"column":83}},"15":{"start":{"line":23,"column":2},"end":{"line":23,"column":31}},"16":{"start":{"line":15,"column":13},"end":{"line":15,"column":33}},"17":{"start":{"line":26,"column":30},"end":{"line":35,"column":1}},"18":{"start":{"line":27,"column":17},"end":{"line":27,"column":29}},"19":{"start":{"line":28,"column":2},"end":{"line":31,"column":3}},"20":{"start":{"line":29,"column":4},"end":{"line":29,"column":54}},"21":{"start":{"line":30,"column":4},"end":{"line":30,"column":11}},"22":{"start":{"line":33,"column":17},"end":{"line":33,"column":64}},"23":{"start":{"line":34,"column":2},"end":{"line":34,"column":31}},"24":{"start":{"line":26,"column":13},"end":{"line":26,"column":30}},"25":{"start":{"line":37,"column":33},"end":{"line":46,"column":1}},"26":{"start":{"line":38,"column":17},"end":{"line":38,"column":29}},"27":{"start":{"line":39,"column":2},"end":{"line":42,"column":3}},"28":{"start":{"line":40,"column":4},"end":{"line":40,"column":54}},"29":{"start":{"line":41,"column":4},"end":{"line":41,"column":11}},"30":{"start":{"line":44,"column":17},"end":{"line":44,"column":83}},"31":{"start":{"line":45,"column":2},"end":{"line":45,"column":31}},"32":{"start":{"line":37,"column":13},"end":{"line":37,"column":33}},"33":{"start":{"line":48,"column":28},"end":{"line":57,"column":1}},"34":{"start":{"line":49,"column":17},"end":{"line":49,"column":29}},"35":{"start":{"line":50,"column":2},"end":{"line":53,"column":3}},"36":{"start":{"line":51,"column":4},"end":{"line":51,"column":54}},"37":{"start":{"line":52,"column":4},"end":{"line":52,"column":11}},"38":{"start":{"line":55,"column":17},"end":{"line":55,"column":66}},"39":{"start":{"line":56,"column":2},"end":{"line":56,"column":31}},"40":{"start":{"line":48,"column":13},"end":{"line":48,"column":28}},"41":{"start":{"line":59,"column":29},"end":{"line":69,"column":1}},"42":{"start":{"line":60,"column":17},"end":{"line":60,"column":29}},"43":{"start":{"line":61,"column":2},"end":{"line":64,"column":3}},"44":{"start":{"line":62,"column":4},"end":{"line":62,"column":54}},"45":{"start":{"line":63,"column":4},"end":{"line":63,"column":11}},"46":{"start":{"line":66,"column":24},"end":{"line":66,"column":38}},"47":{"start":{"line":67,"column":17},"end":{"line":67,"column":83}},"48":{"start":{"line":68,"column":2},"end":{"line":68,"column":31}},"49":{"start":{"line":59,"column":13},"end":{"line":59,"column":29}},"50":{"start":{"line":71,"column":31},"end":{"line":86,"column":1}},"51":{"start":{"line":72,"column":17},"end":{"line":72,"column":29}},"52":{"start":{"line":73,"column":2},"end":{"line":76,"column":3}},"53":{"start":{"line":74,"column":4},"end":{"line":74,"column":54}},"54":{"start":{"line":75,"column":4},"end":{"line":75,"column":11}},"55":{"start":{"line":78,"column":16},"end":{"line":78,"column":75}},"56":{"start":{"line":79,"column":2},"end":{"line":82,"column":3}},"57":{"start":{"line":80,"column":4},"end":{"line":80,"column":59}},"58":{"start":{"line":81,"column":4},"end":{"line":81,"column":11}},"59":{"start":{"line":84,"column":17},"end":{"line":84,"column":75}},"60":{"start":{"line":85,"column":2},"end":{"line":85,"column":31}},"61":{"start":{"line":71,"column":13},"end":{"line":71,"column":31}},"62":{"start":{"line":88,"column":25},"end":{"line":97,"column":1}},"63":{"start":{"line":89,"column":17},"end":{"line":89,"column":29}},"64":{"start":{"line":90,"column":2},"end":{"line":93,"column":3}},"65":{"start":{"line":91,"column":4},"end":{"line":91,"column":54}},"66":{"start":{"line":92,"column":4},"end":{"line":92,"column":11}},"67":{"start":{"line":95,"column":17},"end":{"line":95,"column":59}},"68":{"start":{"line":96,"column":2},"end":{"line":96,"column":31}},"69":{"start":{"line":88,"column":13},"end":{"line":88,"column":25}},"70":{"start":{"line":99,"column":23},"end":{"line":108,"column":1}},"71":{"start":{"line":100,"column":17},"end":{"line":100,"column":29}},"72":{"start":{"line":101,"column":2},"end":{"line":104,"column":3}},"73":{"start":{"line":102,"column":4},"end":{"line":102,"column":54}},"74":{"start":{"line":103,"column":4},"end":{"line":103,"column":11}},"75":{"start":{"line":106,"column":17},"end":{"line":106,"column":58}},"76":{"start":{"line":107,"column":2},"end":{"line":107,"column":31}},"77":{"start":{"line":99,"column":13},"end":{"line":99,"column":23}},"78":{"start":{"line":110,"column":24},"end":{"line":120,"column":1}},"79":{"start":{"line":111,"column":17},"end":{"line":111,"column":29}},"80":{"start":{"line":112,"column":2},"end":{"line":115,"column":3}},"81":{"start":{"line":113,"column":4},"end":{"line":113,"column":54}},"82":{"start":{"line":114,"column":4},"end":{"line":114,"column":11}},"83":{"start":{"line":117,"column":19},"end":{"line":117,"column":33}},"84":{"start":{"line":118,"column":17},"end":{"line":118,"column":70}},"85":{"start":{"line":119,"column":2},"end":{"line":119,"column":31}},"86":{"start":{"line":110,"column":13},"end":{"line":110,"column":24}}},"fnMap":{"0":{"name":"(anonymous_9)","decl":{"start":{"line":4,"column":30},"end":{"line":4,"column":35}},"loc":{"start":{"line":4,"column":68},"end":{"line":13,"column":1}}},"1":{"name":"(anonymous_10)","decl":{"start":{"line":15,"column":33},"end":{"line":15,"column":38}},"loc":{"start":{"line":15,"column":71},"end":{"line":24,"column":1}}},"2":{"name":"(anonymous_11)","decl":{"start":{"line":26,"column":30},"end":{"line":26,"column":35}},"loc":{"start":{"line":26,"column":68},"end":{"line":35,"column":1}}},"3":{"name":"(anonymous_12)","decl":{"start":{"line":37,"column":33},"end":{"line":37,"column":38}},"loc":{"start":{"line":37,"column":71},"end":{"line":46,"column":1}}},"4":{"name":"(anonymous_13)","decl":{"start":{"line":48,"column":28},"end":{"line":48,"column":33}},"loc":{"start":{"line":48,"column":66},"end":{"line":57,"column":1}}},"5":{"name":"(anonymous_14)","decl":{"start":{"line":59,"column":29},"end":{"line":59,"column":34}},"loc":{"start":{"line":59,"column":67},"end":{"line":69,"column":1}}},"6":{"name":"(anonymous_15)","decl":{"start":{"line":71,"column":31},"end":{"line":71,"column":36}},"loc":{"start":{"line":71,"column":69},"end":{"line":86,"column":1}}},"7":{"name":"(anonymous_16)","decl":{"start":{"line":88,"column":25},"end":{"line":88,"column":30}},"loc":{"start":{"line":88,"column":63},"end":{"line":97,"column":1}}},"8":{"name":"(anonymous_17)","decl":{"start":{"line":99,"column":23},"end":{"line":99,"column":28}},"loc":{"start":{"line":99,"column":61},"end":{"line":108,"column":1}}},"9":{"name":"(anonymous_18)","decl":{"start":{"line":110,"column":24},"end":{"line":110,"column":29}},"loc":{"start":{"line":110,"column":62},"end":{"line":120,"column":1}}}},"branchMap":{"0":{"loc":{"start":{"line":6,"column":2},"end":{"line":9,"column":3}},"type":"if","locations":[{"start":{"line":6,"column":2},"end":{"line":9,"column":3}},{"start":{},"end":{}}]},"1":{"loc":{"start":{"line":17,"column":2},"end":{"line":20,"column":3}},"type":"if","locations":[{"start":{"line":17,"column":2},"end":{"line":20,"column":3}},{"start":{},"end":{}}]},"2":{"loc":{"start":{"line":22,"column":68},"end":{"line":22,"column":82}},"type":"binary-expr","locations":[{"start":{"line":22,"column":68},"end":{"line":22,"column":76}},{"start":{"line":22,"column":80},"end":{"line":22,"column":82}}]},"3":{"loc":{"start":{"line":28,"column":2},"end":{"line":31,"column":3}},"type":"if","locations":[{"start":{"line":28,"column":2},"end":{"line":31,"column":3}},{"start":{},"end":{}}]},"4":{"loc":{"start":{"line":39,"column":2},"end":{"line":42,"column":3}},"type":"if","locations":[{"start":{"line":39,"column":2},"end":{"line":42,"column":3}},{"start":{},"end":{}}]},"5":{"loc":{"start":{"line":44,"column":68},"end":{"line":44,"column":82}},"type":"binary-expr","locations":[{"start":{"line":44,"column":68},"end":{"line":44,"column":76}},{"start":{"line":44,"column":80},"end":{"line":44,"column":82}}]},"6":{"loc":{"start":{"line":50,"column":2},"end":{"line":53,"column":3}},"type":"if","locations":[{"start":{"line":50,"column":2},"end":{"line":53,"column":3}},{"start":{},"end":{}}]},"7":{"loc":{"start":{"line":61,"column":2},"end":{"line":64,"column":3}},"type":"if","locations":[{"start":{"line":61,"column":2},"end":{"line":64,"column":3}},{"start":{},"end":{}}]},"8":{"loc":{"start":{"line":66,"column":24},"end":{"line":66,"column":38}},"type":"binary-expr","locations":[{"start":{"line":66,"column":24},"end":{"line":66,"column":32}},{"start":{"line":66,"column":36},"end":{"line":66,"column":38}}]},"9":{"loc":{"start":{"line":67,"column":67},"end":{"line":67,"column":82}},"type":"binary-expr","locations":[{"start":{"line":67,"column":67},"end":{"line":67,"column":76}},{"start":{"line":67,"column":80},"end":{"line":67,"column":82}}]},"10":{"loc":{"start":{"line":73,"column":2},"end":{"line":76,"column":3}},"type":"if","locations":[{"start":{"line":73,"column":2},"end":{"line":76,"column":3}},{"start":{},"end":{}}]},"11":{"loc":{"start":{"line":79,"column":2},"end":{"line":82,"column":3}},"type":"if","locations":[{"start":{"line":79,"column":2},"end":{"line":82,"column":3}},{"start":{},"end":{}}]},"12":{"loc":{"start":{"line":79,"column":6},"end":{"line":79,"column":47}},"type":"binary-expr","locations":[{"start":{"line":79,"column":6},"end":{"line":79,"column":12}},{"start":{"line":79,"column":16},"end":{"line":79,"column":47}}]},"13":{"loc":{"start":{"line":90,"column":2},"end":{"line":93,"column":3}},"type":"if","locations":[{"start":{"line":90,"column":2},"end":{"line":93,"column":3}},{"start":{},"end":{}}]},"14":{"loc":{"start":{"line":101,"column":2},"end":{"line":104,"column":3}},"type":"if","locations":[{"start":{"line":101,"column":2},"end":{"line":104,"column":3}},{"start":{},"end":{}}]},"15":{"loc":{"start":{"line":112,"column":2},"end":{"line":115,"column":3}},"type":"if","locations":[{"start":{"line":112,"column":2},"end":{"line":115,"column":3}},{"start":{},"end":{}}]},"16":{"loc":{"start":{"line":117,"column":19},"end":{"line":117,"column":33}},"type":"binary-expr","locations":[{"start":{"line":117,"column":19},"end":{"line":117,"column":27}},{"start":{"line":117,"column":31},"end":{"line":117,"column":33}}]},"17":{"loc":{"start":{"line":118,"column":59},"end":{"line":118,"column":69}},"type":"binary-expr","locations":[{"start":{"line":118,"column":59},"end":{"line":118,"column":63}},{"start":{"line":118,"column":67},"end":{"line":118,"column":69}}]}},"s":{"0":1,"1":1,"2":3,"3":3,"4":1,"5":1,"6":2,"7":1,"8":1,"9":1,"10":4,"11":4,"12":1,"13":1,"14":3,"15":2,"16":1,"17":1,"18":3,"19":3,"20":1,"21":1,"22":2,"23":1,"24":1,"25":1,"26":4,"27":4,"28":1,"29":1,"30":3,"31":2,"32":1,"33":1,"34":3,"35":3,"36":1,"37":1,"38":2,"39":1,"40":1,"41":1,"42":4,"43":4,"44":1,"45":1,"46":3,"47":3,"48":2,"49":1,"50":1,"51":4,"52":4,"53":1,"54":1,"55":3,"56":3,"57":1,"58":1,"59":2,"60":1,"61":1,"62":1,"63":3,"64":3,"65":1,"66":1,"67":2,"68":1,"69":1,"70":1,"71":3,"72":3,"73":1,"74":1,"75":2,"76":1,"77":1,"78":1,"79":4,"80":4,"81":1,"82":1,"83":3,"84":3,"85":2,"86":1},"f":{"0":3,"1":4,"2":3,"3":4,"4":3,"5":4,"6":4,"7":3,"8":3,"9":4},"b":{"0":[1,2],"1":[1,3],"2":[3,0],"3":[1,2],"4":[1,3],"5":[3,0],"6":[1,2],"7":[1,3],"8":[3,0],"9":[3,1],"10":[1,3],"11":[1,2],"12":[3,2],"13":[1,2],"14":[1,2],"15":[1,3],"16":[3,0],"17":[3,1]}}
,"/home/v2dent/Development/Projects/Expressjs/DootlingBackend/src/controllers/product.controller.ts": {"path":"/home/v2dent/Development/Projects/Expressjs/DootlingBackend/src/controllers/product.controller.ts","statementMap":{"0":{"start":{"line":2,"column":0},"end":{"line":2,"column":60}},"1":{"start":{"line":4,"column":29},"end":{"line":14,"column":1}},"2":{"start":{"line":5,"column":18},"end":{"line":5,"column":36}},"3":{"start":{"line":6,"column":2},"end":{"line":8,"column":3}},"4":{"start":{"line":7,"column":4},"end":{"line":7,"column":69}},"5":{"start":{"line":9,"column":13},"end":{"line":9,"column":34}},"6":{"start":{"line":10,"column":2},"end":{"line":12,"column":3}},"7":{"start":{"line":11,"column":4},"end":{"line":11,"column":48}},"8":{"start":{"line":13,"column":2},"end":{"line":13,"column":12}},"9":{"start":{"line":16,"column":55},"end":{"line":36,"column":1}},"10":{"start":{"line":20,"column":2},"end":{"line":35,"column":3}},"11":{"start":{"line":21,"column":20},"end":{"line":21,"column":45}},"12":{"start":{"line":22,"column":45},"end":{"line":22,"column":53}},"13":{"start":{"line":24,"column":23},"end":{"line":24,"column":79}},"14":{"start":{"line":26,"column":4},"end":{"line":29,"column":7}},"15":{"start":{"line":31,"column":4},"end":{"line":34,"column":7}},"16":{"start":{"line":16,"column":13},"end":{"line":16,"column":55}},"17":{"start":{"line":38,"column":55},"end":{"line":66,"column":1}},"18":{"start":{"line":42,"column":2},"end":{"line":65,"column":3}},"19":{"start":{"line":43,"column":22},"end":{"line":43,"column":56}},"20":{"start":{"line":44,"column":43},"end":{"line":44,"column":51}},"21":{"start":{"line":46,"column":4},"end":{"line":49,"column":5}},"22":{"start":{"line":47,"column":6},"end":{"line":47,"column":75}},"23":{"start":{"line":48,"column":6},"end":{"line":48,"column":13}},"24":{"start":{"line":51,"column":27},"end":{"line":53,"column":null}},"25":{"start":{"line":56,"column":4},"end":{"line":59,"column":7}},"26":{"start":{"line":61,"column":4},"end":{"line":64,"column":7}},"27":{"start":{"line":38,"column":13},"end":{"line":38,"column":55}},"28":{"start":{"line":68,"column":54},"end":{"line":107,"column":1}},"29":{"start":{"line":72,"column":2},"end":{"line":106,"column":3}},"30":{"start":{"line":73,"column":20},"end":{"line":73,"column":45}},"31":{"start":{"line":74,"column":17},"end":{"line":74,"column":60}},"32":{"start":{"line":75,"column":21},"end":{"line":75,"column":69}},"33":{"start":{"line":76,"column":24},"end":{"line":76,"column":null}},"34":{"start":{"line":80,"column":23},"end":{"line":80,"column":67}},"35":{"start":{"line":81,"column":24},"end":{"line":81,"column":67}},"36":{"start":{"line":83,"column":20},"end":{"line":87,"column":6}},"37":{"start":{"line":89,"column":19},"end":{"line":93,"column":null}},"38":{"start":{"line":96,"column":4},"end":{"line":100,"column":7}},"39":{"start":{"line":102,"column":4},"end":{"line":105,"column":7}},"40":{"start":{"line":68,"column":13},"end":{"line":68,"column":54}},"41":{"start":{"line":109,"column":55},"end":{"line":133,"column":1}},"42":{"start":{"line":113,"column":2},"end":{"line":132,"column":3}},"43":{"start":{"line":114,"column":22},"end":{"line":114,"column":56}},"44":{"start":{"line":116,"column":4},"end":{"line":119,"column":5}},"45":{"start":{"line":117,"column":6},"end":{"line":117,"column":75}},"46":{"start":{"line":118,"column":6},"end":{"line":118,"column":13}},"47":{"start":{"line":121,"column":4},"end":{"line":121,"column":50}},"48":{"start":{"line":123,"column":4},"end":{"line":126,"column":7}},"49":{"start":{"line":128,"column":4},"end":{"line":131,"column":7}},"50":{"start":{"line":109,"column":13},"end":{"line":109,"column":55}}},"fnMap":{"0":{"name":"(anonymous_9)","decl":{"start":{"line":4,"column":29},"end":{"line":4,"column":30}},"loc":{"start":{"line":4,"column":54},"end":{"line":14,"column":1}}},"1":{"name":"(anonymous_10)","decl":{"start":{"line":16,"column":55},"end":{"line":16,"column":60}},"loc":{"start":{"line":19,"column":19},"end":{"line":36,"column":1}}},"2":{"name":"(anonymous_11)","decl":{"start":{"line":38,"column":55},"end":{"line":38,"column":60}},"loc":{"start":{"line":41,"column":19},"end":{"line":66,"column":1}}},"3":{"name":"(anonymous_12)","decl":{"start":{"line":68,"column":54},"end":{"line":68,"column":59}},"loc":{"start":{"line":71,"column":19},"end":{"line":107,"column":1}}},"4":{"name":"(anonymous_13)","decl":{"start":{"line":109,"column":55},"end":{"line":109,"column":60}},"loc":{"start":{"line":112,"column":19},"end":{"line":133,"column":1}}}},"branchMap":{"0":{"loc":{"start":{"line":6,"column":2},"end":{"line":8,"column":3}},"type":"if","locations":[{"start":{"line":6,"column":2},"end":{"line":8,"column":3}},{"start":{},"end":{}}]},"1":{"loc":{"start":{"line":10,"column":2},"end":{"line":12,"column":3}},"type":"if","locations":[{"start":{"line":10,"column":2},"end":{"line":12,"column":3}},{"start":{},"end":{}}]},"2":{"loc":{"start":{"line":46,"column":4},"end":{"line":49,"column":5}},"type":"if","locations":[{"start":{"line":46,"column":4},"end":{"line":49,"column":5}},{"start":{},"end":{}}]},"3":{"loc":{"start":{"line":74,"column":17},"end":{"line":74,"column":60}},"type":"binary-expr","locations":[{"start":{"line":74,"column":17},"end":{"line":74,"column":55}},{"start":{"line":74,"column":59},"end":{"line":74,"column":60}}]},"4":{"loc":{"start":{"line":75,"column":21},"end":{"line":75,"column":69}},"type":"binary-expr","locations":[{"start":{"line":75,"column":21},"end":{"line":75,"column":63}},{"start":{"line":75,"column":67},"end":{"line":75,"column":69}}]},"5":{"loc":{"start":{"line":85,"column":18},"end":{"line":85,"column":60}},"type":"cond-expr","locations":[{"start":{"line":85,"column":38},"end":{"line":85,"column":47}},{"start":{"line":85,"column":50},"end":{"line":85,"column":60}}]},"6":{"loc":{"start":{"line":116,"column":4},"end":{"line":119,"column":5}},"type":"if","locations":[{"start":{"line":116,"column":4},"end":{"line":119,"column":5}},{"start":{},"end":{}}]}},"s":{"0":1,"1":1,"2":20,"3":20,"4":3,"5":17,"6":17,"7":3,"8":14,"9":1,"10":6,"11":6,"12":2,"13":2,"14":1,"15":5,"16":1,"17":1,"18":7,"19":7,"20":7,"21":7,"22":4,"23":4,"24":3,"25":1,"26":2,"27":1,"28":1,"29":14,"30":14,"31":12,"32":12,"33":12,"34":12,"35":12,"36":12,"37":12,"38":11,"39":3,"40":1,"41":1,"42":8,"43":8,"44":8,"45":4,"46":4,"47":4,"48":2,"49":2,"50":1},"f":{"0":20,"1":6,"2":7,"3":14,"4":8},"b":{"0":[3,17],"1":[3,14],"2":[4,3],"3":[12,9],"4":[12,10],"5":[10,2],"6":[4,4]}}
,"/home/v2dent/Development/Projects/Expressjs/DootlingBackend/src/controllers/productGroup.controller.ts": {"path":"/home/v2dent/Development/Projects/Expressjs/DootlingBackend/src/controllers/productGroup.controller.ts","statementMap":{"0":{"start":{"line":2,"column":0},"end":{"line":2,"column":69}},"1":{"start":{"line":3,"column":0},"end":{"line":3,"column":51}},"2":{"start":{"line":4,"column":0},"end":{"line":4,"column":55}},"3":{"start":{"line":5,"column":0},"end":{"line":5,"column":34}},"4":{"start":{"line":7,"column":13},"end":{"line":19,"column":3}},"5":{"start":{"line":8,"column":32},"end":{"line":8,"column":40}},"6":{"start":{"line":9,"column":18},"end":{"line":9,"column":46}},"7":{"start":{"line":10,"column":15},"end":{"line":10,"column":23}},"8":{"start":{"line":13,"column":2},"end":{"line":15,"column":3}},"9":{"start":{"line":14,"column":4},"end":{"line":14,"column":55}},"10":{"start":{"line":17,"column":16},"end":{"line":17,"column":102}},"11":{"start":{"line":18,"column":2},"end":{"line":18,"column":55}},"12":{"start":{"line":21,"column":13},"end":{"line":32,"column":3}},"13":{"start":{"line":22,"column":18},"end":{"line":22,"column":46}},"14":{"start":{"line":23,"column":47},"end":{"line":23,"column":56}},"15":{"start":{"line":25,"column":17},"end":{"line":29,"column":4}},"16":{"start":{"line":31,"column":2},"end":{"line":31,"column":56}},"17":{"start":{"line":34,"column":13},"end":{"line":38,"column":3}},"18":{"start":{"line":35,"column":13},"end":{"line":35,"column":36}},"19":{"start":{"line":36,"column":16},"end":{"line":36,"column":65}},"20":{"start":{"line":37,"column":2},"end":{"line":37,"column":55}},"21":{"start":{"line":40,"column":13},"end":{"line":52,"column":3}},"22":{"start":{"line":41,"column":13},"end":{"line":41,"column":36}},"23":{"start":{"line":42,"column":32},"end":{"line":42,"column":40}},"24":{"start":{"line":43,"column":15},"end":{"line":43,"column":23}},"25":{"start":{"line":46,"column":2},"end":{"line":48,"column":3}},"26":{"start":{"line":47,"column":4},"end":{"line":47,"column":55}},"27":{"start":{"line":50,"column":16},"end":{"line":50,"column":97}},"28":{"start":{"line":51,"column":2},"end":{"line":51,"column":55}},"29":{"start":{"line":54,"column":13},"end":{"line":58,"column":3}},"30":{"start":{"line":55,"column":13},"end":{"line":55,"column":36}},"31":{"start":{"line":56,"column":2},"end":{"line":56,"column":51}},"32":{"start":{"line":57,"column":2},"end":{"line":57,"column":89}},"33":{"start":{"line":60,"column":13},"end":{"line":71,"column":3}},"34":{"start":{"line":61,"column":18},"end":{"line":61,"column":46}},"35":{"start":{"line":62,"column":17},"end":{"line":62,"column":71}},"36":{"start":{"line":64,"column":17},"end":{"line":64,"column":71}},"37":{"start":{"line":65,"column":17},"end":{"line":65,"column":39}},"38":{"start":{"line":66,"column":14},"end":{"line":66,"column":34}},"39":{"start":{"line":68,"column":2},"end":{"line":68,"column":41}},"40":{"start":{"line":69,"column":2},"end":{"line":69,"column":39}},"41":{"start":{"line":70,"column":2},"end":{"line":70,"column":16}}},"fnMap":{"0":{"name":"(anonymous_0)","decl":{"start":{"line":7,"column":47},"end":{"line":7,"column":52}},"loc":{"start":{"line":7,"column":85},"end":{"line":19,"column":1}}},"1":{"name":"(anonymous_1)","decl":{"start":{"line":21,"column":45},"end":{"line":21,"column":50}},"loc":{"start":{"line":21,"column":83},"end":{"line":32,"column":1}}},"2":{"name":"(anonymous_2)","decl":{"start":{"line":34,"column":48},"end":{"line":34,"column":53}},"loc":{"start":{"line":34,"column":86},"end":{"line":38,"column":1}}},"3":{"name":"(anonymous_3)","decl":{"start":{"line":40,"column":47},"end":{"line":40,"column":52}},"loc":{"start":{"line":40,"column":85},"end":{"line":52,"column":1}}},"4":{"name":"(anonymous_4)","decl":{"start":{"line":54,"column":47},"end":{"line":54,"column":52}},"loc":{"start":{"line":54,"column":85},"end":{"line":58,"column":1}}},"5":{"name":"(anonymous_5)","decl":{"start":{"line":60,"column":51},"end":{"line":60,"column":56}},"loc":{"start":{"line":60,"column":89},"end":{"line":71,"column":1}}}},"branchMap":{"0":{"loc":{"start":{"line":13,"column":2},"end":{"line":15,"column":3}},"type":"if","locations":[{"start":{"line":13,"column":2},"end":{"line":15,"column":3}},{"start":{},"end":{}}]},"1":{"loc":{"start":{"line":23,"column":18},"end":{"line":23,"column":28}},"type":"default-arg","locations":[{"start":{"line":23,"column":25},"end":{"line":23,"column":28}}]},"2":{"loc":{"start":{"line":23,"column":30},"end":{"line":23,"column":42}},"type":"default-arg","locations":[{"start":{"line":23,"column":38},"end":{"line":23,"column":42}}]},"3":{"loc":{"start":{"line":46,"column":2},"end":{"line":48,"column":3}},"type":"if","locations":[{"start":{"line":46,"column":2},"end":{"line":48,"column":3}},{"start":{},"end":{}}]}},"s":{"0":1,"1":1,"2":1,"3":1,"4":1,"5":10,"6":10,"7":10,"8":10,"9":2,"10":10,"11":6,"12":1,"13":7,"14":7,"15":7,"16":6,"17":1,"18":6,"19":6,"20":3,"21":1,"22":9,"23":9,"24":9,"25":9,"26":2,"27":9,"28":7,"29":1,"30":5,"31":5,"32":2,"33":1,"34":7,"35":7,"36":6,"37":6,"38":6,"39":5,"40":5,"41":5},"f":{"0":10,"1":7,"2":6,"3":9,"4":5,"5":7},"b":{"0":[2,8],"1":[5],"2":[5],"3":[2,7]}}
,"/home/v2dent/Development/Projects/Expressjs/DootlingBackend/src/controllers/productVariant.controller.ts": {"path":"/home/v2dent/Development/Projects/Expressjs/DootlingBackend/src/controllers/productVariant.controller.ts","statementMap":{"0":{"start":{"line":2,"column":0},"end":{"line":2,"column":73}},"1":{"start":{"line":3,"column":0},"end":{"line":3,"column":51}},"2":{"start":{"line":4,"column":0},"end":{"line":4,"column":34}},"3":{"start":{"line":6,"column":13},"end":{"line":17,"column":3}},"4":{"start":{"line":7,"column":48},"end":{"line":7,"column":56}},"5":{"start":{"line":8,"column":18},"end":{"line":8,"column":46}},"6":{"start":{"line":10,"column":18},"end":{"line":14,"column":4}},"7":{"start":{"line":16,"column":2},"end":{"line":16,"column":57}},"8":{"start":{"line":19,"column":13},"end":{"line":30,"column":3}},"9":{"start":{"line":20,"column":18},"end":{"line":20,"column":46}},"10":{"start":{"line":21,"column":47},"end":{"line":21,"column":56}},"11":{"start":{"line":23,"column":19},"end":{"line":27,"column":4}},"12":{"start":{"line":29,"column":2},"end":{"line":29,"column":58}},"13":{"start":{"line":32,"column":13},"end":{"line":36,"column":3}},"14":{"start":{"line":33,"column":13},"end":{"line":33,"column":36}},"15":{"start":{"line":34,"column":18},"end":{"line":34,"column":71}},"16":{"start":{"line":35,"column":2},"end":{"line":35,"column":57}},"17":{"start":{"line":38,"column":13},"end":{"line":49,"column":3}},"18":{"start":{"line":39,"column":13},"end":{"line":39,"column":36}},"19":{"start":{"line":40,"column":48},"end":{"line":40,"column":56}},"20":{"start":{"line":42,"column":18},"end":{"line":46,"column":4}},"21":{"start":{"line":48,"column":2},"end":{"line":48,"column":57}},"22":{"start":{"line":51,"column":13},"end":{"line":55,"column":3}},"23":{"start":{"line":52,"column":13},"end":{"line":52,"column":36}},"24":{"start":{"line":53,"column":2},"end":{"line":53,"column":55}},"25":{"start":{"line":54,"column":2},"end":{"line":54,"column":91}},"26":{"start":{"line":57,"column":13},"end":{"line":76,"column":3}},"27":{"start":{"line":58,"column":18},"end":{"line":58,"column":46}},"28":{"start":{"line":59,"column":19},"end":{"line":59,"column":77}},"29":{"start":{"line":61,"column":18},"end":{"line":67,"column":5}},"30":{"start":{"line":61,"column":39},"end":{"line":67,"column":4}},"31":{"start":{"line":65,"column":34},"end":{"line":65,"column":40}},"32":{"start":{"line":69,"column":17},"end":{"line":69,"column":77}},"33":{"start":{"line":70,"column":17},"end":{"line":70,"column":39}},"34":{"start":{"line":71,"column":14},"end":{"line":71,"column":35}},"35":{"start":{"line":73,"column":2},"end":{"line":73,"column":41}},"36":{"start":{"line":74,"column":2},"end":{"line":74,"column":41}},"37":{"start":{"line":75,"column":2},"end":{"line":75,"column":16}}},"fnMap":{"0":{"name":"(anonymous_0)","decl":{"start":{"line":6,"column":49},"end":{"line":6,"column":54}},"loc":{"start":{"line":6,"column":87},"end":{"line":17,"column":1}}},"1":{"name":"(anonymous_1)","decl":{"start":{"line":19,"column":47},"end":{"line":19,"column":52}},"loc":{"start":{"line":19,"column":85},"end":{"line":30,"column":1}}},"2":{"name":"(anonymous_2)","decl":{"start":{"line":32,"column":50},"end":{"line":32,"column":55}},"loc":{"start":{"line":32,"column":88},"end":{"line":36,"column":1}}},"3":{"name":"(anonymous_3)","decl":{"start":{"line":38,"column":49},"end":{"line":38,"column":54}},"loc":{"start":{"line":38,"column":87},"end":{"line":49,"column":1}}},"4":{"name":"(anonymous_4)","decl":{"start":{"line":51,"column":49},"end":{"line":51,"column":54}},"loc":{"start":{"line":51,"column":87},"end":{"line":55,"column":1}}},"5":{"name":"(anonymous_5)","decl":{"start":{"line":57,"column":53},"end":{"line":57,"column":58}},"loc":{"start":{"line":57,"column":91},"end":{"line":76,"column":1}}},"6":{"name":"(anonymous_6)","decl":{"start":{"line":61,"column":31},"end":{"line":61,"column":32}},"loc":{"start":{"line":61,"column":39},"end":{"line":67,"column":4}}},"7":{"name":"(anonymous_7)","decl":{"start":{"line":65,"column":27},"end":{"line":65,"column":28}},"loc":{"start":{"line":65,"column":34},"end":{"line":65,"column":40}}}},"branchMap":{"0":{"loc":{"start":{"line":12,"column":24},"end":{"line":12,"column":51}},"type":"binary-expr","locations":[{"start":{"line":12,"column":24},"end":{"line":12,"column":42}},{"start":{"line":12,"column":46},"end":{"line":12,"column":51}}]},"1":{"loc":{"start":{"line":13,"column":13},"end":{"line":13,"column":26}},"type":"binary-expr","locations":[{"start":{"line":13,"column":13},"end":{"line":13,"column":20}},{"start":{"line":13,"column":24},"end":{"line":13,"column":26}}]},"2":{"loc":{"start":{"line":21,"column":18},"end":{"line":21,"column":28}},"type":"default-arg","locations":[{"start":{"line":21,"column":25},"end":{"line":21,"column":28}}]},"3":{"loc":{"start":{"line":21,"column":30},"end":{"line":21,"column":42}},"type":"default-arg","locations":[{"start":{"line":21,"column":38},"end":{"line":21,"column":42}}]}},"s":{"0":1,"1":1,"2":1,"3":1,"4":6,"5":6,"6":6,"7":3,"8":1,"9":5,"10":5,"11":5,"12":4,"13":1,"14":5,"15":5,"16":2,"17":1,"18":6,"19":6,"20":6,"21":5,"22":1,"23":4,"24":4,"25":1,"26":1,"27":5,"28":5,"29":4,"30":5,"31":6,"32":4,"33":4,"34":4,"35":3,"36":3,"37":3},"f":{"0":6,"1":5,"2":5,"3":6,"4":4,"5":5,"6":5,"7":6},"b":{"0":[6,5],"1":[6,4],"2":[3],"3":[3]}}
,"/home/v2dent/Development/Projects/Expressjs/DootlingBackend/src/controllers/store.controller.ts": {"path":"/home/v2dent/Development/Projects/Expressjs/DootlingBackend/src/controllers/store.controller.ts","statementMap":{"0":{"start":{"line":2,"column":0},"end":{"line":2,"column":58}},"1":{"start":{"line":4,"column":26},"end":{"line":13,"column":1}},"2":{"start":{"line":5,"column":17},"end":{"line":5,"column":29}},"3":{"start":{"line":6,"column":2},"end":{"line":9,"column":3}},"4":{"start":{"line":7,"column":4},"end":{"line":7,"column":54}},"5":{"start":{"line":8,"column":4},"end":{"line":8,"column":11}},"6":{"start":{"line":10,"column":56},"end":{"line":10,"column":64}},"7":{"start":{"line":11,"column":17},"end":{"line":11,"column":105}},"8":{"start":{"line":12,"column":2},"end":{"line":12,"column":31}},"9":{"start":{"line":4,"column":13},"end":{"line":4,"column":26}},"10":{"start":{"line":15,"column":24},"end":{"line":23,"column":1}},"11":{"start":{"line":16,"column":17},"end":{"line":16,"column":29}},"12":{"start":{"line":17,"column":2},"end":{"line":20,"column":3}},"13":{"start":{"line":18,"column":4},"end":{"line":18,"column":54}},"14":{"start":{"line":19,"column":4},"end":{"line":19,"column":11}},"15":{"start":{"line":21,"column":17},"end":{"line":21,"column":60}},"16":{"start":{"line":22,"column":2},"end":{"line":22,"column":31}},"17":{"start":{"line":15,"column":13},"end":{"line":15,"column":24}},"18":{"start":{"line":25,"column":27},"end":{"line":34,"column":1}},"19":{"start":{"line":26,"column":17},"end":{"line":26,"column":29}},"20":{"start":{"line":27,"column":2},"end":{"line":30,"column":3}},"21":{"start":{"line":28,"column":4},"end":{"line":28,"column":54}},"22":{"start":{"line":29,"column":4},"end":{"line":29,"column":11}},"23":{"start":{"line":31,"column":46},"end":{"line":31,"column":54}},"24":{"start":{"line":32,"column":17},"end":{"line":32,"column":96}},"25":{"start":{"line":33,"column":2},"end":{"line":33,"column":31}},"26":{"start":{"line":25,"column":13},"end":{"line":25,"column":27}},"27":{"start":{"line":36,"column":27},"end":{"line":44,"column":1}},"28":{"start":{"line":37,"column":17},"end":{"line":37,"column":29}},"29":{"start":{"line":38,"column":2},"end":{"line":41,"column":3}},"30":{"start":{"line":39,"column":4},"end":{"line":39,"column":54}},"31":{"start":{"line":40,"column":4},"end":{"line":40,"column":11}},"32":{"start":{"line":42,"column":17},"end":{"line":42,"column":63}},"33":{"start":{"line":43,"column":2},"end":{"line":43,"column":31}},"34":{"start":{"line":36,"column":13},"end":{"line":36,"column":27}}},"fnMap":{"0":{"name":"(anonymous_9)","decl":{"start":{"line":4,"column":26},"end":{"line":4,"column":31}},"loc":{"start":{"line":4,"column":64},"end":{"line":13,"column":1}}},"1":{"name":"(anonymous_10)","decl":{"start":{"line":15,"column":24},"end":{"line":15,"column":29}},"loc":{"start":{"line":15,"column":62},"end":{"line":23,"column":1}}},"2":{"name":"(anonymous_11)","decl":{"start":{"line":25,"column":27},"end":{"line":25,"column":32}},"loc":{"start":{"line":25,"column":65},"end":{"line":34,"column":1}}},"3":{"name":"(anonymous_12)","decl":{"start":{"line":36,"column":27},"end":{"line":36,"column":32}},"loc":{"start":{"line":36,"column":65},"end":{"line":44,"column":1}}}},"branchMap":{"0":{"loc":{"start":{"line":6,"column":2},"end":{"line":9,"column":3}},"type":"if","locations":[{"start":{"line":6,"column":2},"end":{"line":9,"column":3}},{"start":{},"end":{}}]},"1":{"loc":{"start":{"line":17,"column":2},"end":{"line":20,"column":3}},"type":"if","locations":[{"start":{"line":17,"column":2},"end":{"line":20,"column":3}},{"start":{},"end":{}}]},"2":{"loc":{"start":{"line":27,"column":2},"end":{"line":30,"column":3}},"type":"if","locations":[{"start":{"line":27,"column":2},"end":{"line":30,"column":3}},{"start":{},"end":{}}]},"3":{"loc":{"start":{"line":38,"column":2},"end":{"line":41,"column":3}},"type":"if","locations":[{"start":{"line":38,"column":2},"end":{"line":41,"column":3}},{"start":{},"end":{}}]}},"s":{"0":1,"1":1,"2":3,"3":3,"4":1,"5":1,"6":2,"7":2,"8":1,"9":1,"10":1,"11":3,"12":3,"13":1,"14":1,"15":2,"16":1,"17":1,"18":1,"19":3,"20":3,"21":1,"22":1,"23":2,"24":2,"25":1,"26":1,"27":1,"28":3,"29":3,"30":1,"31":1,"32":2,"33":1,"34":1},"f":{"0":3,"1":3,"2":3,"3":3},"b":{"0":[1,2],"1":[1,2],"2":[1,2],"3":[1,2]}}
,"/home/v2dent/Development/Projects/Expressjs/DootlingBackend/src/controllers/unit.controller.ts": {"path":"/home/v2dent/Development/Projects/Expressjs/DootlingBackend/src/controllers/unit.controller.ts","statementMap":{"0":{"start":{"line":2,"column":0},"end":{"line":2,"column":53}},"1":{"start":{"line":3,"column":0},"end":{"line":3,"column":51}},"2":{"start":{"line":4,"column":0},"end":{"line":4,"column":34}},"3":{"start":{"line":6,"column":13},"end":{"line":12,"column":3}},"4":{"start":{"line":7,"column":27},"end":{"line":7,"column":35}},"5":{"start":{"line":8,"column":18},"end":{"line":8,"column":46}},"6":{"start":{"line":10,"column":15},"end":{"line":10,"column":70}},"7":{"start":{"line":11,"column":2},"end":{"line":11,"column":54}},"8":{"start":{"line":14,"column":13},"end":{"line":26,"column":3}},"9":{"start":{"line":15,"column":18},"end":{"line":15,"column":46}},"10":{"start":{"line":16,"column":55},"end":{"line":16,"column":64}},"11":{"start":{"line":18,"column":16},"end":{"line":23,"column":4}},"12":{"start":{"line":25,"column":2},"end":{"line":25,"column":55}},"13":{"start":{"line":28,"column":13},"end":{"line":32,"column":3}},"14":{"start":{"line":29,"column":13},"end":{"line":29,"column":36}},"15":{"start":{"line":30,"column":15},"end":{"line":30,"column":48}},"16":{"start":{"line":31,"column":2},"end":{"line":31,"column":54}},"17":{"start":{"line":34,"column":13},"end":{"line":40,"column":3}},"18":{"start":{"line":35,"column":13},"end":{"line":35,"column":36}},"19":{"start":{"line":36,"column":27},"end":{"line":36,"column":35}},"20":{"start":{"line":38,"column":15},"end":{"line":38,"column":65}},"21":{"start":{"line":39,"column":2},"end":{"line":39,"column":54}},"22":{"start":{"line":42,"column":13},"end":{"line":46,"column":3}},"23":{"start":{"line":43,"column":13},"end":{"line":43,"column":36}},"24":{"start":{"line":44,"column":2},"end":{"line":44,"column":35}},"25":{"start":{"line":45,"column":2},"end":{"line":45,"column":80}},"26":{"start":{"line":48,"column":13},"end":{"line":59,"column":3}},"27":{"start":{"line":49,"column":18},"end":{"line":49,"column":46}},"28":{"start":{"line":50,"column":16},"end":{"line":50,"column":54}},"29":{"start":{"line":52,"column":17},"end":{"line":52,"column":54}},"30":{"start":{"line":53,"column":17},"end":{"line":53,"column":39}},"31":{"start":{"line":54,"column":14},"end":{"line":54,"column":33}},"32":{"start":{"line":56,"column":2},"end":{"line":56,"column":41}},"33":{"start":{"line":57,"column":2},"end":{"line":57,"column":30}},"34":{"start":{"line":58,"column":2},"end":{"line":58,"column":16}}},"fnMap":{"0":{"name":"(anonymous_0)","decl":{"start":{"line":6,"column":39},"end":{"line":6,"column":44}},"loc":{"start":{"line":6,"column":77},"end":{"line":12,"column":1}}},"1":{"name":"(anonymous_1)","decl":{"start":{"line":14,"column":37},"end":{"line":14,"column":42}},"loc":{"start":{"line":14,"column":75},"end":{"line":26,"column":1}}},"2":{"name":"(anonymous_2)","decl":{"start":{"line":28,"column":40},"end":{"line":28,"column":45}},"loc":{"start":{"line":28,"column":78},"end":{"line":32,"column":1}}},"3":{"name":"(anonymous_3)","decl":{"start":{"line":34,"column":39},"end":{"line":34,"column":44}},"loc":{"start":{"line":34,"column":77},"end":{"line":40,"column":1}}},"4":{"name":"(anonymous_4)","decl":{"start":{"line":42,"column":39},"end":{"line":42,"column":44}},"loc":{"start":{"line":42,"column":77},"end":{"line":46,"column":1}}},"5":{"name":"(anonymous_5)","decl":{"start":{"line":48,"column":43},"end":{"line":48,"column":48}},"loc":{"start":{"line":48,"column":81},"end":{"line":59,"column":1}}}},"branchMap":{"0":{"loc":{"start":{"line":16,"column":26},"end":{"line":16,"column":36}},"type":"default-arg","locations":[{"start":{"line":16,"column":33},"end":{"line":16,"column":36}}]},"1":{"loc":{"start":{"line":16,"column":38},"end":{"line":16,"column":50}},"type":"default-arg","locations":[{"start":{"line":16,"column":46},"end":{"line":16,"column":50}}]}},"s":{"0":1,"1":1,"2":1,"3":1,"4":8,"5":8,"6":8,"7":4,"8":1,"9":11,"10":11,"11":11,"12":10,"13":1,"14":6,"15":6,"16":3,"17":1,"18":6,"19":6,"20":6,"21":5,"22":1,"23":5,"24":5,"25":2,"26":1,"27":6,"28":6,"29":5,"30":5,"31":5,"32":4,"33":4,"34":4},"f":{"0":8,"1":11,"2":6,"3":6,"4":5,"5":6},"b":{"0":[7],"1":[9]}}
,"/home/v2dent/Development/Projects/Expressjs/DootlingBackend/src/controllers/user.controller.ts": {"path":"/home/v2dent/Development/Projects/Expressjs/DootlingBackend/src/controllers/user.controller.ts","statementMap":{"0":{"start":{"line":2,"column":0},"end":{"line":2,"column":56}},"1":{"start":{"line":4,"column":26},"end":{"line":13,"column":1}},"2":{"start":{"line":5,"column":17},"end":{"line":5,"column":29}},"3":{"start":{"line":6,"column":2},"end":{"line":9,"column":3}},"4":{"start":{"line":7,"column":4},"end":{"line":7,"column":54}},"5":{"start":{"line":8,"column":4},"end":{"line":8,"column":11}},"6":{"start":{"line":11,"column":17},"end":{"line":11,"column":65}},"7":{"start":{"line":12,"column":2},"end":{"line":12,"column":31}},"8":{"start":{"line":4,"column":13},"end":{"line":4,"column":26}},"9":{"start":{"line":15,"column":29},"end":{"line":24,"column":1}},"10":{"start":{"line":16,"column":17},"end":{"line":16,"column":29}},"11":{"start":{"line":17,"column":2},"end":{"line":20,"column":3}},"12":{"start":{"line":18,"column":4},"end":{"line":18,"column":54}},"13":{"start":{"line":19,"column":4},"end":{"line":19,"column":11}},"14":{"start":{"line":22,"column":17},"end":{"line":22,"column":78}},"15":{"start":{"line":23,"column":2},"end":{"line":23,"column":31}},"16":{"start":{"line":15,"column":13},"end":{"line":15,"column":29}},"17":{"start":{"line":26,"column":34},"end":{"line":40,"column":1}},"18":{"start":{"line":27,"column":17},"end":{"line":27,"column":29}},"19":{"start":{"line":28,"column":2},"end":{"line":31,"column":3}},"20":{"start":{"line":29,"column":4},"end":{"line":29,"column":54}},"21":{"start":{"line":30,"column":4},"end":{"line":30,"column":11}},"22":{"start":{"line":33,"column":2},"end":{"line":36,"column":3}},"23":{"start":{"line":34,"column":4},"end":{"line":34,"column":58}},"24":{"start":{"line":35,"column":4},"end":{"line":35,"column":11}},"25":{"start":{"line":38,"column":17},"end":{"line":38,"column":79}},"26":{"start":{"line":39,"column":2},"end":{"line":39,"column":31}},"27":{"start":{"line":26,"column":13},"end":{"line":26,"column":34}}},"fnMap":{"0":{"name":"(anonymous_9)","decl":{"start":{"line":4,"column":26},"end":{"line":4,"column":31}},"loc":{"start":{"line":4,"column":64},"end":{"line":13,"column":1}}},"1":{"name":"(anonymous_10)","decl":{"start":{"line":15,"column":29},"end":{"line":15,"column":34}},"loc":{"start":{"line":15,"column":67},"end":{"line":24,"column":1}}},"2":{"name":"(anonymous_11)","decl":{"start":{"line":26,"column":34},"end":{"line":26,"column":39}},"loc":{"start":{"line":26,"column":72},"end":{"line":40,"column":1}}}},"branchMap":{"0":{"loc":{"start":{"line":6,"column":2},"end":{"line":9,"column":3}},"type":"if","locations":[{"start":{"line":6,"column":2},"end":{"line":9,"column":3}},{"start":{},"end":{}}]},"1":{"loc":{"start":{"line":17,"column":2},"end":{"line":20,"column":3}},"type":"if","locations":[{"start":{"line":17,"column":2},"end":{"line":20,"column":3}},{"start":{},"end":{}}]},"2":{"loc":{"start":{"line":28,"column":2},"end":{"line":31,"column":3}},"type":"if","locations":[{"start":{"line":28,"column":2},"end":{"line":31,"column":3}},{"start":{},"end":{}}]},"3":{"loc":{"start":{"line":33,"column":2},"end":{"line":36,"column":3}},"type":"if","locations":[{"start":{"line":33,"column":2},"end":{"line":36,"column":3}},{"start":{},"end":{}}]}},"s":{"0":1,"1":1,"2":3,"3":3,"4":1,"5":1,"6":2,"7":1,"8":1,"9":1,"10":4,"11":4,"12":1,"13":1,"14":3,"15":2,"16":1,"17":1,"18":5,"19":5,"20":1,"21":1,"22":4,"23":1,"24":1,"25":3,"26":2,"27":1},"f":{"0":3,"1":4,"2":5},"b":{"0":[1,2],"1":[1,3],"2":[1,4],"3":[1,3]}}
,"/home/v2dent/Development/Projects/Expressjs/DootlingBackend/src/services/auth.service.ts": {"path":"/home/v2dent/Development/Projects/Expressjs/DootlingBackend/src/services/auth.service.ts","statementMap":{"0":{"start":{"line":1,"column":0},"end":{"line":1,"column":35}},"1":{"start":{"line":2,"column":0},"end":{"line":2,"column":35}},"2":{"start":{"line":3,"column":0},"end":{"line":3,"column":36}},"3":{"start":{"line":4,"column":0},"end":{"line":4,"column":62}},"4":{"start":{"line":5,"column":0},"end":{"line":5,"column":87}},"5":{"start":{"line":7,"column":19},"end":{"line":7,"column":73}},"6":{"start":{"line":8,"column":27},"end":{"line":8,"column":89}},"7":{"start":{"line":9,"column":28},"end":{"line":9,"column":68}},"8":{"start":{"line":10,"column":29},"end":{"line":10,"column":69}},"9":{"start":{"line":12,"column":18},"end":{"line":16,"column":1}},"10":{"start":{"line":13,"column":17},"end":{"line":13,"column":27}},"11":{"start":{"line":14,"column":2},"end":{"line":14,"column":51}},"12":{"start":{"line":15,"column":2},"end":{"line":15,"column":16}},"13":{"start":{"line":18,"column":31},"end":{"line":22,"column":1}},"14":{"start":{"line":19,"column":24},"end":{"line":19,"column":72}},"15":{"start":{"line":20,"column":24},"end":{"line":20,"column":74}},"16":{"start":{"line":21,"column":2},"end":{"line":21,"column":61}},"17":{"start":{"line":24,"column":28},"end":{"line":26,"column":1}},"18":{"start":{"line":25,"column":2},"end":{"line":25,"column":101}},"19":{"start":{"line":28,"column":29},"end":{"line":30,"column":1}},"20":{"start":{"line":29,"column":2},"end":{"line":29,"column":110}},"21":{"start":{"line":32,"column":22},"end":{"line":35,"column":1}},"22":{"start":{"line":33,"column":21},"end":{"line":33,"column":49}},"23":{"start":{"line":34,"column":2},"end":{"line":34,"column":32}},"24":{"start":{"line":37,"column":25},"end":{"line":39,"column":1}},"25":{"start":{"line":38,"column":2},"end":{"line":38,"column":30}},"26":{"start":{"line":41,"column":24},"end":{"line":84,"column":1}},"27":{"start":{"line":43,"column":2},"end":{"line":43,"column":68}},"28":{"start":{"line":43,"column":31},"end":{"line":43,"column":68}},"29":{"start":{"line":44,"column":2},"end":{"line":44,"column":81}},"30":{"start":{"line":44,"column":39},"end":{"line":44,"column":81}},"31":{"start":{"line":45,"column":2},"end":{"line":45,"column":78}},"32":{"start":{"line":45,"column":37},"end":{"line":45,"column":78}},"33":{"start":{"line":46,"column":2},"end":{"line":46,"column":77}},"34":{"start":{"line":46,"column":37},"end":{"line":46,"column":77}},"35":{"start":{"line":49,"column":2},"end":{"line":49,"column":76}},"36":{"start":{"line":49,"column":36},"end":{"line":49,"column":76}},"37":{"start":{"line":52,"column":2},"end":{"line":52,"column":98}},"38":{"start":{"line":52,"column":35},"end":{"line":52,"column":98}},"39":{"start":{"line":55,"column":23},"end":{"line":55,"column":94}},"40":{"start":{"line":56,"column":2},"end":{"line":56,"column":64}},"41":{"start":{"line":56,"column":20},"end":{"line":56,"column":64}},"42":{"start":{"line":59,"column":19},"end":{"line":59,"column":66}},"43":{"start":{"line":61,"column":19},"end":{"line":61,"column":51}},"44":{"start":{"line":62,"column":27},"end":{"line":62,"column":49}},"45":{"start":{"line":63,"column":34},"end":{"line":63,"column":47}},"46":{"start":{"line":64,"column":25},"end":{"line":64,"column":56}},"47":{"start":{"line":66,"column":15},"end":{"line":80,"column":4}},"48":{"start":{"line":82,"column":2},"end":{"line":82,"column":83}},"49":{"start":{"line":83,"column":2},"end":{"line":83,"column":113}},"50":{"start":{"line":41,"column":13},"end":{"line":41,"column":24}},"51":{"start":{"line":86,"column":27},"end":{"line":108,"column":1}},"52":{"start":{"line":88,"column":2},"end":{"line":88,"column":68}},"53":{"start":{"line":88,"column":31},"end":{"line":88,"column":68}},"54":{"start":{"line":89,"column":2},"end":{"line":89,"column":78}},"55":{"start":{"line":89,"column":29},"end":{"line":89,"column":78}},"56":{"start":{"line":91,"column":15},"end":{"line":91,"column":86}},"57":{"start":{"line":92,"column":2},"end":{"line":92,"column":47}},"58":{"start":{"line":92,"column":13},"end":{"line":92,"column":47}},"59":{"start":{"line":93,"column":2},"end":{"line":93,"column":65}},"60":{"start":{"line":93,"column":23},"end":{"line":93,"column":65}},"61":{"start":{"line":94,"column":2},"end":{"line":94,"column":116}},"62":{"start":{"line":94,"column":71},"end":{"line":94,"column":116}},"63":{"start":{"line":95,"column":2},"end":{"line":95,"column":127}},"64":{"start":{"line":95,"column":82},"end":{"line":95,"column":127}},"65":{"start":{"line":97,"column":2},"end":{"line":100,"column":5}},"66":{"start":{"line":102,"column":22},"end":{"line":102,"column":50}},"67":{"start":{"line":103,"column":23},"end":{"line":103,"column":52}},"68":{"start":{"line":105,"column":2},"end":{"line":105,"column":79}},"69":{"start":{"line":107,"column":2},"end":{"line":107,"column":124}},"70":{"start":{"line":86,"column":13},"end":{"line":86,"column":27}},"71":{"start":{"line":110,"column":38},"end":{"line":128,"column":1}},"72":{"start":{"line":112,"column":2},"end":{"line":112,"column":68}},"73":{"start":{"line":112,"column":31},"end":{"line":112,"column":68}},"74":{"start":{"line":114,"column":15},"end":{"line":114,"column":86}},"75":{"start":{"line":115,"column":2},"end":{"line":115,"column":47}},"76":{"start":{"line":115,"column":13},"end":{"line":115,"column":47}},"77":{"start":{"line":116,"column":2},"end":{"line":116,"column":65}},"78":{"start":{"line":116,"column":23},"end":{"line":116,"column":65}},"79":{"start":{"line":118,"column":27},"end":{"line":118,"column":49}},"80":{"start":{"line":119,"column":34},"end":{"line":119,"column":47}},"81":{"start":{"line":121,"column":2},"end":{"line":124,"column":5}},"82":{"start":{"line":126,"column":2},"end":{"line":126,"column":74}},"83":{"start":{"line":127,"column":2},"end":{"line":127,"column":62}},"84":{"start":{"line":110,"column":13},"end":{"line":110,"column":38}},"85":{"start":{"line":130,"column":21},"end":{"line":149,"column":1}},"86":{"start":{"line":132,"column":2},"end":{"line":132,"column":68}},"87":{"start":{"line":132,"column":31},"end":{"line":132,"column":68}},"88":{"start":{"line":133,"column":2},"end":{"line":133,"column":77}},"89":{"start":{"line":133,"column":37},"end":{"line":133,"column":77}},"90":{"start":{"line":135,"column":15},"end":{"line":135,"column":86}},"91":{"start":{"line":136,"column":2},"end":{"line":136,"column":52}},"92":{"start":{"line":136,"column":13},"end":{"line":136,"column":52}},"93":{"start":{"line":138,"column":26},"end":{"line":138,"column":71}},"94":{"start":{"line":139,"column":2},"end":{"line":139,"column":63}},"95":{"start":{"line":139,"column":24},"end":{"line":139,"column":63}},"96":{"start":{"line":141,"column":2},"end":{"line":141,"column":74}},"97":{"start":{"line":141,"column":24},"end":{"line":141,"column":74}},"98":{"start":{"line":143,"column":22},"end":{"line":143,"column":50}},"99":{"start":{"line":144,"column":23},"end":{"line":144,"column":52}},"100":{"start":{"line":146,"column":2},"end":{"line":146,"column":103}},"101":{"start":{"line":148,"column":2},"end":{"line":148,"column":131}},"102":{"start":{"line":130,"column":13},"end":{"line":130,"column":21}},"103":{"start":{"line":151,"column":34},"end":{"line":163,"column":1}},"104":{"start":{"line":152,"column":2},"end":{"line":162,"column":3}},"105":{"start":{"line":153,"column":20},"end":{"line":153,"column":82}},"106":{"start":{"line":154,"column":17},"end":{"line":154,"column":76}},"107":{"start":{"line":156,"column":4},"end":{"line":156,"column":94}},"108":{"start":{"line":156,"column":53},"end":{"line":156,"column":94}},"109":{"start":{"line":158,"column":27},"end":{"line":158,"column":55}},"110":{"start":{"line":159,"column":4},"end":{"line":159,"column":43}},"111":{"start":{"line":161,"column":4},"end":{"line":161,"column":56}},"112":{"start":{"line":151,"column":13},"end":{"line":151,"column":34}},"113":{"start":{"line":165,"column":30},"end":{"line":182,"column":1}},"114":{"start":{"line":167,"column":2},"end":{"line":167,"column":68}},"115":{"start":{"line":167,"column":31},"end":{"line":167,"column":68}},"116":{"start":{"line":169,"column":15},"end":{"line":169,"column":86}},"117":{"start":{"line":170,"column":2},"end":{"line":170,"column":47}},"118":{"start":{"line":170,"column":13},"end":{"line":170,"column":47}},"119":{"start":{"line":172,"column":20},"end":{"line":172,"column":42}},"120":{"start":{"line":173,"column":31},"end":{"line":173,"column":44}},"121":{"start":{"line":175,"column":2},"end":{"line":178,"column":5}},"122":{"start":{"line":180,"column":2},"end":{"line":180,"column":68}},"123":{"start":{"line":181,"column":2},"end":{"line":181,"column":63}},"124":{"start":{"line":165,"column":13},"end":{"line":165,"column":30}},"125":{"start":{"line":184,"column":31},"end":{"line":195,"column":1}},"126":{"start":{"line":186,"column":2},"end":{"line":186,"column":68}},"127":{"start":{"line":186,"column":31},"end":{"line":186,"column":68}},"128":{"start":{"line":187,"column":2},"end":{"line":187,"column":71}},"129":{"start":{"line":187,"column":29},"end":{"line":187,"column":71}},"130":{"start":{"line":189,"column":15},"end":{"line":189,"column":86}},"131":{"start":{"line":190,"column":2},"end":{"line":190,"column":47}},"132":{"start":{"line":190,"column":13},"end":{"line":190,"column":47}},"133":{"start":{"line":191,"column":2},"end":{"line":191,"column":113}},"134":{"start":{"line":191,"column":75},"end":{"line":191,"column":113}},"135":{"start":{"line":192,"column":2},"end":{"line":192,"column":114}},"136":{"start":{"line":192,"column":76},"end":{"line":192,"column":114}},"137":{"start":{"line":194,"column":2},"end":{"line":194,"column":63}},"138":{"start":{"line":184,"column":13},"end":{"line":184,"column":31}},"139":{"start":{"line":197,"column":29},"end":{"line":219,"column":1}},"140":{"start":{"line":199,"column":2},"end":{"line":199,"column":68}},"141":{"start":{"line":199,"column":31},"end":{"line":199,"column":68}},"142":{"start":{"line":200,"column":2},"end":{"line":200,"column":71}},"143":{"start":{"line":200,"column":29},"end":{"line":200,"column":71}},"144":{"start":{"line":201,"column":2},"end":{"line":201,"column":87}},"145":{"start":{"line":201,"column":43},"end":{"line":201,"column":87}},"146":{"start":{"line":204,"column":2},"end":{"line":204,"column":101}},"147":{"start":{"line":204,"column":38},"end":{"line":204,"column":101}},"148":{"start":{"line":206,"column":15},"end":{"line":206,"column":86}},"149":{"start":{"line":207,"column":2},"end":{"line":207,"column":47}},"150":{"start":{"line":207,"column":13},"end":{"line":207,"column":47}},"151":{"start":{"line":208,"column":2},"end":{"line":208,"column":113}},"152":{"start":{"line":208,"column":75},"end":{"line":208,"column":113}},"153":{"start":{"line":209,"column":2},"end":{"line":209,"column":114}},"154":{"start":{"line":209,"column":76},"end":{"line":209,"column":114}},"155":{"start":{"line":211,"column":25},"end":{"line":211,"column":59}},"156":{"start":{"line":213,"column":2},"end":{"line":216,"column":5}},"157":{"start":{"line":218,"column":2},"end":{"line":218,"column":50}},"158":{"start":{"line":197,"column":13},"end":{"line":197,"column":29}},"159":{"start":{"line":221,"column":22},"end":{"line":224,"column":1}},"160":{"start":{"line":222,"column":2},"end":{"line":222,"column":84}},"161":{"start":{"line":223,"column":2},"end":{"line":223,"column":48}},"162":{"start":{"line":221,"column":13},"end":{"line":221,"column":22}},"163":{"start":{"line":226,"column":27},"end":{"line":244,"column":1}},"164":{"start":{"line":228,"column":2},"end":{"line":228,"column":77}},"165":{"start":{"line":228,"column":37},"end":{"line":228,"column":77}},"166":{"start":{"line":231,"column":2},"end":{"line":231,"column":98}},"167":{"start":{"line":231,"column":35},"end":{"line":231,"column":98}},"168":{"start":{"line":233,"column":15},"end":{"line":233,"column":70}},"169":{"start":{"line":234,"column":2},"end":{"line":234,"column":47}},"170":{"start":{"line":234,"column":13},"end":{"line":234,"column":47}},"171":{"start":{"line":236,"column":25},"end":{"line":236,"column":56}},"172":{"start":{"line":238,"column":2},"end":{"line":241,"column":5}},"173":{"start":{"line":243,"column":2},"end":{"line":243,"column":54}},"174":{"start":{"line":226,"column":13},"end":{"line":226,"column":27}}},"fnMap":{"0":{"name":"(anonymous_9)","decl":{"start":{"line":12,"column":18},"end":{"line":12,"column":19}},"loc":{"start":{"line":12,"column":44},"end":{"line":16,"column":1}}},"1":{"name":"(anonymous_10)","decl":{"start":{"line":18,"column":31},"end":{"line":18,"column":32}},"loc":{"start":{"line":18,"column":60},"end":{"line":22,"column":1}}},"2":{"name":"(anonymous_11)","decl":{"start":{"line":24,"column":28},"end":{"line":24,"column":29}},"loc":{"start":{"line":24,"column":55},"end":{"line":26,"column":1}}},"3":{"name":"(anonymous_12)","decl":{"start":{"line":28,"column":29},"end":{"line":28,"column":30}},"loc":{"start":{"line":28,"column":56},"end":{"line":30,"column":1}}},"4":{"name":"(anonymous_13)","decl":{"start":{"line":32,"column":22},"end":{"line":32,"column":23}},"loc":{"start":{"line":32,"column":49},"end":{"line":35,"column":1}}},"5":{"name":"(anonymous_14)","decl":{"start":{"line":37,"column":25},"end":{"line":37,"column":26}},"loc":{"start":{"line":37,"column":55},"end":{"line":39,"column":1}}},"6":{"name":"(anonymous_15)","decl":{"start":{"line":41,"column":24},"end":{"line":41,"column":29}},"loc":{"start":{"line":41,"column":177},"end":{"line":84,"column":1}}},"7":{"name":"(anonymous_16)","decl":{"start":{"line":86,"column":27},"end":{"line":86,"column":32}},"loc":{"start":{"line":86,"column":65},"end":{"line":108,"column":1}}},"8":{"name":"(anonymous_17)","decl":{"start":{"line":110,"column":38},"end":{"line":110,"column":43}},"loc":{"start":{"line":110,"column":62},"end":{"line":128,"column":1}}},"9":{"name":"(anonymous_18)","decl":{"start":{"line":130,"column":21},"end":{"line":130,"column":26}},"loc":{"start":{"line":130,"column":63},"end":{"line":149,"column":1}}},"10":{"name":"(anonymous_19)","decl":{"start":{"line":151,"column":34},"end":{"line":151,"column":39}},"loc":{"start":{"line":151,"column":65},"end":{"line":163,"column":1}}},"11":{"name":"(anonymous_20)","decl":{"start":{"line":165,"column":30},"end":{"line":165,"column":35}},"loc":{"start":{"line":165,"column":54},"end":{"line":182,"column":1}}},"12":{"name":"(anonymous_21)","decl":{"start":{"line":184,"column":31},"end":{"line":184,"column":36}},"loc":{"start":{"line":184,"column":69},"end":{"line":195,"column":1}}},"13":{"name":"(anonymous_22)","decl":{"start":{"line":197,"column":29},"end":{"line":197,"column":34}},"loc":{"start":{"line":197,"column":88},"end":{"line":219,"column":1}}},"14":{"name":"(anonymous_23)","decl":{"start":{"line":221,"column":22},"end":{"line":221,"column":27}},"loc":{"start":{"line":221,"column":47},"end":{"line":224,"column":1}}},"15":{"name":"(anonymous_24)","decl":{"start":{"line":226,"column":27},"end":{"line":226,"column":32}},"loc":{"start":{"line":226,"column":70},"end":{"line":244,"column":1}}}},"branchMap":{"0":{"loc":{"start":{"line":7,"column":19},"end":{"line":7,"column":73}},"type":"binary-expr","locations":[{"start":{"line":7,"column":19},"end":{"line":7,"column":41}},{"start":{"line":7,"column":45},"end":{"line":7,"column":73}}]},"1":{"loc":{"start":{"line":8,"column":27},"end":{"line":8,"column":89}},"type":"binary-expr","locations":[{"start":{"line":8,"column":27},"end":{"line":8,"column":57}},{"start":{"line":8,"column":61},"end":{"line":8,"column":89}}]},"2":{"loc":{"start":{"line":9,"column":28},"end":{"line":9,"column":68}},"type":"binary-expr","locations":[{"start":{"line":9,"column":28},"end":{"line":9,"column":59}},{"start":{"line":9,"column":63},"end":{"line":9,"column":68}}]},"3":{"loc":{"start":{"line":10,"column":29},"end":{"line":10,"column":69}},"type":"binary-expr","locations":[{"start":{"line":10,"column":29},"end":{"line":10,"column":61}},{"start":{"line":10,"column":65},"end":{"line":10,"column":69}}]},"4":{"loc":{"start":{"line":43,"column":2},"end":{"line":43,"column":68}},"type":"if","locations":[{"start":{"line":43,"column":2},"end":{"line":43,"column":68}},{"start":{},"end":{}}]},"5":{"loc":{"start":{"line":43,"column":6},"end":{"line":43,"column":29}},"type":"binary-expr","locations":[{"start":{"line":43,"column":6},"end":{"line":43,"column":12}},{"start":{"line":43,"column":16},"end":{"line":43,"column":29}}]},"6":{"loc":{"start":{"line":44,"column":2},"end":{"line":44,"column":81}},"type":"if","locations":[{"start":{"line":44,"column":2},"end":{"line":44,"column":81}},{"start":{},"end":{}}]},"7":{"loc":{"start":{"line":44,"column":6},"end":{"line":44,"column":37}},"type":"binary-expr","locations":[{"start":{"line":44,"column":6},"end":{"line":44,"column":16}},{"start":{"line":44,"column":20},"end":{"line":44,"column":37}}]},"8":{"loc":{"start":{"line":45,"column":2},"end":{"line":45,"column":78}},"type":"if","locations":[{"start":{"line":45,"column":2},"end":{"line":45,"column":78}},{"start":{},"end":{}}]},"9":{"loc":{"start":{"line":45,"column":6},"end":{"line":45,"column":35}},"type":"binary-expr","locations":[{"start":{"line":45,"column":6},"end":{"line":45,"column":15}},{"start":{"line":45,"column":19},"end":{"line":45,"column":35}}]},"10":{"loc":{"start":{"line":46,"column":2},"end":{"line":46,"column":77}},"type":"if","locations":[{"start":{"line":46,"column":2},"end":{"line":46,"column":77}},{"star
[...]
kend/src/services/unit.service.ts": {"path":"/home/v2dent/Development/Projects/Expressjs/DootlingBackend/src/services/unit.service.ts","statementMap":{"0":{"start":{"line":1,"column":0},"end":{"line":1,"column":35}},"1":{"start":{"line":20,"column":13},"end":{"line":92,"column":2}},"2":{"start":{"line":22,"column":4},"end":{"line":28,"column":7}},"3":{"start":{"line":32,"column":53},"end":{"line":32,"column":58}},"4":{"start":{"line":33,"column":17},"end":{"line":33,"column":35}},"5":{"start":{"line":35,"column":23},"end":{"line":35,"column":34}},"6":{"start":{"line":37,"column":4},"end":{"line":39,"column":5}},"7":{"start":{"line":38,"column":6},"end":{"line":38,"column":61}},"8":{"start":{"line":41,"column":4},"end":{"line":43,"column":5}},"9":{"start":{"line":42,"column":6},"end":{"line":42,"column":28}},"10":{"start":{"line":45,"column":27},"end":{"line":53,"column":6}},"11":{"start":{"line":55,"column":4},"end":{"line":63,"column":6}},"12":{"start":{"line":67,"column":4},"end":{"line":70,"column":7}},"13":{"start":{"line":74,"column":17},"end":{"line":74,"column":64}},"14":{"start":{"line":75,"column":4},"end":{"line":75,"column":49}},"15":{"start":{"line":75,"column":15},"end":{"line":75,"column":49}},"16":{"start":{"line":76,"column":4},"end":{"line":76,"column":16}},"17":{"start":{"line":80,"column":4},"end":{"line":86,"column":7}},"18":{"start":{"line":90,"column":4},"end":{"line":90,"column":49}}},"fnMap":{"0":{"name":"(anonymous_0)","decl":{"start":{"line":21,"column":2},"end":{"line":21,"column":7}},"loc":{"start":{"line":21,"column":57},"end":{"line":29,"column":3}}},"1":{"name":"(anonymous_1)","decl":{"start":{"line":31,"column":2},"end":{"line":31,"column":7}},"loc":{"start":{"line":31,"column":54},"end":{"line":64,"column":3}}},"2":{"name":"(anonymous_2)","decl":{"start":{"line":66,"column":2},"end":{"line":66,"column":7}},"loc":{"start":{"line":66,"column":35},"end":{"line":71,"column":3}}},"3":{"name":"(anonymous_3)","decl":{"start":{"line":73,"column":2},"end":{"line":73,"column":7}},"loc":{"start":{"line":73,"column":30},"end":{"line":77,"column":3}}},"4":{"name":"(anonymous_4)","decl":{"start":{"line":79,"column":2},"end":{"line":79,"column":7}},"loc":{"start":{"line":79,"column":52},"end":{"line":87,"column":3}}},"5":{"name":"(anonymous_5)","decl":{"start":{"line":89,"column":2},"end":{"line":89,"column":7}},"loc":{"start":{"line":89,"column":29},"end":{"line":91,"column":3}}}},"branchMap":{"0":{"loc":{"start":{"line":26,"column":16},"end":{"line":26,"column":39}},"type":"binary-expr","locations":[{"start":{"line":26,"column":16},"end":{"line":26,"column":27}},{"start":{"line":26,"column":31},"end":{"line":26,"column":39}}]},"1":{"loc":{"start":{"line":32,"column":28},"end":{"line":32,"column":36}},"type":"default-arg","locations":[{"start":{"line":32,"column":35},"end":{"line":32,"column":36}}]},"2":{"loc":{"start":{"line":32,"column":38},"end":{"line":32,"column":48}},"type":"default-arg","locations":[{"start":{"line":32,"column":46},"end":{"line":32,"column":48}}]},"3":{"loc":{"start":{"line":37,"column":4},"end":{"line":39,"column":5}},"type":"if","locations":[{"start":{"line":37,"column":4},"end":{"line":39,"column":5}},{"start":{},"end":{}}]},"4":{"loc":{"start":{"line":41,"column":4},"end":{"line":43,"column":5}},"type":"if","locations":[{"start":{"line":41,"column":4},"end":{"line":43,"column":5}},{"start":{},"end":{}}]},"5":{"loc":{"start":{"line":75,"column":4},"end":{"line":75,"column":49}},"type":"if","locations":[{"start":{"line":75,"column":4},"end":{"line":75,"column":49}},{"start":{},"end":{}}]},"6":{"loc":{"start":{"line":83,"column":12},"end":{"line":83,"column":44}},"type":"binary-expr","locations":[{"start":{"line":83,"column":12},"end":{"line":83,"column":21}},{"start":{"line":83,"column":25},"end":{"line":83,"column":44}}]},"7":{"loc":{"start":{"line":84,"column":12},"end":{"line":84,"column":50}},"type":"binary-expr","locations":[{"start":{"line":84,"column":12},"end":{"line":84,"column":23}},{"start":{"line":84,"column":27},"end":{"line":84,"column":50}}]}},"s":{"0":2,"1":2,"2":5,"3":11,"4":11,"5":11,"6":11,"7":5,"8":11,"9":4,"10":11,"11":11,"12":3,"13":3,"14":2,"15":1,"16":1,"17":8,"18":4},"f":{"0":5,"1":11,"2":3,"3":3,"4":8,"5":4},"b":{"0":[5,2],"1":[8],"2":[8],"3":[5,6],"4":[4,7],"5":[1,1],"6":[8,3],"7":[8,4]}}
,"/home/v2dent/Development/Projects/Expressjs/DootlingBackend/src/services/user.service.ts": {"path":"/home/v2dent/Development/Projects/Expressjs/DootlingBackend/src/services/user.service.ts","statementMap":{"0":{"start":{"line":1,"column":0},"end":{"line":1,"column":35}},"1":{"start":{"line":2,"column":0},"end":{"line":2,"column":57}},"2":{"start":{"line":18,"column":30},"end":{"line":54,"column":1}},"3":{"start":{"line":19,"column":15},"end":{"line":33,"column":4}},"4":{"start":{"line":35,"column":2},"end":{"line":35,"column":47}},"5":{"start":{"line":35,"column":13},"end":{"line":35,"column":47}},"6":{"start":{"line":37,"column":21},"end":{"line":39,"column":4}},"7":{"start":{"line":41,"column":2},"end":{"line":53,"column":4}},"8":{"start":{"line":18,"column":13},"end":{"line":18,"column":30}},"9":{"start":{"line":56,"column":33},"end":{"line":166,"column":1}},"10":{"start":{"line":57,"column":15},"end":{"line":57,"column":70}},"11":{"start":{"line":58,"column":2},"end":{"line":58,"column":47}},"12":{"start":{"line":58,"column":13},"end":{"line":58,"column":47}},"13":{"start":{"line":60,"column":26},"end":{"line":60,"column":28}},"14":{"start":{"line":62,"column":2},"end":{"line":65,"column":3}},"15":{"start":{"line":63,"column":4},"end":{"line":63,"column":78}},"16":{"start":{"line":63,"column":32},"end":{"line":63,"column":78}},"17":{"start":{"line":64,"column":4},"end":{"line":64,"column":49}},"18":{"start":{"line":67,"column":2},"end":{"line":70,"column":3}},"19":{"start":{"line":68,"column":4},"end":{"line":68,"column":76}},"20":{"start":{"line":68,"column":31},"end":{"line":68,"column":76}},"21":{"start":{"line":69,"column":4},"end":{"line":69,"column":47}},"22":{"start":{"line":72,"column":2},"end":{"line":74,"column":3}},"23":{"start":{"line":73,"column":4},"end":{"line":73,"column":49}},"24":{"start":{"line":76,"column":2},"end":{"line":80,"column":3}},"25":{"start":{"line":77,"column":22},"end":{"line":77,"column":60}},"26":{"start":{"line":78,"column":21},"end":{"line":78,"column":57}},"27":{"start":{"line":79,"column":4},"end":{"line":79,"column":60}},"28":{"start":{"line":82,"column":18},"end":{"line":95,"column":4}},"29":{"start":{"line":98,"column":23},"end":{"line":98,"column":25}},"30":{"start":{"line":100,"column":2},"end":{"line":102,"column":3}},"31":{"start":{"line":101,"column":4},"end":{"line":101,"column":56}},"32":{"start":{"line":104,"column":2},"end":{"line":106,"column":3}},"33":{"start":{"line":105,"column":4},"end":{"line":105,"column":33}},"34":{"start":{"line":108,"column":2},"end":{"line":110,"column":3}},"35":{"start":{"line":109,"column":4},"end":{"line":109,"column":111}},"36":{"start":{"line":112,"column":2},"end":{"line":114,"column":3}},"37":{"start":{"line":113,"column":4},"end":{"line":113,"column":63}},"38":{"start":{"line":116,"column":2},"end":{"line":118,"column":3}},"39":{"start":{"line":117,"column":4},"end":{"line":117,"column":76}},"40":{"start":{"line":120,"column":2},"end":{"line":122,"column":3}},"41":{"start":{"line":121,"column":4},"end":{"line":121,"column":147}},"42":{"start":{"line":124,"column":2},"end":{"line":126,"column":3}},"43":{"start":{"line":125,"column":4},"end":{"line":125,"column":57}},"44":{"start":{"line":128,"column":2},"end":{"line":130,"column":3}},"45":{"start":{"line":129,"column":4},"end":{"line":129,"column":64}},"46":{"start":{"line":132,"column":19},"end":{"line":132,"column":23}},"47":{"start":{"line":133,"column":2},"end":{"line":150,"column":3}},"48":{"start":{"line":134,"column":21},"end":{"line":134,"column":82}},"49":{"start":{"line":136,"column":4},"end":{"line":149,"column":5}},"50":{"start":{"line":137,"column":6},"end":{"line":140,"column":9}},"51":{"start":{"line":142,"column":6},"end":{"line":148,"column":9}},"52":{"start":{"line":152,"column":2},"end":{"line":165,"column":4}},"53":{"start":{"line":56,"column":13},"end":{"line":56,"column":33}},"54":{"start":{"line":168,"column":34},"end":{"line":184,"column":1}},"55":{"start":{"line":169,"column":15},"end":{"line":169,"column":70}},"56":{"start":{"line":170,"column":2},"end":{"line":170,"column":47}},"57":{"start":{"line":170,"column":13},"end":{"line":170,"column":47}},"58":{"start":{"line":172,"column":14},"end":{"line":172,"column":53}},"59":{"start":{"line":174,"column":18},"end":{"line":181,"column":4}},"60":{"start":{"line":183,"column":2},"end":{"line":183,"column":102}},"61":{"start":{"line":168,"column":13},"end":{"line":168,"column":34}}},"fnMap":{"0":{"name":"(anonymous_0)","decl":{"start":{"line":18,"column":30},"end":{"line":18,"column":35}},"loc":{"start":{"line":18,"column":55},"end":{"line":54,"column":1}}},"1":{"name":"(anonymous_1)","decl":{"start":{"line":56,"column":33},"end":{"line":56,"column":38}},"loc":{"start":{"line":56,"column":83},"end":{"line":166,"column":1}}},"2":{"name":"(anonymous_2)","decl":{"start":{"line":168,"column":34},"end":{"line":168,"column":39}},"loc":{"start":{"line":168,"column":86},"end":{"line":184,"column":1}}}},"branchMap":{"0":{"loc":{"start":{"line":35,"column":2},"end":{"line":35,"column":47}},"type":"if","locations":[{"start":{"line":35,"column":2},"end":{"line":35,"column":47}},{"start":{},"end":{}}]},"1":{"loc":{"start":{"line":44,"column":18},"end":{"line":44,"column":48}},"type":"binary-expr","locations":[{"start":{"line":44,"column":18},"end":{"line":44,"column":40}},{"start":{"line":44,"column":44},"end":{"line":44,"column":48}}]},"2":{"loc":{"start":{"line":45,"column":14},"end":{"line":45,"column":40}},"type":"binary-expr","locations":[{"start":{"line":45,"column":14},"end":{"line":45,"column":32}},{"start":{"line":45,"column":36},"end":{"line":45,"column":40}}]},"3":{"loc":{"start":{"line":46,"column":19},"end":{"line":46,"column":50}},"type":"binary-expr","locations":[{"start":{"line":46,"column":19},"end":{"line":46,"column":42}},{"start":{"line":46,"column":46},"end":{"line":46,"column":50}}]},"4":{"loc":{"start":{"line":47,"column":29},"end":{"line":47,"column":70}},"type":"binary-expr","locations":[{"start":{"line":47,"column":29},"end":{"line":47,"column":62}},{"start":{"line":47,"column":66},"end":{"line":47,"column":70}}]},"5":{"loc":{"start":{"line":48,"column":28},"end":{"line":48,"column":68}},"type":"binary-expr","locations":[{"start":{"line":48,"column":28},"end":{"line":48,"column":60}},{"start":{"line":48,"column":64},"end":{"line":48,"column":68}}]},"6":{"loc":{"start":{"line":49,"column":28},"end":{"line":49,"column":68}},"type":"binary-expr","locations":[{"start":{"line":49,"column":28},"end":{"line":49,"column":60}},{"start":{"line":49,"column":64},"end":{"line":49,"column":68}}]},"7":{"loc":{"start":{"line":50,"column":26},"end":{"line":50,"column":64}},"type":"binary-expr","locations":[{"start":{"line":50,"column":26},"end":{"line":50,"column":56}},{"start":{"line":50,"column":60},"end":{"line":50,"column":64}}]},"8":{"loc":{"start":{"line":51,"column":22},"end":{"line":51,"column":56}},"type":"binary-expr","locations":[{"start":{"line":51,"column":22},"end":{"line":51,"column":48}},{"start":{"line":51,"column":52},"end":{"line":51,"column":56}}]},"9":{"loc":{"start":{"line":58,"column":2},"end":{"line":58,"column":47}},"type":"if","locations":[{"start":{"line":58,"column":2},"end":{"line":58,"column":47}},{"start":{},"end":{}}]},"10":{"loc":{"start":{"line":62,"column":2},"end":{"line":65,"column":3}},"type":"if","locations":[{"start":{"line":62,"column":2},"end":{"line":65,"column":3}},{"start":{},"end":{}}]},"11":{"loc":{"start":{"line":63,"column":4},"end":{"line":63,"column":78}},"type":"if","locations":[{"start":{"line":63,"column":4},"end":{"line":63,"column":78}},{"start":{},"end":{}}]},"12":{"loc":{"start":{"line":67,"column":2},"end":{"line":70,"column":3}},"type":"if","locations":[{"start":{"line":67,"column":2},"end":{"line":70,"column":3}},{"start":{},"end":{}}]},"13":{"loc":{"start":{"line":68,"column":4},"end":{"line":68,"column":76}},"type":"if","locations":[{"start":{"line":68,"column":4},"end":{"line":68,"column":76}},{"start":{},"end":{}}]},"14":{"loc":{"start":{"line":72,"column":2},"end":{"line":74,"column":3}},"type":"if","locations":[{"start":{"line":72,"column":2},"end":{"line":74,"column":3}},{"start":{},"end":{}}]},"15":{"loc":{"start":{"line":73,"column":23},"end":{"line":73,"column":48}},"type":"binary-expr","locations":[{"start":{"line":73,"column":23},"end":{"line":73,"column":40}},{"start":{"line":73,"column":44},"end":{"line":73,"column":48}}]},"16":{"loc":{"start":{"line":76,"column":2},"end":{"line":80,"column":3}},"type":"if","locations":[{"start":{"line":76,"column":2},"end":{"line":80,"column":3}},{"start":{},"end":{}}]},"17":{"loc":{"start":{"line":76,"column":6},"end":{"line":76,"column":49}},"type":"binary-expr","locations":[{"start":{"line":76,"column":6},"end":{"line":76,"column":26}},{"start":{"line":76,"column":30},"end":{"line":76,"column":49}}]},"18":{"loc":{"start":{"line":77,"column":22},"end":{"line":77,"column":60}},"type":"binary-expr","locations":[{"start":{"line":77,"column":22},"end":{"line":77,"column":42}},{"start":{"line":77,"column":46},"end":{"line":77,"column":60}}]},"19":{"loc":{"start":{"line":78,"column":21},"end":{"line":78,"column":57}},"type":"binary-expr","locations":[{"start":{"line":78,"column":21},"end":{"line":78,"column":40}},{"start":{"line":78,"column":44},"end":{"line":78,"column":57}}]},"20":{"loc":{"start":{"line":100,"column":2},"end":{"line":102,"column":3}},"type":"if","locations":[{"start":{"line":100,"column":2},"end":{"line":102,"column":3}},{"start":{},"end":{}}]},"21":{"loc":{"start":{"line":101,"column":25},"end":{"line":101,"column":55}},"type":"binary-expr","locations":[{"start":{"line":101,"column":25},"end":{"line":101,"column":47}},{"start":{"line":101,"column":51},"end":{"line":101,"column":55}}]},"22":{"loc":{"start":{"line":104,"column":2},"end":{"line":106,"column":3}},"type":"if","locations":[{"start":{"line":104,"column":2},"end":{"line":106,"column":3}},{"start":{},"end":{}}]},"23":{"loc":{"start":{"line":108,"column":2},"end":{"line":110,"column":3}},"type":"if","locations":[{"start":{"line":108,"column":2},"end":{"line":110,"column":3}},{"start":{},"end":{}}]},"24":{"loc":{"start":{"line":109,"column":26},"end":{"line":109,"column":110}},"type":"cond-expr","locations":[{"start":{"line":109,"column":65},"end":{"line":109,"column":91}},{"start":{"line":109,"column":94},"end":{"line":109,"column":110}}]},"25":{"loc":{"start":{"line":112,"column":2},"end":{"line":114,"column":3}},"type":"if","locations":[{"start":{"line":112,"column":2},"end":{"line":114,"column":3}},{"start":{},"end":{}}]},"26":{"loc":{"start":{"line":116,"column":2},"end":{"line":118,"column":3}},"type":"if","locations":[{"start":{"line":116,"column":2},"end":{"line":118,"column":3}},{"start":{},"end":{}}]},"27":{"loc":{"start":{"line":117,"column":35},"end":{"line":117,"column":75}},"type":"binary-expr","locations":[{"start":{"line":117,"column":35},"end":{"line":117,"column":67}},{"start":{"line":117,"column":71},"end":{"line":117,"column":75}}]},"28":{"loc":{"start":{"line":120,"column":2},"end":{"line":122,"column":3}},"type":"if","locations":[{"start":{"line":120,"column":2},"end":{"line":122,"column":3}},{"start":{},"end":{}}]},"29":{"loc":{"start":{"line":121,"column":35},"end":{"line":121,"column":146}},"type":"cond-expr","locations":[{"start":{"line":121,"column":83},"end":{"line":121,"column":118}},{"start":{"line":121,"column":121},"end":{"line":121,"column":146}}]},"30":{"loc":{"start":{"line":124,"column":2},"end":{"line":126,"column":3}},"type":"if","locations":[{"start":{"line":124,"column":2},"end":{"line":126,"column":3}},{"start":{},"end":{}}]},"31":{"loc":{"start":{"line":128,"column":2},"end":{"line":130,"column":3}},"type":"if","locations":[{"start":{"line":128,"column":2},"end":{"line":130,"column":3}},{"start":{},"end":{}}]},"32":{"loc":{"start":{"line":129,"column":29},"end":{"line":129,"column":63}},"type":"binary-expr","locations":[{"start":{"line":129,"column":29},"end":{"line":129,"column":55}},{"start":{"line":129,"column":59},"end":{"line":129,"column":63}}]},"33":{"loc":{"start":{"line":133,"column":2},"end":{"line":150,"column":3}},"type":"if","locations":[{"start":{"line":133,"column":2},"end":{"line":150,"column":3}},{"start":{},"end":{}}]},"34":{"loc":{"start":{"line":136,"column":4},"end":{"line":149,"column":5}},"type":"if","locations":[{"start":{"line":136,"column":4},"end":{"line":149,"column":5}},{"start":{"line":141,"column":11},"end":{"line":149,"column":5}}]},"35":{"loc":{"start":{"line":156,"column":18},"end":{"line":156,"column":48}},"type":"binary-expr","locations":[{"start":{"line":156,"column":18},"end":{"line":156,"column":40}},{"start":{"line":156,"column":44},"end":{"line":156,"column":48}}]},"36":{"loc":{"start":{"line":157,"column":14},"end":{"line":157,"column":40}},"type":"binary-expr","locations":[{"start":{"line":157,"column":14},"end":{"line":157,"column":32}},{"start":{"line":157,"column":36},"end":{"line":157,"column":40}}]},"37":{"loc":{"start":{"line":158,"column":19},"end":{"line":158,"column":50}},"type":"binary-expr","locations":[{"start":{"line":158,"column":19},"end":{"line":158,"column":42}},{"start":{"line":158,"column":46},"end":{"line":158,"column":50}}]},"38":{"loc":{"start":{"line":159,"column":29},"end":{"line":159,"column":70}},"type":"binary-expr","locations":[{"start":{"line":159,"column":29},"end":{"line":159,"column":62}},{"start":{"line":159,"column":66},"end":{"line":159,"column":70}}]},"39":{"loc":{"start":{"line":160,"column":28},"end":{"line":160,"column":68}},"type":"binary-expr","locations":[{"start":{"line":160,"column":28},"end":{"line":160,"column":60}},{"start":{"line":160,"column":64},"end":{"line":160,"column":68}}]},"40":{"loc":{"start":{"line":161,"column":28},"end":{"line":161,"column":68}},"type":"binary-expr","locations":[{"start":{"line":161,"column":28},"end":{"line":161,"column":60}},{"start":{"line":161,"column":64},"end":{"line":161,"column":68}}]},"41":{"loc":{"start":{"line":162,"column":26},"end":{"line":162,"column":64}},"type":"binary-expr","locations":[{"start":{"line":162,"column":26},"end":{"line":162,"column":56}},{"start":{"line":162,"column":60},"end":{"line":162,"column":64}}]},"42":{"loc":{"start":{"line":163,"column":22},"end":{"line":163,"column":56}},"type":"binary-expr","locations":[{"start":{"line":163,"column":22},"end":{"line":163,"column":48}},{"start":{"line":163,"column":52},"end":{"line":163,"column":56}}]},"43":{"loc":{"start":{"line":170,"column":2},"end":{"line":170,"column":47}},"type":"if","locations":[{"start":{"line":170,"column":2},"end":{"line":170,"column":47}},{"start":{},"end":{}}]}},"s":{"0":2,"1":2,"2":2,"3":3,"4":3,"5":1,"6":2,"7":2,"8":2,"9":2,"10":15,"11":15,"12":1,"13":14,"14":14,"15":5,"16":2,"17":3,"18":12,"19":5,"20":2,"21":3,"22":10,"23":3,"24":10,"25":4,"26":4,"27":4,"28":10,"29":10,"30":10,"31":3,"32":10,"33":2,"34":10,"35":3,"36":10,"37":2,"38":10,"39":3,"40":10,"41":2,"42":10,"43":2,"44":10,"45":2,"46":10,"47":10,"48":5,"49":5,"50":1,"51":4,"52":10,"53":2,"54":2,"55":2,"56":2,"57":1,"58":1,"59":1,"60":1,"61":2},"f":{"0":3,"1":15,"2":2},"b":{"0":[1,2],"1":[2,1],"2":[2,1],"3":[2,1],"4":[2,1],"5":[2,1],"6":[2,1],"7":[2,1],"8":[2,1],"9":[1,14],"10":[5,9],"11":[2,3],"12":[5,7],"13":[2,3],"14":[3,7],"15":[3,1],"16":[4,6],"17":[10,7],"18":[4,1],"19":[4,1],"20":[3,7],"21":[3,1],"22":[2,8],"23":[3,7],"24":[2,1],"25":[2,8],"26":[3,7],"27":[3,1],"28":[2,8],"29":[1,1],"30":[2,8],"31":[2,8],"32":[2,1],"33":[5,5],"34":[1,4],"35":[10,7],"36":[10,7],"37":[10,6],"38":[10,8],"39":[10,8],"40":[10,8],"41":[10,8],"42":[10,9],"43":[1,1]}}
}
