{"/home/v2dent/Development/Projects/Expressjs/DootlingBackend/src/controllers/auth.controller.ts": {"path":"/home/v2dent/Development/Projects/Expressjs/DootlingBackend/src/controllers/auth.controller.ts","statementMap":{"0":{"start":{"line":2,"column":0},"end":{"line":2,"column":56}},"1":{"start":{"line":4,"column":24},"end":{"line":8,"column":1}},"2":{"start":{"line":5,"column":97},"end":{"line":5,"column":111}},"3":{"start":{"line":6,"column":17},"end":{"line":6,"column":127}},"4":{"start":{"line":7,"column":2},"end":{"line":7,"column":31}},"5":{"start":{"line":4,"column":13},"end":{"line":4,"column":24}},"6":{"start":{"line":10,"column":27},"end":{"line":14,"column":1}},"7":{"start":{"line":11,"column":26},"end":{"line":11,"column":40}},"8":{"start":{"line":12,"column":17},"end":{"line":12,"column":59}},"9":{"start":{"line":13,"column":2},"end":{"line":13,"column":31}},"10":{"start":{"line":10,"column":13},"end":{"line":10,"column":27}},"11":{"start":{"line":16,"column":38},"end":{"line":20,"column":1}},"12":{"start":{"line":17,"column":20},"end":{"line":17,"column":34}},"13":{"start":{"line":18,"column":17},"end":{"line":18,"column":64}},"14":{"start":{"line":19,"column":2},"end":{"line":19,"column":31}},"15":{"start":{"line":16,"column":13},"end":{"line":16,"column":38}},"16":{"start":{"line":22,"column":21},"end":{"line":26,"column":1}},"17":{"start":{"line":23,"column":30},"end":{"line":23,"column":44}},"18":{"start":{"line":24,"column":17},"end":{"line":24,"column":57}},"19":{"start":{"line":25,"column":2},"end":{"line":25,"column":31}},"20":{"start":{"line":22,"column":13},"end":{"line":22,"column":21}},"21":{"start":{"line":28,"column":28},"end":{"line":32,"column":1}},"22":{"start":{"line":29,"column":27},"end":{"line":29,"column":41}},"23":{"start":{"line":30,"column":17},"end":{"line":30,"column":67}},"24":{"start":{"line":31,"column":2},"end":{"line":31,"column":31}},"25":{"start":{"line":28,"column":13},"end":{"line":28,"column":28}},"26":{"start":{"line":34,"column":30},"end":{"line":38,"column":1}},"27":{"start":{"line":35,"column":20},"end":{"line":35,"column":34}},"28":{"start":{"line":36,"column":17},"end":{"line":36,"column":56}},"29":{"start":{"line":37,"column":2},"end":{"line":37,"column":31}},"30":{"start":{"line":34,"column":13},"end":{"line":34,"column":30}},"31":{"start":{"line":40,"column":31},"end":{"line":44,"column":1}},"32":{"start":{"line":41,"column":26},"end":{"line":41,"column":40}},"33":{"start":{"line":42,"column":17},"end":{"line":42,"column":63}},"34":{"start":{"line":43,"column":2},"end":{"line":43,"column":31}},"35":{"start":{"line":40,"column":13},"end":{"line":40,"column":31}},"36":{"start":{"line":46,"column":29},"end":{"line":50,"column":1}},"37":{"start":{"line":47,"column":39},"end":{"line":47,"column":53}},"38":{"start":{"line":48,"column":17},"end":{"line":48,"column":74}},"39":{"start":{"line":49,"column":2},"end":{"line":49,"column":31}},"40":{"start":{"line":46,"column":13},"end":{"line":46,"column":29}},"41":{"start":{"line":52,"column":22},"end":{"line":60,"column":1}},"42":{"start":{"line":53,"column":17},"end":{"line":53,"column":29}},"43":{"start":{"line":54,"column":2},"end":{"line":57,"column":3}},"44":{"start":{"line":55,"column":4},"end":{"line":55,"column":54}},"45":{"start":{"line":56,"column":4},"end":{"line":56,"column":11}},"46":{"start":{"line":58,"column":17},"end":{"line":58,"column":57}},"47":{"start":{"line":59,"column":2},"end":{"line":59,"column":31}},"48":{"start":{"line":52,"column":13},"end":{"line":52,"column":22}},"49":{"start":{"line":62,"column":27},"end":{"line":71,"column":1}},"50":{"start":{"line":63,"column":17},"end":{"line":63,"column":29}},"51":{"start":{"line":64,"column":2},"end":{"line":67,"column":3}},"52":{"start":{"line":65,"column":4},"end":{"line":65,"column":54}},"53":{"start":{"line":66,"column":4},"end":{"line":66,"column":11}},"54":{"start":{"line":68,"column":23},"end":{"line":68,"column":37}},"55":{"start":{"line":69,"column":17},"end":{"line":69,"column":72}},"56":{"start":{"line":70,"column":2},"end":{"line":70,"column":31}},"57":{"start":{"line":62,"column":13},"end":{"line":62,"column":27}}},"fnMap":{"0":{"name":"(anonymous_9)","decl":{"start":{"line":4,"column":24},"end":{"line":4,"column":29}},"loc":{"start":{"line":4,"column":62},"end":{"line":8,"column":1}}},"1":{"name":"(anonymous_10)","decl":{"start":{"line":10,"column":27},"end":{"line":10,"column":32}},"loc":{"start":{"line":10,"column":65},"end":{"line":14,"column":1}}},"2":{"name":"(anonymous_11)","decl":{"start":{"line":16,"column":38},"end":{"line":16,"column":43}},"loc":{"start":{"line":16,"column":76},"end":{"line":20,"column":1}}},"3":{"name":"(anonymous_12)","decl":{"start":{"line":22,"column":21},"end":{"line":22,"column":26}},"loc":{"start":{"line":22,"column":59},"end":{"line":26,"column":1}}},"4":{"name":"(anonymous_13)","decl":{"start":{"line":28,"column":28},"end":{"line":28,"column":33}},"loc":{"start":{"line":28,"column":66},"end":{"line":32,"column":1}}},"5":{"name":"(anonymous_14)","decl":{"start":{"line":34,"column":30},"end":{"line":34,"column":35}},"loc":{"start":{"line":34,"column":68},"end":{"line":38,"column":1}}},"6":{"name":"(anonymous_15)","decl":{"start":{"line":40,"column":31},"end":{"line":40,"column":36}},"loc":{"start":{"line":40,"column":69},"end":{"line":44,"column":1}}},"7":{"name":"(anonymous_16)","decl":{"start":{"line":46,"column":29},"end":{"line":46,"column":34}},"loc":{"start":{"line":46,"column":67},"end":{"line":50,"column":1}}},"8":{"name":"(anonymous_17)","decl":{"start":{"line":52,"column":22},"end":{"line":52,"column":27}},"loc":{"start":{"line":52,"column":60},"end":{"line":60,"column":1}}},"9":{"name":"(anonymous_18)","decl":{"start":{"line":62,"column":27},"end":{"line":62,"column":32}},"loc":{"start":{"line":62,"column":65},"end":{"line":71,"column":1}}}},"branchMap":{"0":{"loc":{"start":{"line":5,"column":97},"end":{"line":5,"column":111}},"type":"binary-expr","locations":[{"start":{"line":5,"column":97},"end":{"line":5,"column":105}},{"start":{"line":5,"column":109},"end":{"line":5,"column":111}}]},"1":{"loc":{"start":{"line":11,"column":26},"end":{"line":11,"column":40}},"type":"binary-expr","locations":[{"start":{"line":11,"column":26},"end":{"line":11,"column":34}},{"start":{"line":11,"column":38},"end":{"line":11,"column":40}}]},"2":{"loc":{"start":{"line":17,"column":20},"end":{"line":17,"column":34}},"type":"binary-expr","locations":[{"start":{"line":17,"column":20},"end":{"line":17,"column":28}},{"start":{"line":17,"column":32},"end":{"line":17,"column":34}}]},"3":{"loc":{"start":{"line":23,"column":30},"end":{"line":23,"column":44}},"type":"binary-expr","locations":[{"start":{"line":23,"column":30},"end":{"line":23,"column":38}},{"start":{"line":23,"column":42},"end":{"line":23,"column":44}}]},"4":{"loc":{"start":{"line":29,"column":27},"end":{"line":29,"column":41}},"type":"binary-expr","locations":[{"start":{"line":29,"column":27},"end":{"line":29,"column":35}},{"start":{"line":29,"column":39},"end":{"line":29,"column":41}}]},"5":{"loc":{"start":{"line":35,"column":20},"end":{"line":35,"column":34}},"type":"binary-expr","locations":[{"start":{"line":35,"column":20},"end":{"line":35,"column":28}},{"start":{"line":35,"column":32},"end":{"line":35,"column":34}}]},"6":{"loc":{"start":{"line":41,"column":26},"end":{"line":41,"column":40}},"type":"binary-expr","locations":[{"start":{"line":41,"column":26},"end":{"line":41,"column":34}},{"start":{"line":41,"column":38},"end":{"line":41,"column":40}}]},"7":{"loc":{"start":{"line":47,"column":39},"end":{"line":47,"column":53}},"type":"binary-expr","locations":[{"start":{"line":47,"column":39},"end":{"line":47,"column":47}},{"start":{"line":47,"column":51},"end":{"line":47,"column":53}}]},"8":{"loc":{"start":{"line":54,"column":2},"end":{"line":57,"column":3}},"type":"if","locations":[{"start":{"line":54,"column":2},"end":{"line":57,"column":3}},{"start":{},"end":{}}]},"9":{"loc":{"start":{"line":64,"column":2},"end":{"line":67,"column":3}},"type":"if","locations":[{"start":{"line":64,"column":2},"end":{"line":67,"column":3}},{"start":{},"end":{}}]},"10":{"loc":{"start":{"line":68,"column":23},"end":{"line":68,"column":37}},"type":"binary-expr","locations":[{"start":{"line":68,"column":23},"end":{"line":68,"column":31}},{"start":{"line":68,"column":35},"end":{"line":68,"column":37}}]}},"s":{"0":0,"1":0,"2":0,"3":0,"4":0,"5":0,"6":0,"7":0,"8":0,"9":0,"10":0,"11":0,"12":0,"13":0,"14":0,"15":0,"16":0,"17":0,"18":0,"19":0,"20":0,"21":0,"22":0,"23":0,"24":0,"25":0,"26":0,"27":0,"28":0,"29":0,"30":0,"31":0,"32":0,"33":0,"34":0,"35":0,"36":0,"37":0,"38":0,"39":0,"40":0,"41":0,"42":0,"43":0,"44":0,"45":0,"46":0,"47":0,"48":0,"49":0,"50":0,"51":0,"52":0,"53":0,"54":0,"55":0,"56":0,"57":0},"f":{"0":0,"1":0,"2":0,"3":0,"4":0,"5":0,"6":0,"7":0,"8":0,"9":0},"b":{"0":[0,0],"1":[0,0],"2":[0,0],"3":[0,0],"4":[0,0],"5":[0,0],"6":[0,0],"7":[0,0],"8":[0,0],"9":[0,0],"10":[0,0]}}
,"/home/v2dent/Development/Projects/Expressjs/DootlingBackend/src/controllers/brand.controller.ts": {"path":"/home/v2dent/Development/Projects/Expressjs/DootlingBackend/src/controllers/brand.controller.ts","statementMap":{"0":{"start":{"line":2,"column":0},"end":{"line":2,"column":55}},"1":{"start":{"line":3,"column":0},"end":{"line":3,"column":51}},"2":{"start":{"line":4,"column":0},"end":{"line":4,"column":55}},"3":{"start":{"line":5,"column":0},"end":{"line":5,"column":34}},"4":{"start":{"line":7,"column":13},"end":{"line":19,"column":3}},"5":{"start":{"line":8,"column":32},"end":{"line":8,"column":40}},"6":{"start":{"line":9,"column":18},"end":{"line":9,"column":46}},"7":{"start":{"line":10,"column":15},"end":{"line":10,"column":23}},"8":{"start":{"line":13,"column":2},"end":{"line":15,"column":3}},"9":{"start":{"line":14,"column":4},"end":{"line":14,"column":55}},"10":{"start":{"line":17,"column":16},"end":{"line":17,"column":88}},"11":{"start":{"line":18,"column":2},"end":{"line":18,"column":55}},"12":{"start":{"line":21,"column":13},"end":{"line":32,"column":3}},"13":{"start":{"line":22,"column":18},"end":{"line":22,"column":46}},"14":{"start":{"line":23,"column":47},"end":{"line":23,"column":56}},"15":{"start":{"line":25,"column":17},"end":{"line":29,"column":4}},"16":{"start":{"line":31,"column":2},"end":{"line":31,"column":56}},"17":{"start":{"line":34,"column":13},"end":{"line":38,"column":3}},"18":{"start":{"line":35,"column":13},"end":{"line":35,"column":36}},"19":{"start":{"line":36,"column":16},"end":{"line":36,"column":51}},"20":{"start":{"line":37,"column":2},"end":{"line":37,"column":55}},"21":{"start":{"line":40,"column":13},"end":{"line":52,"column":3}},"22":{"start":{"line":41,"column":13},"end":{"line":41,"column":36}},"23":{"start":{"line":42,"column":32},"end":{"line":42,"column":40}},"24":{"start":{"line":43,"column":15},"end":{"line":43,"column":23}},"25":{"start":{"line":46,"column":2},"end":{"line":48,"column":3}},"26":{"start":{"line":47,"column":4},"end":{"line":47,"column":55}},"27":{"start":{"line":50,"column":16},"end":{"line":50,"column":83}},"28":{"start":{"line":51,"column":2},"end":{"line":51,"column":55}},"29":{"start":{"line":54,"column":13},"end":{"line":58,"column":3}},"30":{"start":{"line":55,"column":13},"end":{"line":55,"column":36}},"31":{"start":{"line":56,"column":2},"end":{"line":56,"column":37}},"32":{"start":{"line":57,"column":2},"end":{"line":57,"column":81}},"33":{"start":{"line":60,"column":13},"end":{"line":71,"column":3}},"34":{"start":{"line":61,"column":18},"end":{"line":61,"column":46}},"35":{"start":{"line":62,"column":17},"end":{"line":62,"column":57}},"36":{"start":{"line":64,"column":17},"end":{"line":64,"column":71}},"37":{"start":{"line":65,"column":17},"end":{"line":65,"column":39}},"38":{"start":{"line":66,"column":14},"end":{"line":66,"column":34}},"39":{"start":{"line":68,"column":2},"end":{"line":68,"column":41}},"40":{"start":{"line":69,"column":2},"end":{"line":69,"column":31}},"41":{"start":{"line":70,"column":2},"end":{"line":70,"column":16}}},"fnMap":{"0":{"name":"(anonymous_0)","decl":{"start":{"line":7,"column":40},"end":{"line":7,"column":45}},"loc":{"start":{"line":7,"column":78},"end":{"line":19,"column":1}}},"1":{"name":"(anonymous_1)","decl":{"start":{"line":21,"column":38},"end":{"line":21,"column":43}},"loc":{"start":{"line":21,"column":76},"end":{"line":32,"column":1}}},"2":{"name":"(anonymous_2)","decl":{"start":{"line":34,"column":41},"end":{"line":34,"column":46}},"loc":{"start":{"line":34,"column":79},"end":{"line":38,"column":1}}},"3":{"name":"(anonymous_3)","decl":{"start":{"line":40,"column":40},"end":{"line":40,"column":45}},"loc":{"start":{"line":40,"column":78},"end":{"line":52,"column":1}}},"4":{"name":"(anonymous_4)","decl":{"start":{"line":54,"column":40},"end":{"line":54,"column":45}},"loc":{"start":{"line":54,"column":78},"end":{"line":58,"column":1}}},"5":{"name":"(anonymous_5)","decl":{"start":{"line":60,"column":44},"end":{"line":60,"column":49}},"loc":{"start":{"line":60,"column":82},"end":{"line":71,"column":1}}}},"branchMap":{"0":{"loc":{"start":{"line":13,"column":2},"end":{"line":15,"column":3}},"type":"if","locations":[{"start":{"line":13,"column":2},"end":{"line":15,"column":3}},{"start":{},"end":{}}]},"1":{"loc":{"start":{"line":23,"column":18},"end":{"line":23,"column":28}},"type":"default-arg","locations":[{"start":{"line":23,"column":25},"end":{"line":23,"column":28}}]},"2":{"loc":{"start":{"line":23,"column":30},"end":{"line":23,"column":42}},"type":"default-arg","locations":[{"start":{"line":23,"column":38},"end":{"line":23,"column":42}}]},"3":{"loc":{"start":{"line":46,"column":2},"end":{"line":48,"column":3}},"type":"if","locations":[{"start":{"line":46,"column":2},"end":{"line":48,"column":3}},{"start":{},"end":{}}]}},"s":{"0":0,"1":0,"2":0,"3":0,"4":0,"5":0,"6":0,"7":0,"8":0,"9":0,"10":0,"11":0,"12":0,"13":0,"14":0,"15":0,"16":0,"17":0,"18":0,"19":0,"20":0,"21":0,"22":0,"23":0,"24":0,"25":0,"26":0,"27":0,"28":0,"29":0,"30":0,"31":0,"32":0,"33":0,"34":0,"35":0,"36":0,"37":0,"38":0,"39":0,"40":0,"41":0},"f":{"0":0,"1":0,"2":0,"3":0,"4":0,"5":0},"b":{"0":[0,0],"1":[0],"2":[0],"3":[0,0]}}
,"/home/v2dent/Development/Projects/Expressjs/DootlingBackend/src/controllers/category.controller.ts": {"path":"/home/v2dent/Development/Projects/Expressjs/DootlingBackend/src/controllers/category.controller.ts","statementMap":{"0":{"start":{"line":2,"column":0},"end":{"line":2,"column":62}},"1":{"start":{"line":5,"column":29},"end":{"line":15,"column":1}},"2":{"start":{"line":6,"column":18},"end":{"line":6,"column":36}},"3":{"start":{"line":7,"column":2},"end":{"line":9,"column":3}},"4":{"start":{"line":8,"column":4},"end":{"line":8,"column":69}},"5":{"start":{"line":10,"column":13},"end":{"line":10,"column":34}},"6":{"start":{"line":11,"column":2},"end":{"line":13,"column":3}},"7":{"start":{"line":12,"column":4},"end":{"line":12,"column":48}},"8":{"start":{"line":14,"column":2},"end":{"line":14,"column":12}},"9":{"start":{"line":17,"column":56},"end":{"line":40,"column":1}},"10":{"start":{"line":21,"column":2},"end":{"line":39,"column":3}},"11":{"start":{"line":22,"column":20},"end":{"line":22,"column":45}},"12":{"start":{"line":23,"column":47},"end":{"line":23,"column":55}},"13":{"start":{"line":25,"column":24},"end":{"line":27,"column":null}},"14":{"start":{"line":30,"column":4},"end":{"line":33,"column":7}},"15":{"start":{"line":35,"column":4},"end":{"line":38,"column":7}},"16":{"start":{"line":17,"column":13},"end":{"line":17,"column":56}},"17":{"start":{"line":42,"column":56},"end":{"line":72,"column":1}},"18":{"start":{"line":46,"column":2},"end":{"line":71,"column":3}},"19":{"start":{"line":47,"column":20},"end":{"line":47,"column":45}},"20":{"start":{"line":48,"column":23},"end":{"line":48,"column":58}},"21":{"start":{"line":49,"column":45},"end":{"line":49,"column":53}},"22":{"start":{"line":51,"column":4},"end":{"line":54,"column":5}},"23":{"start":{"line":52,"column":6},"end":{"line":52,"column":76}},"24":{"start":{"line":53,"column":6},"end":{"line":53,"column":13}},"25":{"start":{"line":56,"column":28},"end":{"line":59,"column":null}},"26":{"start":{"line":62,"column":4},"end":{"line":65,"column":7}},"27":{"start":{"line":67,"column":4},"end":{"line":70,"column":7}},"28":{"start":{"line":42,"column":13},"end":{"line":42,"column":56}},"29":{"start":{"line":74,"column":56},"end":{"line":106,"column":1}},"30":{"start":{"line":78,"column":2},"end":{"line":105,"column":3}},"31":{"start":{"line":79,"column":20},"end":{"line":79,"column":45}},"32":{"start":{"line":80,"column":17},"end":{"line":80,"column":60}},"33":{"start":{"line":81,"column":21},"end":{"line":81,"column":69}},"34":{"start":{"line":82,"column":25},"end":{"line":82,"column":69}},"35":{"start":{"line":84,"column":20},"end":{"line":86,"column":6}},"36":{"start":{"line":88,"column":19},"end":{"line":92,"column":null}},"37":{"start":{"line":95,"column":4},"end":{"line":99,"column":7}},"38":{"start":{"line":101,"column":4},"end":{"line":104,"column":7}},"39":{"start":{"line":74,"column":13},"end":{"line":74,"column":56}},"40":{"start":{"line":108,"column":56},"end":{"line":133,"column":1}},"41":{"start":{"line":112,"column":2},"end":{"line":132,"column":3}},"42":{"start":{"line":113,"column":20},"end":{"line":113,"column":45}},"43":{"start":{"line":114,"column":23},"end":{"line":114,"column":58}},"44":{"start":{"line":116,"column":4},"end":{"line":119,"column":5}},"45":{"start":{"line":117,"column":6},"end":{"line":117,"column":76}},"46":{"start":{"line":118,"column":6},"end":{"line":118,"column":13}},"47":{"start":{"line":121,"column":4},"end":{"line":121,"column":62}},"48":{"start":{"line":123,"column":4},"end":{"line":126,"column":7}},"49":{"start":{"line":128,"column":4},"end":{"line":131,"column":7}},"50":{"start":{"line":108,"column":13},"end":{"line":108,"column":56}}},"fnMap":{"0":{"name":"(anonymous_9)","decl":{"start":{"line":5,"column":29},"end":{"line":5,"column":30}},"loc":{"start":{"line":5,"column":54},"end":{"line":15,"column":1}}},"1":{"name":"(anonymous_10)","decl":{"start":{"line":17,"column":56},"end":{"line":17,"column":61}},"loc":{"start":{"line":20,"column":19},"end":{"line":40,"column":1}}},"2":{"name":"(anonymous_11)","decl":{"start":{"line":42,"column":56},"end":{"line":42,"column":61}},"loc":{"start":{"line":45,"column":19},"end":{"line":72,"column":1}}},"3":{"name":"(anonymous_12)","decl":{"start":{"line":74,"column":56},"end":{"line":74,"column":61}},"loc":{"start":{"line":77,"column":19},"end":{"line":106,"column":1}}},"4":{"name":"(anonymous_13)","decl":{"start":{"line":108,"column":56},"end":{"line":108,"column":61}},"loc":{"start":{"line":111,"column":19},"end":{"line":133,"column":1}}}},"branchMap":{"0":{"loc":{"start":{"line":7,"column":2},"end":{"line":9,"column":3}},"type":"if","locations":[{"start":{"line":7,"column":2},"end":{"line":9,"column":3}},{"start":{},"end":{}}]},"1":{"loc":{"start":{"line":11,"column":2},"end":{"line":13,"column":3}},"type":"if","locations":[{"start":{"line":11,"column":2},"end":{"line":13,"column":3}},{"start":{},"end":{}}]},"2":{"loc":{"start":{"line":51,"column":4},"end":{"line":54,"column":5}},"type":"if","locations":[{"start":{"line":51,"column":4},"end":{"line":54,"column":5}},{"start":{},"end":{}}]},"3":{"loc":{"start":{"line":80,"column":17},"end":{"line":80,"column":60}},"type":"binary-expr","locations":[{"start":{"line":80,"column":17},"end":{"line":80,"column":55}},{"start":{"line":80,"column":59},"end":{"line":80,"column":60}}]},"4":{"loc":{"start":{"line":81,"column":21},"end":{"line":81,"column":69}},"type":"binary-expr","locations":[{"start":{"line":81,"column":21},"end":{"line":81,"column":63}},{"start":{"line":81,"column":67},"end":{"line":81,"column":69}}]},"5":{"loc":{"start":{"line":116,"column":4},"end":{"line":119,"column":5}},"type":"if","locations":[{"start":{"line":116,"column":4},"end":{"line":119,"column":5}},{"start":{},"end":{}}]}},"s":{"0":0,"1":0,"2":0,"3":0,"4":0,"5":0,"6":0,"7":0,"8":0,"9":0,"10":0,"11":0,"12":0,"13":0,"14":0,"15":0,"16":0,"17":0,"18":0,"19":0,"20":0,"21":0,"22":0,"23":0,"24":0,"25":0,"26":0,"27":0,"28":0,"29":0,"30":0,"31":0,"32":0,"33":0,"34":0,"35":0,"36":0,"37":0,"38":0,"39":0,"40":0,"41":0,"42":0,"43":0,"44":0,"45":0,"46":0,"47":0,"48":0,"49":0,"50":0},"f":{"0":0,"1":0,"2":0,"3":0,"4":0},"b":{"0":[0,0],"1":[0,0],"2":[0,0],"3":[0,0],"4":[0,0],"5":[0,0]}}
,"/home/v2dent/Development/Projects/Expressjs/DootlingBackend/src/controllers/customer.controller.ts": {"path":"/home/v2dent/Development/Projects/Expressjs/DootlingBackend/src/controllers/customer.controller.ts","statementMap":{"0":{"start":{"line":2,"column":0},"end":{"line":2,"column":61}},"1":{"start":{"line":3,"column":0},"end":{"line":3,"column":51}},"2":{"start":{"line":4,"column":0},"end":{"line":4,"column":34}},"3":{"start":{"line":6,"column":13},"end":{"line":10,"column":3}},"4":{"start":{"line":7,"column":18},"end":{"line":7,"column":46}},"5":{"start":{"line":8,"column":19},"end":{"line":8,"column":74}},"6":{"start":{"line":9,"column":2},"end":{"line":9,"column":58}},"7":{"start":{"line":12,"column":13},"end":{"line":24,"column":3}},"8":{"start":{"line":13,"column":18},"end":{"line":13,"column":46}},"9":{"start":{"line":14,"column":64},"end":{"line":14,"column":73}},"10":{"start":{"line":16,"column":20},"end":{"line":21,"column":4}},"11":{"start":{"line":23,"column":2},"end":{"line":23,"column":59}},"12":{"start":{"line":26,"column":13},"end":{"line":30,"column":3}},"13":{"start":{"line":27,"column":13},"end":{"line":27,"column":36}},"14":{"start":{"line":28,"column":19},"end":{"line":28,"column":60}},"15":{"start":{"line":29,"column":2},"end":{"line":29,"column":58}},"16":{"start":{"line":32,"column":13},"end":{"line":36,"column":3}},"17":{"start":{"line":33,"column":13},"end":{"line":33,"column":36}},"18":{"start":{"line":34,"column":19},"end":{"line":34,"column":69}},"19":{"start":{"line":35,"column":2},"end":{"line":35,"column":58}},"20":{"start":{"line":38,"column":13},"end":{"line":42,"column":3}},"21":{"start":{"line":39,"column":13},"end":{"line":39,"column":36}},"22":{"start":{"line":40,"column":2},"end":{"line":40,"column":43}},"23":{"start":{"line":41,"column":2},"end":{"line":41,"column":84}},"24":{"start":{"line":44,"column":13},"end":{"line":48,"column":3}},"25":{"start":{"line":45,"column":18},"end":{"line":45,"column":46}},"26":{"start":{"line":46,"column":16},"end":{"line":46,"column":63}},"27":{"start":{"line":47,"column":2},"end":{"line":47,"column":55}},"28":{"start":{"line":50,"column":13},"end":{"line":72,"column":3}},"29":{"start":{"line":51,"column":18},"end":{"line":51,"column":46}},"30":{"start":{"line":52,"column":20},"end":{"line":52,"column":66}},"31":{"start":{"line":54,"column":17},"end":{"line":65,"column":4}},"32":{"start":{"line":66,"column":17},"end":{"line":66,"column":39}},"33":{"start":{"line":67,"column":14},"end":{"line":67,"column":37}},"34":{"start":{"line":69,"column":2},"end":{"line":69,"column":41}},"35":{"start":{"line":70,"column":2},"end":{"line":70,"column":34}},"36":{"start":{"line":71,"column":2},"end":{"line":71,"column":16}}},"fnMap":{"0":{"name":"(anonymous_0)","decl":{"start":{"line":6,"column":43},"end":{"line":6,"column":48}},"loc":{"start":{"line":6,"column":81},"end":{"line":10,"column":1}}},"1":{"name":"(anonymous_1)","decl":{"start":{"line":12,"column":41},"end":{"line":12,"column":46}},"loc":{"start":{"line":12,"column":79},"end":{"line":24,"column":1}}},"2":{"name":"(anonymous_2)","decl":{"start":{"line":26,"column":44},"end":{"line":26,"column":49}},"loc":{"start":{"line":26,"column":82},"end":{"line":30,"column":1}}},"3":{"name":"(anonymous_3)","decl":{"start":{"line":32,"column":43},"end":{"line":32,"column":48}},"loc":{"start":{"line":32,"column":81},"end":{"line":36,"column":1}}},"4":{"name":"(anonymous_4)","decl":{"start":{"line":38,"column":43},"end":{"line":38,"column":48}},"loc":{"start":{"line":38,"column":81},"end":{"line":42,"column":1}}},"5":{"name":"(anonymous_5)","decl":{"start":{"line":44,"column":45},"end":{"line":44,"column":50}},"loc":{"start":{"line":44,"column":83},"end":{"line":48,"column":1}}},"6":{"name":"(anonymous_6)","decl":{"start":{"line":50,"column":47},"end":{"line":50,"column":52}},"loc":{"start":{"line":50,"column":85},"end":{"line":72,"column":1}}}},"branchMap":{"0":{"loc":{"start":{"line":14,"column":35},"end":{"line":14,"column":45}},"type":"default-arg","locations":[{"start":{"line":14,"column":42},"end":{"line":14,"column":45}}]},"1":{"loc":{"start":{"line":14,"column":47},"end":{"line":14,"column":59}},"type":"default-arg","locations":[{"start":{"line":14,"column":55},"end":{"line":14,"column":59}}]},"2":{"loc":{"start":{"line":18,"column":21},"end":{"line":18,"column":86}},"type":"cond-expr","locations":[{"start":{"line":18,"column":39},"end":{"line":18,"column":74}},{"start":{"line":18,"column":77},"end":{"line":18,"column":86}}]}},"s":{"0":0,"1":0,"2":0,"3":0,"4":0,"5":0,"6":0,"7":0,"8":0,"9":0,"10":0,"11":0,"12":0,"13":0,"14":0,"15":0,"16":0,"17":0,"18":0,"19":0,"20":0,"21":0,"22":0,"23":0,"24":0,"25":0,"26":0,"27":0,"28":0,"29":0,"30":0,"31":0,"32":0,"33":0,"34":0,"35":0,"36":0},"f":{"0":0,"1":0,"2":0,"3":0,"4":0,"5":0,"6":0},"b":{"0":[0],"1":[0],"2":[0,0]}}
,"/home/v2dent/Development/Projects/Expressjs/DootlingBackend/src/controllers/customerAuth.controller.ts": {"path":"/home/v2dent/Development/Projects/Expressjs/DootlingBackend/src/controllers/customerAuth.controller.ts","statementMap":{"0":{"start":{"line":2,"column":0},"end":{"line":2,"column":65}},"1":{"start":{"line":4,"column":24},"end":{"line":9,"column":1}},"2":{"start":{"line":5,"column":18},"end":{"line":5,"column":41}},"3":{"start":{"line":6,"column":51},"end":{"line":6,"column":65}},"4":{"start":{"line":7,"column":17},"end":{"line":7,"column":99}},"5":{"start":{"line":8,"column":2},"end":{"line":8,"column":31}},"6":{"start":{"line":4,"column":13},"end":{"line":4,"column":24}},"7":{"start":{"line":11,"column":27},"end":{"line":16,"column":1}},"8":{"start":{"line":12,"column":18},"end":{"line":12,"column":41}},"9":{"start":{"line":13,"column":26},"end":{"line":13,"column":40}},"10":{"start":{"line":14,"column":17},"end":{"line":14,"column":77}},"11":{"start":{"line":15,"column":2},"end":{"line":15,"column":31}},"12":{"start":{"line":11,"column":13},"end":{"line":11,"column":27}},"13":{"start":{"line":18,"column":38},"end":{"line":23,"column":1}},"14":{"start":{"line":19,"column":18},"end":{"line":19,"column":41}},"15":{"start":{"line":20,"column":20},"end":{"line":20,"column":34}},"16":{"start":{"line":21,"column":17},"end":{"line":21,"column":82}},"17":{"start":{"line":22,"column":2},"end":{"line":22,"column":31}},"18":{"start":{"line":18,"column":13},"end":{"line":18,"column":38}},"19":{"start":{"line":25,"column":21},"end":{"line":30,"column":1}},"20":{"start":{"line":26,"column":18},"end":{"line":26,"column":41}},"21":{"start":{"line":27,"column":30},"end":{"line":27,"column":44}},"22":{"start":{"line":28,"column":17},"end":{"line":28,"column":75}},"23":{"start":{"line":29,"column":2},"end":{"line":29,"column":31}},"24":{"start":{"line":25,"column":13},"end":{"line":25,"column":21}},"25":{"start":{"line":32,"column":28},"end":{"line":36,"column":1}},"26":{"start":{"line":33,"column":27},"end":{"line":33,"column":41}},"27":{"start":{"line":34,"column":17},"end":{"line":34,"column":68}},"28":{"start":{"line":35,"column":2},"end":{"line":35,"column":31}},"29":{"start":{"line":32,"column":13},"end":{"line":32,"column":28}},"30":{"start":{"line":38,"column":30},"end":{"line":43,"column":1}},"31":{"start":{"line":39,"column":18},"end":{"line":39,"column":41}},"32":{"start":{"line":40,"column":20},"end":{"line":40,"column":34}},"33":{"start":{"line":41,"column":17},"end":{"line":41,"column":74}},"34":{"start":{"line":42,"column":2},"end":{"line":42,"column":31}},"35":{"start":{"line":38,"column":13},"end":{"line":38,"column":30}},"36":{"start":{"line":45,"column":31},"end":{"line":50,"column":1}},"37":{"start":{"line":46,"column":18},"end":{"line":46,"column":41}},"38":{"start":{"line":47,"column":26},"end":{"line":47,"column":40}},"39":{"start":{"line":48,"column":17},"end":{"line":48,"column":81}},"40":{"start":{"line":49,"column":2},"end":{"line":49,"column":31}},"41":{"start":{"line":45,"column":13},"end":{"line":45,"column":31}},"42":{"start":{"line":52,"column":29},"end":{"line":57,"column":1}},"43":{"start":{"line":53,"column":18},"end":{"line":53,"column":41}},"44":{"start":{"line":54,"column":39},"end":{"line":54,"column":53}},"45":{"start":{"line":55,"column":17},"end":{"line":55,"column":92}},"46":{"start":{"line":56,"column":2},"end":{"line":56,"column":31}},"47":{"start":{"line":52,"column":13},"end":{"line":52,"column":29}},"48":{"start":{"line":59,"column":22},"end":{"line":67,"column":1}},"49":{"start":{"line":60,"column":22},"end":{"line":60,"column":56}},"50":{"start":{"line":61,"column":2},"end":{"line":64,"column":3}},"51":{"start":{"line":62,"column":4},"end":{"line":62,"column":54}},"52":{"start":{"line":63,"column":4},"end":{"line":63,"column":11}},"53":{"start":{"line":65,"column":17},"end":{"line":65,"column":62}},"54":{"start":{"line":66,"column":2},"end":{"line":66,"column":31}},"55":{"start":{"line":59,"column":13},"end":{"line":59,"column":22}},"56":{"start":{"line":69,"column":29},"end":{"line":78,"column":1}},"57":{"start":{"line":70,"column":18},"end":{"line":70,"column":41}},"58":{"start":{"line":71,"column":22},"end":{"line":71,"column":56}},"59":{"start":{"line":72,"column":2},"end":{"line":75,"column":3}},"60":{"start":{"line":73,"column":4},"end":{"line":73,"column":54}},"61":{"start":{"line":74,"column":4},"end":{"line":74,"column":11}},"62":{"start":{"line":76,"column":17},"end":{"line":76,"column":102}},"63":{"start":{"line":77,"column":2},"end":{"line":77,"column":31}},"64":{"start":{"line":69,"column":13},"end":{"line":69,"column":29}}},"fnMap":{"0":{"name":"(anonymous_9)","decl":{"start":{"line":4,"column":24},"end":{"line":4,"column":29}},"loc":{"start":{"line":4,"column":62},"end":{"line":9,"column":1}}},"1":{"name":"(anonymous_10)","decl":{"start":{"line":11,"column":27},"end":{"line":11,"column":32}},"loc":{"start":{"line":11,"column":65},"end":{"line":16,"column":1}}},"2":{"name":"(anonymous_11)","decl":{"start":{"line":18,"column":38},"end":{"line":18,"column":43}},"loc":{"start":{"line":18,"column":76},"end":{"line":23,"column":1}}},"3":{"name":"(anonymous_12)","decl":{"start":{"line":25,"column":21},"end":{"line":25,"column":26}},"loc":{"start":{"line":25,"column":59},"end":{"line":30,"column":1}}},"4":{"name":"(anonymous_13)","decl":{"start":{"line":32,"column":28},"end":{"line":32,"column":33}},"loc":{"start":{"line":32,"column":66},"end":{"line":36,"column":1}}},"5":{"name":"(anonymous_14)","decl":{"start":{"line":38,"column":30},"end":{"line":38,"column":35}},"loc":{"start":{"line":38,"column":68},"end":{"line":43,"column":1}}},"6":{"name":"(anonymous_15)","decl":{"start":{"line":45,"column":31},"end":{"line":45,"column":36}},"loc":{"start":{"line":45,"column":69},"end":{"line":50,"column":1}}},"7":{"name":"(anonymous_16)","decl":{"start":{"line":52,"column":29},"end":{"line":52,"column":34}},"loc":{"start":{"line":52,"column":67},"end":{"line":57,"column":1}}},"8":{"name":"(anonymous_17)","decl":{"start":{"line":59,"column":22},"end":{"line":59,"column":27}},"loc":{"start":{"line":59,"column":60},"end":{"line":67,"column":1}}},"9":{"name":"(anonymous_18)","decl":{"start":{"line":69,"column":29},"end":{"line":69,"column":34}},"loc":{"start":{"line":69,"column":67},"end":{"line":78,"column":1}}}},"branchMap":{"0":{"loc":{"start":{"line":6,"column":51},"end":{"line":6,"column":65}},"type":"binary-expr","locations":[{"start":{"line":6,"column":51},"end":{"line":6,"column":59}},{"start":{"line":6,"column":63},"end":{"line":6,"column":65}}]},"1":{"loc":{"start":{"line":13,"column":26},"end":{"line":13,"column":40}},"type":"binary-expr","locations":[{"start":{"line":13,"column":26},"end":{"line":13,"column":34}},{"start":{"line":13,"column":38},"end":{"line":13,"column":40}}]},"2":{"loc":{"start":{"line":20,"column":20},"end":{"line":20,"column":34}},"type":"binary-expr","locations":[{"start":{"line":20,"column":20},"end":{"line":20,"column":28}},{"start":{"line":20,"column":32},"end":{"line":20,"column":34}}]},"3":{"loc":{"start":{"line":27,"column":30},"end":{"line":27,"column":44}},"type":"binary-expr","locations":[{"start":{"line":27,"column":30},"end":{"line":27,"column":38}},{"start":{"line":27,"column":42},"end":{"line":27,"column":44}}]},"4":{"loc":{"start":{"line":33,"column":27},"end":{"line":33,"column":41}},"type":"binary-expr","locations":[{"start":{"line":33,"column":27},"end":{"line":33,"column":35}},{"start":{"line":33,"column":39},"end":{"line":33,"column":41}}]},"5":{"loc":{"start":{"line":40,"column":20},"end":{"line":40,"column":34}},"type":"binary-expr","locations":[{"start":{"line":40,"column":20},"end":{"line":40,"column":28}},{"start":{"line":40,"column":32},"end":{"line":40,"column":34}}]},"6":{"loc":{"start":{"line":47,"column":26},"end":{"line":47,"column":40}},"type":"binary-expr","locations":[{"start":{"line":47,"column":26},"end":{"line":47,"column":34}},{"start":{"line":47,"column":38},"end":{"line":47,"column":40}}]},"7":{"loc":{"start":{"line":54,"column":39},"end":{"line":54,"column":53}},"type":"binary-expr","locations":[{"start":{"line":54,"column":39},"end":{"line":54,"column":47}},{"start":{"line":54,"column":51},"end":{"line":54,"column":53}}]},"8":{"loc":{"start":{"line":61,"column":2},"end":{"line":64,"column":3}},"type":"if","locations":[{"start":{"line":61,"column":2},"end":{"line":64,"column":3}},{"start":{},"end":{}}]},"9":{"loc":{"start":{"line":72,"column":2},"end":{"line":75,"column":3}},"type":"if","locations":[{"start":{"line":72,"column":2},"end":{"line":75,"column":3}},{"start":{},"end":{}}]},"10":{"loc":{"start":{"line":76,"column":87},"end":{"line":76,"column":101}},"type":"binary-expr","locations":[{"start":{"line":76,"column":87},"end":{"line":76,"column":95}},{"start":{"line":76,"column":99},"end":{"line":76,"column":101}}]}},"s":{"0":1,"1":1,"2":1,"3":1,"4":1,"5":1,"6":1,"7":1,"8":1,"9":1,"10":1,"11":1,"12":1,"13":1,"14":1,"15":1,"16":1,"17":1,"18":1,"19":1,"20":1,"21":1,"22":1,"23":1,"24":1,"25":1,"26":1,"27":1,"28":1,"29":1,"30":1,"31":1,"32":1,"33":1,"34":1,"35":1,"36":1,"37":1,"38":1,"39":1,"40":1,"41":1,"42":1,"43":1,"44":1,"45":1,"46":1,"47":1,"48":1,"49":2,"50":2,"51":1,"52":1,"53":1,"54":1,"55":1,"56":1,"57":2,"58":2,"59":2,"60":1,"61":1,"62":1,"63":1,"64":1},"f":{"0":1,"1":1,"2":1,"3":1,"4":1,"5":1,"6":1,"7":1,"8":2,"9":2},"b":{"0":[1,0],"1":[1,0],"2":[1,0],"3":[1,0],"4":[1,0],"5":[1,0],"6":[1,0],"7":[1,0],"8":[1,1],"9":[1,1],"10":[1,0]}}
,"/home/v2dent/Development/Projects/Expressjs/DootlingBackend/src/controllers/customerGroup.controller.ts": {"path":"/home/v2dent/Development/Projects/Expressjs/DootlingBackend/src/controllers/customerGroup.controller.ts","statementMap":{"0":{"start":{"line":2,"column":0},"end":{"line":2,"column":71}},"1":{"start":{"line":3,"column":0},"end":{"line":3,"column":51}},"2":{"start":{"line":4,"column":0},"end":{"line":4,"column":34}},"3":{"start":{"line":6,"column":13},"end":{"line":12,"column":3}},"4":{"start":{"line":7,"column":32},"end":{"line":7,"column":40}},"5":{"start":{"line":8,"column":18},"end":{"line":8,"column":46}},"6":{"start":{"line":10,"column":24},"end":{"line":10,"column":102}},"7":{"start":{"line":11,"column":2},"end":{"line":11,"column":63}},"8":{"start":{"line":14,"column":13},"end":{"line":25,"column":3}},"9":{"start":{"line":15,"column":18},"end":{"line":15,"column":46}},"10":{"start":{"line":16,"column":47},"end":{"line":16,"column":56}},"11":{"start":{"line":18,"column":25},"end":{"line":22,"column":4}},"12":{"start":{"line":24,"column":2},"end":{"line":24,"column":64}},"13":{"start":{"line":27,"column":13},"end":{"line":31,"column":3}},"14":{"start":{"line":28,"column":13},"end":{"line":28,"column":36}},"15":{"start":{"line":29,"column":24},"end":{"line":29,"column":75}},"16":{"start":{"line":30,"column":2},"end":{"line":30,"column":63}},"17":{"start":{"line":33,"column":13},"end":{"line":39,"column":3}},"18":{"start":{"line":34,"column":13},"end":{"line":34,"column":36}},"19":{"start":{"line":35,"column":32},"end":{"line":35,"column":40}},"20":{"start":{"line":37,"column":24},"end":{"line":37,"column":97}},"21":{"start":{"line":38,"column":2},"end":{"line":38,"column":63}},"22":{"start":{"line":41,"column":13},"end":{"line":45,"column":3}},"23":{"start":{"line":42,"column":13},"end":{"line":42,"column":36}},"24":{"start":{"line":43,"column":2},"end":{"line":43,"column":53}},"25":{"start":{"line":44,"column":2},"end":{"line":44,"column":90}},"26":{"start":{"line":47,"column":13},"end":{"line":58,"column":3}},"27":{"start":{"line":48,"column":18},"end":{"line":48,"column":46}},"28":{"start":{"line":49,"column":25},"end":{"line":49,"column":81}},"29":{"start":{"line":51,"column":17},"end":{"line":51,"column":79}},"30":{"start":{"line":52,"column":17},"end":{"line":52,"column":39}},"31":{"start":{"line":53,"column":14},"end":{"line":53,"column":42}},"32":{"start":{"line":55,"column":2},"end":{"line":55,"column":41}},"33":{"start":{"line":56,"column":2},"end":{"line":56,"column":40}},"34":{"start":{"line":57,"column":2},"end":{"line":57,"column":16}}},"fnMap":{"0":{"name":"(anonymous_0)","decl":{"start":{"line":6,"column":48},"end":{"line":6,"column":53}},"loc":{"start":{"line":6,"column":86},"end":{"line":12,"column":1}}},"1":{"name":"(anonymous_1)","decl":{"start":{"line":14,"column":46},"end":{"line":14,"column":51}},"loc":{"start":{"line":14,"column":84},"end":{"line":25,"column":1}}},"2":{"name":"(anonymous_2)","decl":{"start":{"line":27,"column":49},"end":{"line":27,"column":54}},"loc":{"start":{"line":27,"column":87},"end":{"line":31,"column":1}}},"3":{"name":"(anonymous_3)","decl":{"start":{"line":33,"column":48},"end":{"line":33,"column":53}},"loc":{"start":{"line":33,"column":86},"end":{"line":39,"column":1}}},"4":{"name":"(anonymous_4)","decl":{"start":{"line":41,"column":48},"end":{"line":41,"column":53}},"loc":{"start":{"line":41,"column":86},"end":{"line":45,"column":1}}},"5":{"name":"(anonymous_5)","decl":{"start":{"line":47,"column":52},"end":{"line":47,"column":57}},"loc":{"start":{"line":47,"column":90},"end":{"line":58,"column":1}}}},"branchMap":{"0":{"loc":{"start":{"line":16,"column":18},"end":{"line":16,"column":28}},"type":"default-arg","locations":[{"start":{"line":16,"column":25},"end":{"line":16,"column":28}}]},"1":{"loc":{"start":{"line":16,"column":30},"end":{"line":16,"column":42}},"type":"default-arg","locations":[{"start":{"line":16,"column":38},"end":{"line":16,"column":42}}]}},"s":{"0":0,"1":0,"2":0,"3":0,"4":0,"5":0,"6":0,"7":0,"8":0,"9":0,"10":0,"11":0,"12":0,"13":0,"14":0,"15":0,"16":0,"17":0,"18":0,"19":0,"20":0,"21":0,"22":0,"23":0,"24":0,"25":0,"26":0,"27":0,"28":0,"29":0,"30":0,"31":0,"32":0,"33":0,"34":0},"f":{"0":0,"1":0,"2":0,"3":0,"4":0,"5":0},"b":{"0":[0],"1":[0]}}
,"/home/v2dent/Development/Projects/Expressjs/DootlingBackend/src/controllers/kyc.controller.ts": {"path":"/home/v2dent/Development/Projects/Expressjs/DootlingBackend/src/controllers/kyc.controller.ts","statementMap":{"0":{"start":{"line":2,"column":0},"end":{"line":2,"column":54}},"1":{"start":{"line":4,"column":30},"end":{"line":13,"column":1}},"2":{"start":{"line":5,"column":17},"end":{"line":5,"column":29}},"3":{"start":{"line":6,"column":2},"end":{"line":9,"column":3}},"4":{"start":{"line":7,"column":4},"end":{"line":7,"column":54}},"5":{"start":{"line":8,"column":4},"end":{"line":8,"column":11}},"6":{"start":{"line":11,"column":17},"end":{"line":11,"column":64}},"7":{"start":{"line":12,"column":2},"end":{"line":12,"column":31}},"8":{"start":{"line":4,"column":13},"end":{"line":4,"column":30}},"9":{"start":{"line":15,"column":33},"end":{"line":24,"column":1}},"10":{"start":{"line":16,"column":17},"end":{"line":16,"column":29}},"11":{"start":{"line":17,"column":2},"end":{"line":20,"column":3}},"12":{"start":{"line":18,"column":4},"end":{"line":18,"column":54}},"13":{"start":{"line":19,"column":4},"end":{"line":19,"column":11}},"14":{"start":{"line":22,"column":17},"end":{"line":22,"column":83}},"15":{"start":{"line":23,"column":2},"end":{"line":23,"column":31}},"16":{"start":{"line":15,"column":13},"end":{"line":15,"column":33}},"17":{"start":{"line":26,"column":30},"end":{"line":35,"column":1}},"18":{"start":{"line":27,"column":17},"end":{"line":27,"column":29}},"19":{"start":{"line":28,"column":2},"end":{"line":31,"column":3}},"20":{"start":{"line":29,"column":4},"end":{"line":29,"column":54}},"21":{"start":{"line":30,"column":4},"end":{"line":30,"column":11}},"22":{"start":{"line":33,"column":17},"end":{"line":33,"column":64}},"23":{"start":{"line":34,"column":2},"end":{"line":34,"column":31}},"24":{"start":{"line":26,"column":13},"end":{"line":26,"column":30}},"25":{"start":{"line":37,"column":33},"end":{"line":46,"column":1}},"26":{"start":{"line":38,"column":17},"end":{"line":38,"column":29}},"27":{"start":{"line":39,"column":2},"end":{"line":42,"column":3}},"28":{"start":{"line":40,"column":4},"end":{"line":40,"column":54}},"29":{"start":{"line":41,"column":4},"end":{"line":41,"column":11}},"30":{"start":{"line":44,"column":17},"end":{"line":44,"column":83}},"31":{"start":{"line":45,"column":2},"end":{"line":45,"column":31}},"32":{"start":{"line":37,"column":13},"end":{"line":37,"column":33}},"33":{"start":{"line":48,"column":28},"end":{"line":57,"column":1}},"34":{"start":{"line":49,"column":17},"end":{"line":49,"column":29}},"35":{"start":{"line":50,"column":2},"end":{"line":53,"column":3}},"36":{"start":{"line":51,"column":4},"end":{"line":51,"column":54}},"37":{"start":{"line":52,"column":4},"end":{"line":52,"column":11}},"38":{"start":{"line":55,"column":17},"end":{"line":55,"column":66}},"39":{"start":{"line":56,"column":2},"end":{"line":56,"column":31}},"40":{"start":{"line":48,"column":13},"end":{"line":48,"column":28}},"41":{"start":{"line":59,"column":29},"end":{"line":69,"column":1}},"42":{"start":{"line":60,"column":17},"end":{"line":60,"column":29}},"43":{"start":{"line":61,"column":2},"end":{"line":64,"column":3}},"44":{"start":{"line":62,"column":4},"end":{"line":62,"column":54}},"45":{"start":{"line":63,"column":4},"end":{"line":63,"column":11}},"46":{"start":{"line":66,"column":24},"end":{"line":66,"column":38}},"47":{"start":{"line":67,"column":17},"end":{"line":67,"column":83}},"48":{"start":{"line":68,"column":2},"end":{"line":68,"column":31}},"49":{"start":{"line":59,"column":13},"end":{"line":59,"column":29}},"50":{"start":{"line":71,"column":31},"end":{"line":86,"column":1}},"51":{"start":{"line":72,"column":17},"end":{"line":72,"column":29}},"52":{"start":{"line":73,"column":2},"end":{"line":76,"column":3}},"53":{"start":{"line":74,"column":4},"end":{"line":74,"column":54}},"54":{"start":{"line":75,"column":4},"end":{"line":75,"column":11}},"55":{"start":{"line":78,"column":16},"end":{"line":78,"column":75}},"56":{"start":{"line":79,"column":2},"end":{"line":82,"column":3}},"57":{"start":{"line":80,"column":4},"end":{"line":80,"column":59}},"58":{"start":{"line":81,"column":4},"end":{"line":81,"column":11}},"59":{"start":{"line":84,"column":17},"end":{"line":84,"column":75}},"60":{"start":{"line":85,"column":2},"end":{"line":85,"column":31}},"61":{"start":{"line":71,"column":13},"end":{"line":71,"column":31}},"62":{"start":{"line":88,"column":25},"end":{"line":97,"column":1}},"63":{"start":{"line":89,"column":17},"end":{"line":89,"column":29}},"64":{"start":{"line":90,"column":2},"end":{"line":93,"column":3}},"65":{"start":{"line":91,"column":4},"end":{"line":91,"column":54}},"66":{"start":{"line":92,"column":4},"end":{"line":92,"column":11}},"67":{"start":{"line":95,"column":17},"end":{"line":95,"column":59}},"68":{"start":{"line":96,"column":2},"end":{"line":96,"column":31}},"69":{"start":{"line":88,"column":13},"end":{"line":88,"column":25}},"70":{"start":{"line":99,"column":23},"end":{"line":108,"column":1}},"71":{"start":{"line":100,"column":17},"end":{"line":100,"column":29}},"72":{"start":{"line":101,"column":2},"end":{"line":104,"column":3}},"73":{"start":{"line":102,"column":4},"end":{"line":102,"column":54}},"74":{"start":{"line":103,"column":4},"end":{"line":103,"column":11}},"75":{"start":{"line":106,"column":17},"end":{"line":106,"column":58}},"76":{"start":{"line":107,"column":2},"end":{"line":107,"column":31}},"77":{"start":{"line":99,"column":13},"end":{"line":99,"column":23}},"78":{"start":{"line":110,"column":24},"end":{"line":120,"column":1}},"79":{"start":{"line":111,"column":17},"end":{"line":111,"column":29}},"80":{"start":{"line":112,"column":2},"end":{"line":115,"column":3}},"81":{"start":{"line":113,"column":4},"end":{"line":113,"column":54}},"82":{"start":{"line":114,"column":4},"end":{"line":114,"column":11}},"83":{"start":{"line":117,"column":19},"end":{"line":117,"column":33}},"84":{"start":{"line":118,"column":17},"end":{"line":118,"column":70}},"85":{"start":{"line":119,"column":2},"end":{"line":119,"column":31}},"86":{"start":{"line":110,"column":13},"end":{"line":110,"column":24}}},"fnMap":{"0":{"name":"(anonymous_9)","decl":{"start":{"line":4,"column":30},"end":{"line":4,"column":35}},"loc":{"start":{"line":4,"column":68},"end":{"line":13,"column":1}}},"1":{"name":"(anonymous_10)","decl":{"start":{"line":15,"column":33},"end":{"line":15,"column":38}},"loc":{"start":{"line":15,"column":71},"end":{"line":24,"column":1}}},"2":{"name":"(anonymous_11)","decl":{"start":{"line":26,"column":30},"end":{"line":26,"column":35}},"loc":{"start":{"line":26,"column":68},"end":{"line":35,"column":1}}},"3":{"name":"(anonymous_12)","decl":{"start":{"line":37,"column":33},"end":{"line":37,"column":38}},"loc":{"start":{"line":37,"column":71},"end":{"line":46,"column":1}}},"4":{"name":"(anonymous_13)","decl":{"start":{"line":48,"column":28},"end":{"line":48,"column":33}},"loc":{"start":{"line":48,"column":66},"end":{"line":57,"column":1}}},"5":{"name":"(anonymous_14)","decl":{"start":{"line":59,"column":29},"end":{"line":59,"column":34}},"loc":{"start":{"line":59,"column":67},"end":{"line":69,"column":1}}},"6":{"name":"(anonymous_15)","decl":{"start":{"line":71,"column":31},"end":{"line":71,"column":36}},"loc":{"start":{"line":71,"column":69},"end":{"line":86,"column":1}}},"7":{"name":"(anonymous_16)","decl":{"start":{"line":88,"column":25},"end":{"line":88,"column":30}},"loc":{"start":{"line":88,"column":63},"end":{"line":97,"column":1}}},"8":{"name":"(anonymous_17)","decl":{"start":{"line":99,"column":23},"end":{"line":99,"column":28}},"loc":{"start":{"line":99,"column":61},"end":{"line":108,"column":1}}},"9":{"name":"(anonymous_18)","decl":{"start":{"line":110,"column":24},"end":{"line":110,"column":29}},"loc":{"start":{"line":110,"column":62},"end":{"line":120,"column":1}}}},"branchMap":{"0":{"loc":{"start":{"line":6,"column":2},"end":{"line":9,"column":3}},"type":"if","locations":[{"start":{"line":6,"column":2},"end":{"line":9,"column":3}},{"start":{},"end":{}}]},"1":{"loc":{"start":{"line":17,"column":2},"end":{"line":20,"column":3}},"type":"if","locations":[{"start":{"line":17,"column":2},"end":{"line":20,"column":3}},{"start":{},"end":{}}]},"2":{"loc":{"start":{"line":22,"column":68},"end":{"line":22,"column":82}},"type":"binary-expr","locations":[{"start":{"line":22,"column":68},"end":{"line":22,"column":76}},{"start":{"line":22,"column":80},"end":{"line":22,"column":82}}]},"3":{"loc":{"start":{"line":28,"column":2},"end":{"line":31,"column":3}},"type":"if","locations":[{"start":{"line":28,"column":2},"end":{"line":31,"column":3}},{"start":{},"end":{}}]},"4":{"loc":{"start":{"line":39,"column":2},"end":{"line":42,"column":3}},"type":"if","locations":[{"start":{"line":39,"column":2},"end":{"line":42,"column":3}},{"start":{},"end":{}}]},"5":{"loc":{"start":{"line":44,"column":68},"end":{"line":44,"column":82}},"type":"binary-expr","locations":[{"start":{"line":44,"column":68},"end":{"line":44,"column":76}},{"start":{"line":44,"column":80},"end":{"line":44,"column":82}}]},"6":{"loc":{"start":{"line":50,"column":2},"end":{"line":53,"column":3}},"type":"if","locations":[{"start":{"line":50,"column":2},"end":{"line":53,"column":3}},{"start":{},"end":{}}]},"7":{"loc":{"start":{"line":61,"column":2},"end":{"line":64,"column":3}},"type":"if","locations":[{"start":{"line":61,"column":2},"end":{"line":64,"column":3}},{"start":{},"end":{}}]},"8":{"loc":{"start":{"line":66,"column":24},"end":{"line":66,"column":38}},"type":"binary-expr","locations":[{"start":{"line":66,"column":24},"end":{"line":66,"column":32}},{"start":{"line":66,"column":36},"end":{"line":66,"column":38}}]},"9":{"loc":{"start":{"line":67,"column":67},"end":{"line":67,"column":82}},"type":"binary-expr","locations":[{"start":{"line":67,"column":67},"end":{"line":67,"column":76}},{"start":{"line":67,"column":80},"end":{"line":67,"column":82}}]},"10":{"loc":{"start":{"line":73,"column":2},"end":{"line":76,"column":3}},"type":"if","locations":[{"start":{"line":73,"column":2},"end":{"line":76,"column":3}},{"start":{},"end":{}}]},"11":{"loc":{"start":{"line":79,"column":2},"end":{"line":82,"column":3}},"type":"if","locations":[{"start":{"line":79,"column":2},"end":{"line":82,"column":3}},{"start":{},"end":{}}]},"12":{"loc":{"start":{"line":79,"column":6},"end":{"line":79,"column":47}},"type":"binary-expr","locations":[{"start":{"line":79,"column":6},"end":{"line":79,"column":12}},{"start":{"line":79,"column":16},"end":{"line":79,"column":47}}]},"13":{"loc":{"start":{"line":90,"column":2},"end":{"line":93,"column":3}},"type":"if","locations":[{"start":{"line":90,"column":2},"end":{"line":93,"column":3}},{"start":{},"end":{}}]},"14":{"loc":{"start":{"line":101,"column":2},"end":{"line":104,"column":3}},"type":"if","locations":[{"start":{"line":101,"column":2},"end":{"line":104,"column":3}},{"start":{},"end":{}}]},"15":{"loc":{"start":{"line":112,"column":2},"end":{"line":115,"column":3}},"type":"if","locations":[{"start":{"line":112,"column":2},"end":{"line":115,"column":3}},{"start":{},"end":{}}]},"16":{"loc":{"start":{"line":117,"column":19},"end":{"line":117,"column":33}},"type":"binary-expr","locations":[{"start":{"line":117,"column":19},"end":{"line":117,"column":27}},{"start":{"line":117,"column":31},"end":{"line":117,"column":33}}]},"17":{"loc":{"start":{"line":118,"column":59},"end":{"line":118,"column":69}},"type":"binary-expr","locations":[{"start":{"line":118,"column":59},"end":{"line":118,"column":63}},{"start":{"line":118,"column":67},"end":{"line":118,"column":69}}]}},"s":{"0":0,"1":0,"2":0,"3":0,"4":0,"5":0,"6":0,"7":0,"8":0,"9":0,"10":0,"11":0,"12":0,"13":0,"14":0,"15":0,"16":0,"17":0,"18":0,"19":0,"20":0,"21":0,"22":0,"23":0,"24":0,"25":0,"26":0,"27":0,"28":0,"29":0,"30":0,"31":0,"32":0,"33":0,"34":0,"35":0,"36":0,"37":0,"38":0,"39":0,"40":0,"41":0,"42":0,"43":0,"44":0,"45":0,"46":0,"47":0,"48":0,"49":0,"50":0,"51":0,"52":0,"53":0,"54":0,"55":0,"56":0,"57":0,"58":0,"59":0,"60":0,"61":0,"62":0,"63":0,"64":0,"65":0,"66":0,"67":0,"68":0,"69":0,"70":0,"71":0,"72":0,"73":0,"74":0,"75":0,"76":0,"77":0,"78":0,"79":0,"80":0,"81":0,"82":0,"83":0,"84":0,"85":0,"86":0},"f":{"0":0,"1":0,"2":0,"3":0,"4":0,"5":0,"6":0,"7":0,"8":0,"9":0},"b":{"0":[0,0],"1":[0,0],"2":[0,0],"3":[0,0],"4":[0,0],"5":[0,0],"6":[0,0],"7":[0,0],"8":[0,0],"9":[0,0],"10":[0,0],"11":[0,0],"12":[0,0],"13":[0,0],"14":[0,0],"15":[0,0],"16":[0,0],"17":[0,0]}}
,"/home/v2dent/Development/Projects/Expressjs/DootlingBackend/src/controllers/newsletter.controller.ts": {"path":"/home/v2dent/Development/Projects/Expressjs/DootlingBackend/src/controllers/newsletter.controller.ts","statementMap":{"0":{"start":{"line":2,"column":0},"end":{"line":2,"column":65}},"1":{"start":{"line":3,"column":0},"end":{"line":3,"column":51}},"2":{"start":{"line":4,"column":0},"end":{"line":4,"column":34}},"3":{"start":{"line":6,"column":13},"end":{"line":25,"column":3}},"4":{"start":{"line":7,"column":18},"end":{"line":7,"column":46}},"5":{"start":{"line":8,"column":41},"end":{"line":8,"column":49}},"6":{"start":{"line":10,"column":2},"end":{"line":12,"column":3}},"7":{"start":{"line":11,"column":4},"end":{"line":11,"column":82}},"8":{"start":{"line":14,"column":19},"end":{"line":18,"column":4}},"9":{"start":{"line":20,"column":2},"end":{"line":24,"column":5}},"10":{"start":{"line":27,"column":13},"end":{"line":41,"column":3}},"11":{"start":{"line":28,"column":18},"end":{"line":28,"column":46}},"12":{"start":{"line":29,"column":20},"end":{"line":29,"column":28}},"13":{"start":{"line":31,"column":2},"end":{"line":33,"column":3}},"14":{"start":{"line":32,"column":4},"end":{"line":32,"column":82}},"15":{"start":{"line":35,"column":2},"end":{"line":35,"column":68}},"16":{"start":{"line":37,"column":2},"end":{"line":40,"column":5}},"17":{"start":{"line":43,"column":13},"end":{"line":54,"column":3}},"18":{"start":{"line":44,"column":18},"end":{"line":44,"column":46}},"19":{"start":{"line":45,"column":39},"end":{"line":45,"column":48}},"20":{"start":{"line":47,"column":17},"end":{"line":50,"column":null}},"21":{"start":{"line":53,"column":2},"end":{"line":53,"column":56}},"22":{"start":{"line":56,"column":13},"end":{"line":78,"column":3}},"23":{"start":{"line":57,"column":18},"end":{"line":57,"column":46}},"24":{"start":{"line":58,"column":48},"end":{"line":58,"column":56}},"25":{"start":{"line":60,"column":2},"end":{"line":65,"column":3}},"26":{"start":{"line":61,"column":4},"end":{"line":64,"column":7}},"27":{"start":{"line":67,"column":17},"end":{"line":71,"column":4}},"28":{"start":{"line":73,"column":2},"end":{"line":77,"column":5}},"29":{"start":{"line":80,"column":13},"end":{"line":85,"column":3}},"30":{"start":{"line":81,"column":18},"end":{"line":81,"column":46}},"31":{"start":{"line":82,"column":16},"end":{"line":82,"column":67}},"32":{"start":{"line":84,"column":2},"end":{"line":84,"column":55}},"33":{"start":{"line":87,"column":13},"end":{"line":98,"column":3}},"34":{"start":{"line":88,"column":18},"end":{"line":88,"column":46}},"35":{"start":{"line":89,"column":26},"end":{"line":89,"column":93}},"36":{"start":{"line":91,"column":17},"end":{"line":91,"column":70}},"37":{"start":{"line":92,"column":17},"end":{"line":92,"column":39}},"38":{"start":{"line":93,"column":14},"end":{"line":93,"column":39}},"39":{"start":{"line":95,"column":2},"end":{"line":95,"column":41}},"40":{"start":{"line":96,"column":2},"end":{"line":96,"column":47}},"41":{"start":{"line":97,"column":2},"end":{"line":97,"column":16}}},"fnMap":{"0":{"name":"(anonymous_0)","decl":{"start":{"line":6,"column":50},"end":{"line":6,"column":55}},"loc":{"start":{"line":6,"column":88},"end":{"line":25,"column":1}}},"1":{"name":"(anonymous_1)","decl":{"start":{"line":27,"column":54},"end":{"line":27,"column":59}},"loc":{"start":{"line":27,"column":92},"end":{"line":41,"column":1}}},"2":{"name":"(anonymous_2)","decl":{"start":{"line":43,"column":53},"end":{"line":43,"column":58}},"loc":{"start":{"line":43,"column":91},"end":{"line":54,"column":1}}},"3":{"name":"(anonymous_3)","decl":{"start":{"line":56,"column":43},"end":{"line":56,"column":48}},"loc":{"start":{"line":56,"column":81},"end":{"line":78,"column":1}}},"4":{"name":"(anonymous_4)","decl":{"start":{"line":80,"column":47},"end":{"line":80,"column":52}},"loc":{"start":{"line":80,"column":85},"end":{"line":85,"column":1}}},"5":{"name":"(anonymous_5)","decl":{"start":{"line":87,"column":56},"end":{"line":87,"column":61}},"loc":{"start":{"line":87,"column":94},"end":{"line":98,"column":1}}}},"branchMap":{"0":{"loc":{"start":{"line":10,"column":2},"end":{"line":12,"column":3}},"type":"if","locations":[{"start":{"line":10,"column":2},"end":{"line":12,"column":3}},{"start":{},"end":{}}]},"1":{"loc":{"start":{"line":31,"column":2},"end":{"line":33,"column":3}},"type":"if","locations":[{"start":{"line":31,"column":2},"end":{"line":33,"column":3}},{"start":{},"end":{}}]},"2":{"loc":{"start":{"line":45,"column":10},"end":{"line":45,"column":20}},"type":"default-arg","locations":[{"start":{"line":45,"column":17},"end":{"line":45,"column":20}}]},"3":{"loc":{"start":{"line":45,"column":22},"end":{"line":45,"column":34}},"type":"default-arg","locations":[{"start":{"line":45,"column":30},"end":{"line":45,"column":34}}]},"4":{"loc":{"start":{"line":60,"column":2},"end":{"line":65,"column":3}},"type":"if","locations":[{"start":{"line":60,"column":2},"end":{"line":65,"column":3}},{"start":{},"end":{}}]},"5":{"loc":{"start":{"line":60,"column":6},"end":{"line":60,"column":30}},"type":"binary-expr","locations":[{"start":{"line":60,"column":6},"end":{"line":60,"column":14}},{"start":{"line":60,"column":18},"end":{"line":60,"column":30}}]}},"s":{"0":0,"1":0,"2":0,"3":0,"4":0,"5":0,"6":0,"7":0,"8":0,"9":0,"10":0,"11":0,"12":0,"13":0,"14":0,"15":0,"16":0,"17":0,"18":0,"19":0,"20":0,"21":0,"22":0,"23":0,"24":0,"25":0,"26":0,"27":0,"28":0,"29":0,"30":0,"31":0,"32":0,"33":0,"34":0,"35":0,"36":0,"37":0,"38":0,"39":0,"40":0,"41":0},"f":{"0":0,"1":0,"2":0,"3":0,"4":0,"5":0},"b":{"0":[0,0],"1":[0,0],"2":[0],"3":[0],"4":[0,0],"5":[0,0]}}
,"/home/v2dent/Development/Projects/Expressjs/DootlingBackend/src/controllers/product.controller.ts": {"path":"/home/v2dent/Development/Projects/Expressjs/DootlingBackend/src/controllers/product.controller.ts","statementMap":{"0":{"start":{"line":2,"column":0},"end":{"line":2,"column":60}},"1":{"start":{"line":4,"column":29},"end":{"line":14,"column":1}},"2":{"start":{"line":5,"column":18},"end":{"line":5,"column":36}},"3":{"start":{"line":6,"column":2},"end":{"line":8,"column":3}},"4":{"start":{"line":7,"column":4},"end":{"line":7,"column":69}},"5":{"start":{"line":9,"column":13},"end":{"line":9,"column":34}},"6":{"start":{"line":10,"column":2},"end":{"line":12,"column":3}},"7":{"start":{"line":11,"column":4},"end":{"line":11,"column":48}},"8":{"start":{"line":13,"column":2},"end":{"line":13,"column":12}},"9":{"start":{"line":16,"column":55},"end":{"line":36,"column":1}},"10":{"start":{"line":20,"column":2},"end":{"line":35,"column":3}},"11":{"start":{"line":21,"column":20},"end":{"line":21,"column":45}},"12":{"start":{"line":22,"column":45},"end":{"line":22,"column":53}},"13":{"start":{"line":24,"column":23},"end":{"line":24,"column":79}},"14":{"start":{"line":26,"column":4},"end":{"line":29,"column":7}},"15":{"start":{"line":31,"column":4},"end":{"line":34,"column":7}},"16":{"start":{"line":16,"column":13},"end":{"line":16,"column":55}},"17":{"start":{"line":38,"column":55},"end":{"line":66,"column":1}},"18":{"start":{"line":42,"column":2},"end":{"line":65,"column":3}},"19":{"start":{"line":43,"column":22},"end":{"line":43,"column":56}},"20":{"start":{"line":44,"column":43},"end":{"line":44,"column":51}},"21":{"start":{"line":46,"column":4},"end":{"line":49,"column":5}},"22":{"start":{"line":47,"column":6},"end":{"line":47,"column":75}},"23":{"start":{"line":48,"column":6},"end":{"line":48,"column":13}},"24":{"start":{"line":51,"column":27},"end":{"line":53,"column":null}},"25":{"start":{"line":56,"column":4},"end":{"line":59,"column":7}},"26":{"start":{"line":61,"column":4},"end":{"line":64,"column":7}},"27":{"start":{"line":38,"column":13},"end":{"line":38,"column":55}},"28":{"start":{"line":68,"column":54},"end":{"line":107,"column":1}},"29":{"start":{"line":72,"column":2},"end":{"line":106,"column":3}},"30":{"start":{"line":73,"column":20},"end":{"line":73,"column":45}},"31":{"start":{"line":74,"column":17},"end":{"line":74,"column":60}},"32":{"start":{"line":75,"column":21},"end":{"line":75,"column":69}},"33":{"start":{"line":76,"column":24},"end":{"line":76,"column":null}},"34":{"start":{"line":80,"column":23},"end":{"line":80,"column":67}},"35":{"start":{"line":81,"column":24},"end":{"line":81,"column":67}},"36":{"start":{"line":83,"column":20},"end":{"line":87,"column":6}},"37":{"start":{"line":89,"column":19},"end":{"line":93,"column":null}},"38":{"start":{"line":96,"column":4},"end":{"line":100,"column":7}},"39":{"start":{"line":102,"column":4},"end":{"line":105,"column":7}},"40":{"start":{"line":68,"column":13},"end":{"line":68,"column":54}},"41":{"start":{"line":109,"column":55},"end":{"line":133,"column":1}},"42":{"start":{"line":113,"column":2},"end":{"line":132,"column":3}},"43":{"start":{"line":114,"column":22},"end":{"line":114,"column":56}},"44":{"start":{"line":116,"column":4},"end":{"line":119,"column":5}},"45":{"start":{"line":117,"column":6},"end":{"line":117,"column":75}},"46":{"start":{"line":118,"column":6},"end":{"line":118,"column":13}},"47":{"start":{"line":121,"column":4},"end":{"line":121,"column":50}},"48":{"start":{"line":123,"column":4},"end":{"line":126,"column":7}},"49":{"start":{"line":128,"column":4},"end":{"line":131,"column":7}},"50":{"start":{"line":109,"column":13},"end":{"line":109,"column":55}}},"fnMap":{"0":{"name":"(anonymous_9)","decl":{"start":{"line":4,"column":29},"end":{"line":4,"column":30}},"loc":{"start":{"line":4,"column":54},"end":{"line":14,"column":1}}},"1":{"name":"(anonymous_10)","decl":{"start":{"line":16,"column":55},"end":{"line":16,"column":60}},"loc":{"start":{"line":19,"column":19},"end":{"line":36,"column":1}}},"2":{"name":"(anonymous_11)","decl":{"start":{"line":38,"column":55},"end":{"line":38,"column":60}},"loc":{"start":{"line":41,"column":19},"end":{"line":66,"column":1}}},"3":{"name":"(anonymous_12)","decl":{"start":{"line":68,"column":54},"end":{"line":68,"column":59}},"loc":{"start":{"line":71,"column":19},"end":{"line":107,"column":1}}},"4":{"name":"(anonymous_13)","decl":{"start":{"line":109,"column":55},"end":{"line":109,"column":60}},"loc":{"start":{"line":112,"column":19},"end":{"line":133,"column":1}}}},"branchMap":{"0":{"loc":{"start":{"line":6,"column":2},"end":{"line":8,"column":3}},"type":"if","locations":[{"start":{"line":6,"column":2},"end":{"line":8,"column":3}},{"start":{},"end":{}}]},"1":{"loc":{"start":{"line":10,"column":2},"end":{"line":12,"column":3}},"type":"if","locations":[{"start":{"line":10,"column":2},"end":{"line":12,"column":3}},{"start":{},"end":{}}]},"2":{"loc":{"start":{"line":46,"column":4},"end":{"line":49,"column":5}},"type":"if","locations":[{"start":{"line":46,"column":4},"end":{"line":49,"column":5}},{"start":{},"end":{}}]},"3":{"loc":{"start":{"line":74,"column":17},"end":{"line":74,"column":60}},"type":"binary-expr","locations":[{"start":{"line":74,"column":17},"end":{"line":74,"column":55}},{"start":{"line":74,"column":59},"end":{"line":74,"column":60}}]},"4":{"loc":{"start":{"line":75,"column":21},"end":{"line":75,"column":69}},"type":"binary-expr","locations":[{"start":{"line":75,"column":21},"end":{"line":75,"column":63}},{"start":{"line":75,"column":67},"end":{"line":75,"column":69}}]},"5":{"loc":{"start":{"line":85,"column":18},"end":{"line":85,"column":60}},"type":"cond-expr","locations":[{"start":{"line":85,"column":38},"end":{"line":85,"column":47}},{"start":{"line":85,"column":50},"end":{"line":85,"column":60}}]},"6":{"loc":{"start":{"line":116,"column":4},"end":{"line":119,"column":5}},"type":"if","locations":[{"start":{"line":116,"column":4},"end":{"line":119,"column":5}},{"start":{},"end":{}}]}},"s":{"0":0,"1":0,"2":0,"3":0,"4":0,"5":0,"6":0,"7":0,"8":0,"9":0,"10":0,"11":0,"12":0,"13":0,"14":0,"15":0,"16":0,"17":0,"18":0,"19":0,"20":0,"21":0,"22":0,"23":0,"24":0,"25":0,"26":0,"27":0,"28":0,"29":0,"30":0,"31":0,"32":0,"33":0,"34":0,"35":0,"36":0,"37":0,"38":0,"39":0,"40":0,"41":0,"42":0,"43":0,"44":0,"45":0,"46":0,"47":0,"48":0,"49":0,"50":0},"f":{"0":0,"1":0,"2":0,"3":0,"4":0},"b":{"0":[0,0],"1":[0,0],"2":[0,0],"3":[0,0],"4":[0,0],"5":[0,0],"6":[0,0]}}
,"/home/v2dent/Development/Projects/Expressjs/DootlingBackend/src/controllers/productGroup.controller.ts": {"path":"/home/v2dent/Development/Projects/Expressjs/DootlingBackend/src/controllers/productGroup.controller.ts","statementMap":{"0":{"start":{"line":2,"column":0},"end":{"line":2,"column":69}},"1":{"start":{"line":3,"column":0},"end":{"line":3,"column":51}},"2":{"start":{"line":4,"column":0},"end":{"line":4,"column":55}},"3":{"start":{"line":5,"column":0},"end":{"line":5,"column":34}},"4":{"start":{"line":7,"column":13},"end":{"line":19,"column":3}},"5":{"start":{"line":8,"column":32},"end":{"line":8,"column":40}},"6":{"start":{"line":9,"column":18},"end":{"line":9,"column":46}},"7":{"start":{"line":10,"column":15},"end":{"line":10,"column":23}},"8":{"start":{"line":13,"column":2},"end":{"line":15,"column":3}},"9":{"start":{"line":14,"column":4},"end":{"line":14,"column":55}},"10":{"start":{"line":17,"column":16},"end":{"line":17,"column":102}},"11":{"start":{"line":18,"column":2},"end":{"line":18,"column":55}},"12":{"start":{"line":21,"column":13},"end":{"line":32,"column":3}},"13":{"start":{"line":22,"column":18},"end":{"line":22,"column":46}},"14":{"start":{"line":23,"column":47},"end":{"line":23,"column":56}},"15":{"start":{"line":25,"column":17},"end":{"line":29,"column":4}},"16":{"start":{"line":31,"column":2},"end":{"line":31,"column":56}},"17":{"start":{"line":34,"column":13},"end":{"line":38,"column":3}},"18":{"start":{"line":35,"column":13},"end":{"line":35,"column":36}},"19":{"start":{"line":36,"column":16},"end":{"line":36,"column":65}},"20":{"start":{"line":37,"column":2},"end":{"line":37,"column":55}},"21":{"start":{"line":40,"column":13},"end":{"line":52,"column":3}},"22":{"start":{"line":41,"column":13},"end":{"line":41,"column":36}},"23":{"start":{"line":42,"column":32},"end":{"line":42,"column":40}},"24":{"start":{"line":43,"column":15},"end":{"line":43,"column":23}},"25":{"start":{"line":46,"column":2},"end":{"line":48,"column":3}},"26":{"start":{"line":47,"column":4},"end":{"line":47,"column":55}},"27":{"start":{"line":50,"column":16},"end":{"line":50,"column":97}},"28":{"start":{"line":51,"column":2},"end":{"line":51,"column":55}},"29":{"start":{"line":54,"column":13},"end":{"line":58,"column":3}},"30":{"start":{"line":55,"column":13},"end":{"line":55,"column":36}},"31":{"start":{"line":56,"column":2},"end":{"line":56,"column":51}},"32":{"start":{"line":57,"column":2},"end":{"line":57,"column":89}},"33":{"start":{"line":60,"column":13},"end":{"line":71,"column":3}},"34":{"start":{"line":61,"column":18},"end":{"line":61,"column":46}},"35":{"start":{"line":62,"column":17},"end":{"line":62,"column":71}},"36":{"start":{"line":64,"column":17},"end":{"line":64,"column":71}},"37":{"start":{"line":65,"column":17},"end":{"line":65,"column":39}},"38":{"start":{"line":66,"column":14},"end":{"line":66,"column":34}},"39":{"start":{"line":68,"column":2},"end":{"line":68,"column":41}},"40":{"start":{"line":69,"column":2},"end":{"line":69,"column":39}},"41":{"start":{"line":70,"column":2},"end":{"line":70,"column":16}}},"fnMap":{"0":{"name":"(anonymous_0)","decl":{"start":{"line":7,"column":47},"end":{"line":7,"column":52}},"loc":{"start":{"line":7,"column":85},"end":{"line":19,"column":1}}},"1":{"name":"(anonymous_1)","decl":{"start":{"line":21,"column":45},"end":{"line":21,"column":50}},"loc":{"start":{"line":21,"column":83},"end":{"line":32,"column":1}}},"2":{"name":"(anonymous_2)","decl":{"start":{"line":34,"column":48},"end":{"line":34,"column":53}},"loc":{"start":{"line":34,"column":86},"end":{"line":38,"column":1}}},"3":{"name":"(anonymous_3)","decl":{"start":{"line":40,"column":47},"end":{"line":40,"column":52}},"loc":{"start":{"line":40,"column":85},"end":{"line":52,"column":1}}},"4":{"name":"(anonymous_4)","decl":{"start":{"line":54,"column":47},"end":{"line":54,"column":52}},"loc":{"start":{"line":54,"column":85},"end":{"line":58,"column":1}}},"5":{"name":"(anonymous_5)","decl":{"start":{"line":60,"column":51},"end":{"line":60,"column":56}},"loc":{"start":{"line":60,"column":89},"end":{"line":71,"column":1}}}},"branchMap":{"0":{"loc":{"start":{"line":13,"column":2},"end":{"line":15,"column":3}},"type":"if","locations":[{"start":{"line":13,"column":2},"end":{"line":15,"column":3}},{"start":{},"end":{}}]},"1":{"loc":{"start":{"line":23,"column":18},"end":{"line":23,"column":28}},"type":"default-arg","locations":[{"start":{"line":23,"column":25},"end":{"line":23,"column":28}}]},"2":{"loc":{"start":{"line":23,"column":30},"end":{"line":23,"column":42}},"type":"default-arg","locations":[{"start":{"line":23,"column":38},"end":{"line":23,"column":42}}]},"3":{"loc":{"start":{"line":46,"column":2},"end":{"line":48,"column":3}},"type":"if","locations":[{"start":{"line":46,"column":2},"end":{"line":48,"column":3}},{"start":{},"end":{}}]}},"s":{"0":0,"1":0,"2":0,"3":0,"4":0,"5":0,"6":0,"7":0,"8":0,"9":0,"10":0,"11":0,"12":0,"13":0,"14":0,"15":0,"16":0,"17":0,"18":0,"19":0,"20":0,"21":0,"22":0,"23":0,"24":0,"25":0,"26":0,"27":0,"28":0,"29":0,"30":0,"31":0,"32":0,"33":0,"34":0,"35":0,"36":0,"37":0,"38":0,"39":0,"40":0,"41":0},"f":{"0":0,"1":0,"2":0,"3":0,"4":0,"5":0},"b":{"0":[0,0],"1":[0],"2":[0],"3":[0,0]}}
,"/home/v2dent/Development/Projects/Expressjs/DootlingBackend/src/controllers/productVariant.controller.ts": {"path":"/home/v2dent/Development/Projects/Expressjs/DootlingBackend/src/controllers/productVariant.controller.ts","statementMap":{"0":{"start":{"line":2,"column":0},"end":{"line":2,"column":73}},"1":{"start":{"line":3,"column":0},"end":{"line":3,"column":51}},"2":{"start":{"line":4,"column":0},"end":{"line":4,"column":34}},"3":{"start":{"line":6,"column":13},"end":{"line":17,"column":3}},"4":{"start":{"line":7,"column":48},"end":{"line":7,"column":56}},"5":{"start":{"line":8,"column":18},"end":{"line":8,"column":46}},"6":{"start":{"line":10,"column":18},"end":{"line":14,"column":4}},"7":{"start":{"line":16,"column":2},"end":{"line":16,"column":57}},"8":{"start":{"line":19,"column":13},"end":{"line":30,"column":3}},"9":{"start":{"line":20,"column":18},"end":{"line":20,"column":46}},"10":{"start":{"line":21,"column":47},"end":{"line":21,"column":56}},"11":{"start":{"line":23,"column":19},"end":{"line":27,"column":4}},"12":{"start":{"line":29,"column":2},"end":{"line":29,"column":58}},"13":{"start":{"line":32,"column":13},"end":{"line":36,"column":3}},"14":{"start":{"line":33,"column":13},"end":{"line":33,"column":36}},"15":{"start":{"line":34,"column":18},"end":{"line":34,"column":71}},"16":{"start":{"line":35,"column":2},"end":{"line":35,"column":57}},"17":{"start":{"line":38,"column":13},"end":{"line":49,"column":3}},"18":{"start":{"line":39,"column":13},"end":{"line":39,"column":36}},"19":{"start":{"line":40,"column":48},"end":{"line":40,"column":56}},"20":{"start":{"line":42,"column":18},"end":{"line":46,"column":4}},"21":{"start":{"line":48,"column":2},"end":{"line":48,"column":57}},"22":{"start":{"line":51,"column":13},"end":{"line":55,"column":3}},"23":{"start":{"line":52,"column":13},"end":{"line":52,"column":36}},"24":{"start":{"line":53,"column":2},"end":{"line":53,"column":55}},"25":{"start":{"line":54,"column":2},"end":{"line":54,"column":91}},"26":{"start":{"line":57,"column":13},"end":{"line":76,"column":3}},"27":{"start":{"line":58,"column":18},"end":{"line":58,"column":46}},"28":{"start":{"line":59,"column":19},"end":{"line":59,"column":77}},"29":{"start":{"line":61,"column":18},"end":{"line":67,"column":5}},"30":{"start":{"line":61,"column":39},"end":{"line":67,"column":4}},"31":{"start":{"line":65,"column":34},"end":{"line":65,"column":40}},"32":{"start":{"line":69,"column":17},"end":{"line":69,"column":77}},"33":{"start":{"line":70,"column":17},"end":{"line":70,"column":39}},"34":{"start":{"line":71,"column":14},"end":{"line":71,"column":35}},"35":{"start":{"line":73,"column":2},"end":{"line":73,"column":41}},"36":{"start":{"line":74,"column":2},"end":{"line":74,"column":41}},"37":{"start":{"line":75,"column":2},"end":{"line":75,"column":16}}},"fnMap":{"0":{"name":"(anonymous_0)","decl":{"start":{"line":6,"column":49},"end":{"line":6,"column":54}},"loc":{"start":{"line":6,"column":87},"end":{"line":17,"column":1}}},"1":{"name":"(anonymous_1)","decl":{"start":{"line":19,"column":47},"end":{"line":19,"column":52}},"loc":{"start":{"line":19,"column":85},"end":{"line":30,"column":1}}},"2":{"name":"(anonymous_2)","decl":{"start":{"line":32,"column":50},"end":{"line":32,"column":55}},"loc":{"start":{"line":32,"column":88},"end":{"line":36,"column":1}}},"3":{"name":"(anonymous_3)","decl":{"start":{"line":38,"column":49},"end":{"line":38,"column":54}},"loc":{"start":{"line":38,"column":87},"end":{"line":49,"column":1}}},"4":{"name":"(anonymous_4)","decl":{"start":{"line":51,"column":49},"end":{"line":51,"column":54}},"loc":{"start":{"line":51,"column":87},"end":{"line":55,"column":1}}},"5":{"name":"(anonymous_5)","decl":{"start":{"line":57,"column":53},"end":{"line":57,"column":58}},"loc":{"start":{"line":57,"column":91},"end":{"line":76,"column":1}}},"6":{"name":"(anonymous_6)","decl":{"start":{"line":61,"column":31},"end":{"line":61,"column":32}},"loc":{"start":{"line":61,"column":39},"end":{"line":67,"column":4}}},"7":{"name":"(anonymous_7)","decl":{"start":{"line":65,"column":27},"end":{"line":65,"column":28}},"loc":{"start":{"line":65,"column":34},"end":{"line":65,"column":40}}}},"branchMap":{"0":{"loc":{"start":{"line":12,"column":24},"end":{"line":12,"column":51}},"type":"binary-expr","locations":[{"start":{"line":12,"column":24},"end":{"line":12,"column":42}},{"start":{"line":12,"column":46},"end":{"line":12,"column":51}}]},"1":{"loc":{"start":{"line":13,"column":13},"end":{"line":13,"column":26}},"type":"binary-expr","locations":[{"start":{"line":13,"column":13},"end":{"line":13,"column":20}},{"start":{"line":13,"column":24},"end":{"line":13,"column":26}}]},"2":{"loc":{"start":{"line":21,"column":18},"end":{"line":21,"column":28}},"type":"default-arg","locations":[{"start":{"line":21,"column":25},"end":{"line":21,"column":28}}]},"3":{"loc":{"start":{"line":21,"column":30},"end":{"line":21,"column":42}},"type":"default-arg","locations":[{"start":{"line":21,"column":38},"end":{"line":21,"column":42}}]}},"s":{"0":0,"1":0,"2":0,"3":0,"4":0,"5":0,"6":0,"7":0,"8":0,"9":0,"10":0,"11":0,"12":0,"13":0,"14":0,"15":0,"16":0,"17":0,"18":0,"19":0,"20":0,"21":0,"22":0,"23":0,"24":0,"25":0,"26":0,"27":0,"28":0,"29":0,"30":0,"31":0,"32":0,"33":0,"34":0,"35":0,"36":0,"37":0},"f":{"0":0,"1":0,"2":0,"3":0,"4":0,"5":0,"6":0,"7":0},"b":{"0":[0,0],"1":[0,0],"2":[0],"3":[0]}}
,"/home/v2dent/Development/Projects/Expressjs/DootlingBackend/src/controllers/store.controller.ts": {"path":"/home/v2dent/Development/Projects/Expressjs/DootlingBackend/src/controllers/store.controller.ts","statementMap":{"0":{"start":{"line":2,"column":0},"end":{"line":2,"column":58}},"1":{"start":{"line":4,"column":26},"end":{"line":13,"column":1}},"2":{"start":{"line":5,"column":17},"end":{"line":5,"column":29}},"3":{"start":{"line":6,"column":2},"end":{"line":9,"column":3}},"4":{"start":{"line":7,"column":4},"end":{"line":7,"column":54}},"5":{"start":{"line":8,"column":4},"end":{"line":8,"column":11}},"6":{"start":{"line":10,"column":56},"end":{"line":10,"column":64}},"7":{"start":{"line":11,"column":17},"end":{"line":11,"column":105}},"8":{"start":{"line":12,"column":2},"end":{"line":12,"column":31}},"9":{"start":{"line":4,"column":13},"end":{"line":4,"column":26}},"10":{"start":{"line":15,"column":24},"end":{"line":23,"column":1}},"11":{"start":{"line":16,"column":17},"end":{"line":16,"column":29}},"12":{"start":{"line":17,"column":2},"end":{"line":20,"column":3}},"13":{"start":{"line":18,"column":4},"end":{"line":18,"column":54}},"14":{"start":{"line":19,"column":4},"end":{"line":19,"column":11}},"15":{"start":{"line":21,"column":17},"end":{"line":21,"column":60}},"16":{"start":{"line":22,"column":2},"end":{"line":22,"column":31}},"17":{"start":{"line":15,"column":13},"end":{"line":15,"column":24}},"18":{"start":{"line":25,"column":27},"end":{"line":34,"column":1}},"19":{"start":{"line":26,"column":17},"end":{"line":26,"column":29}},"20":{"start":{"line":27,"column":2},"end":{"line":30,"column":3}},"21":{"start":{"line":28,"column":4},"end":{"line":28,"column":54}},"22":{"start":{"line":29,"column":4},"end":{"line":29,"column":11}},"23":{"start":{"line":31,"column":46},"end":{"line":31,"column":54}},"24":{"start":{"line":32,"column":17},"end":{"line":32,"column":96}},"25":{"start":{"line":33,"column":2},"end":{"line":33,"column":31}},"26":{"start":{"line":25,"column":13},"end":{"line":25,"column":27}},"27":{"start":{"line":36,"column":27},"end":{"line":44,"column":1}},"28":{"start":{"line":37,"column":17},"end":{"line":37,"column":29}},"29":{"start":{"line":38,"column":2},"end":{"line":41,"column":3}},"30":{"start":{"line":39,"column":4},"end":{"line":39,"column":54}},"31":{"start":{"line":40,"column":4},"end":{"line":40,"column":11}},"32":{"start":{"line":42,"column":17},"end":{"line":42,"column":63}},"33":{"start":{"line":43,"column":2},"end":{"line":43,"column":31}},"34":{"start":{"line":36,"column":13},"end":{"line":36,"column":27}}},"fnMap":{"0":{"name":"(anonymous_9)","decl":{"start":{"line":4,"column":26},"end":{"line":4,"column":31}},"loc":{"start":{"line":4,"column":64},"end":{"line":13,"column":1}}},"1":{"name":"(anonymous_10)","decl":{"start":{"line":15,"column":24},"end":{"line":15,"column":29}},"loc":{"start":{"line":15,"column":62},"end":{"line":23,"column":1}}},"2":{"name":"(anonymous_11)","decl":{"start":{"line":25,"column":27},"end":{"line":25,"column":32}},"loc":{"start":{"line":25,"column":65},"end":{"line":34,"column":1}}},"3":{"name":"(anonymous_12)","decl":{"start":{"line":36,"column":27},"end":{"line":36,"column":32}},"loc":{"start":{"line":36,"column":65},"end":{"line":44,"column":1}}}},"branchMap":{"0":{"loc":{"start":{"line":6,"column":2},"end":{"line":9,"column":3}},"type":"if","locations":[{"start":{"line":6,"column":2},"end":{"line":9,"column":3}},{"start":{},"end":{}}]},"1":{"loc":{"start":{"line":17,"column":2},"end":{"line":20,"column":3}},"type":"if","locations":[{"start":{"line":17,"column":2},"end":{"line":20,"column":3}},{"start":{},"end":{}}]},"2":{"loc":{"start":{"line":27,"column":2},"end":{"line":30,"column":3}},"type":"if","locations":[{"start":{"line":27,"column":2},"end":{"line":30,"column":3}},{"start":{},"end":{}}]},"3":{"loc":{"start":{"line":38,"column":2},"end":{"line":41,"column":3}},"type":"if","locations":[{"start":{"line":38,"column":2},"end":{"line":41,"column":3}},{"start":{},"end":{}}]}},"s":{"0":0,"1":0,"2":0,"3":0,"4":0,"5":0,"6":0,"7":0,"8":0,"9":0,"10":0,"11":0,"12":0,"13":0,"14":0,"15":0,"16":0,"17":0,"18":0,"19":0,"20":0,"21":0,"22":0,"23":0,"24":0,"25":0,"26":0,"27":0,"28":0,"29":0,"30":0,"31":0,"32":0,"33":0,"34":0},"f":{"0":0,"1":0,"2":0,"3":0},"b":{"0":[0,0],"1":[0,0],"2":[0,0],"3":[0,0]}}
[...]
elopment/Projects/Expressjs/DootlingBackend/src/services/unit.service.ts": {"path":"/home/v2dent/Development/Projects/Expressjs/DootlingBackend/src/services/unit.service.ts","statementMap":{"0":{"start":{"line":1,"column":0},"end":{"line":1,"column":35}},"1":{"start":{"line":20,"column":13},"end":{"line":92,"column":2}},"2":{"start":{"line":22,"column":4},"end":{"line":28,"column":7}},"3":{"start":{"line":32,"column":53},"end":{"line":32,"column":58}},"4":{"start":{"line":33,"column":17},"end":{"line":33,"column":35}},"5":{"start":{"line":35,"column":23},"end":{"line":35,"column":34}},"6":{"start":{"line":37,"column":4},"end":{"line":39,"column":5}},"7":{"start":{"line":38,"column":6},"end":{"line":38,"column":61}},"8":{"start":{"line":41,"column":4},"end":{"line":43,"column":5}},"9":{"start":{"line":42,"column":6},"end":{"line":42,"column":28}},"10":{"start":{"line":45,"column":27},"end":{"line":53,"column":6}},"11":{"start":{"line":55,"column":4},"end":{"line":63,"column":6}},"12":{"start":{"line":67,"column":4},"end":{"line":70,"column":7}},"13":{"start":{"line":74,"column":17},"end":{"line":74,"column":64}},"14":{"start":{"line":75,"column":4},"end":{"line":75,"column":49}},"15":{"start":{"line":75,"column":15},"end":{"line":75,"column":49}},"16":{"start":{"line":76,"column":4},"end":{"line":76,"column":16}},"17":{"start":{"line":80,"column":4},"end":{"line":86,"column":7}},"18":{"start":{"line":90,"column":4},"end":{"line":90,"column":49}}},"fnMap":{"0":{"name":"(anonymous_0)","decl":{"start":{"line":21,"column":2},"end":{"line":21,"column":7}},"loc":{"start":{"line":21,"column":57},"end":{"line":29,"column":3}}},"1":{"name":"(anonymous_1)","decl":{"start":{"line":31,"column":2},"end":{"line":31,"column":7}},"loc":{"start":{"line":31,"column":54},"end":{"line":64,"column":3}}},"2":{"name":"(anonymous_2)","decl":{"start":{"line":66,"column":2},"end":{"line":66,"column":7}},"loc":{"start":{"line":66,"column":35},"end":{"line":71,"column":3}}},"3":{"name":"(anonymous_3)","decl":{"start":{"line":73,"column":2},"end":{"line":73,"column":7}},"loc":{"start":{"line":73,"column":30},"end":{"line":77,"column":3}}},"4":{"name":"(anonymous_4)","decl":{"start":{"line":79,"column":2},"end":{"line":79,"column":7}},"loc":{"start":{"line":79,"column":52},"end":{"line":87,"column":3}}},"5":{"name":"(anonymous_5)","decl":{"start":{"line":89,"column":2},"end":{"line":89,"column":7}},"loc":{"start":{"line":89,"column":29},"end":{"line":91,"column":3}}}},"branchMap":{"0":{"loc":{"start":{"line":26,"column":16},"end":{"line":26,"column":39}},"type":"binary-expr","locations":[{"start":{"line":26,"column":16},"end":{"line":26,"column":27}},{"start":{"line":26,"column":31},"end":{"line":26,"column":39}}]},"1":{"loc":{"start":{"line":32,"column":28},"end":{"line":32,"column":36}},"type":"default-arg","locations":[{"start":{"line":32,"column":35},"end":{"line":32,"column":36}}]},"2":{"loc":{"start":{"line":32,"column":38},"end":{"line":32,"column":48}},"type":"default-arg","locations":[{"start":{"line":32,"column":46},"end":{"line":32,"column":48}}]},"3":{"loc":{"start":{"line":37,"column":4},"end":{"line":39,"column":5}},"type":"if","locations":[{"start":{"line":37,"column":4},"end":{"line":39,"column":5}},{"start":{},"end":{}}]},"4":{"loc":{"start":{"line":41,"column":4},"end":{"line":43,"column":5}},"type":"if","locations":[{"start":{"line":41,"column":4},"end":{"line":43,"column":5}},{"start":{},"end":{}}]},"5":{"loc":{"start":{"line":75,"column":4},"end":{"line":75,"column":49}},"type":"if","locations":[{"start":{"line":75,"column":4},"end":{"line":75,"column":49}},{"start":{},"end":{}}]},"6":{"loc":{"start":{"line":83,"column":12},"end":{"line":83,"column":44}},"type":"binary-expr","locations":[{"start":{"line":83,"column":12},"end":{"line":83,"column":21}},{"start":{"line":83,"column":25},"end":{"line":83,"column":44}}]},"7":{"loc":{"start":{"line":84,"column":12},"end":{"line":84,"column":50}},"type":"binary-expr","locations":[{"start":{"line":84,"column":12},"end":{"line":84,"column":23}},{"start":{"line":84,"column":27},"end":{"line":84,"column":50}}]}},"s":{"0":0,"1":0,"2":0,"3":0,"4":0,"5":0,"6":0,"7":0,"8":0,"9":0,"10":0,"11":0,"12":0,"13":0,"14":0,"15":0,"16":0,"17":0,"18":0},"f":{"0":0,"1":0,"2":0,"3":0,"4":0,"5":0},"b":{"0":[0,0],"1":[0],"2":[0],"3":[0,0],"4":[0,0],"5":[0,0],"6":[0,0],"7":[0,0]}}
,"/home/v2dent/Development/Projects/Expressjs/DootlingBackend/src/services/user.service.ts": {"path":"/home/v2dent/Development/Projects/Expressjs/DootlingBackend/src/services/user.service.ts","statementMap":{"0":{"start":{"line":1,"column":0},"end":{"line":1,"column":35}},"1":{"start":{"line":2,"column":0},"end":{"line":2,"column":57}},"2":{"start":{"line":18,"column":30},"end":{"line":54,"column":1}},"3":{"start":{"line":19,"column":15},"end":{"line":33,"column":4}},"4":{"start":{"line":35,"column":2},"end":{"line":35,"column":47}},"5":{"start":{"line":35,"column":13},"end":{"line":35,"column":47}},"6":{"start":{"line":37,"column":21},"end":{"line":39,"column":4}},"7":{"start":{"line":41,"column":2},"end":{"line":53,"column":4}},"8":{"start":{"line":18,"column":13},"end":{"line":18,"column":30}},"9":{"start":{"line":56,"column":33},"end":{"line":166,"column":1}},"10":{"start":{"line":57,"column":15},"end":{"line":57,"column":70}},"11":{"start":{"line":58,"column":2},"end":{"line":58,"column":47}},"12":{"start":{"line":58,"column":13},"end":{"line":58,"column":47}},"13":{"start":{"line":60,"column":26},"end":{"line":60,"column":28}},"14":{"start":{"line":62,"column":2},"end":{"line":65,"column":3}},"15":{"start":{"line":63,"column":4},"end":{"line":63,"column":78}},"16":{"start":{"line":63,"column":32},"end":{"line":63,"column":78}},"17":{"start":{"line":64,"column":4},"end":{"line":64,"column":49}},"18":{"start":{"line":67,"column":2},"end":{"line":70,"column":3}},"19":{"start":{"line":68,"column":4},"end":{"line":68,"column":76}},"20":{"start":{"line":68,"column":31},"end":{"line":68,"column":76}},"21":{"start":{"line":69,"column":4},"end":{"line":69,"column":47}},"22":{"start":{"line":72,"column":2},"end":{"line":74,"column":3}},"23":{"start":{"line":73,"column":4},"end":{"line":73,"column":49}},"24":{"start":{"line":76,"column":2},"end":{"line":80,"column":3}},"25":{"start":{"line":77,"column":22},"end":{"line":77,"column":60}},"26":{"start":{"line":78,"column":21},"end":{"line":78,"column":57}},"27":{"start":{"line":79,"column":4},"end":{"line":79,"column":60}},"28":{"start":{"line":82,"column":18},"end":{"line":95,"column":4}},"29":{"start":{"line":98,"column":23},"end":{"line":98,"column":25}},"30":{"start":{"line":100,"column":2},"end":{"line":102,"column":3}},"31":{"start":{"line":101,"column":4},"end":{"line":101,"column":56}},"32":{"start":{"line":104,"column":2},"end":{"line":106,"column":3}},"33":{"start":{"line":105,"column":4},"end":{"line":105,"column":33}},"34":{"start":{"line":108,"column":2},"end":{"line":110,"column":3}},"35":{"start":{"line":109,"column":4},"end":{"line":109,"column":111}},"36":{"start":{"line":112,"column":2},"end":{"line":114,"column":3}},"37":{"start":{"line":113,"column":4},"end":{"line":113,"column":63}},"38":{"start":{"line":116,"column":2},"end":{"line":118,"column":3}},"39":{"start":{"line":117,"column":4},"end":{"line":117,"column":76}},"40":{"start":{"line":120,"column":2},"end":{"line":122,"column":3}},"41":{"start":{"line":121,"column":4},"end":{"line":121,"column":147}},"42":{"start":{"line":124,"column":2},"end":{"line":126,"column":3}},"43":{"start":{"line":125,"column":4},"end":{"line":125,"column":57}},"44":{"start":{"line":128,"column":2},"end":{"line":130,"column":3}},"45":{"start":{"line":129,"column":4},"end":{"line":129,"column":64}},"46":{"start":{"line":132,"column":19},"end":{"line":132,"column":23}},"47":{"start":{"line":133,"column":2},"end":{"line":150,"column":3}},"48":{"start":{"line":134,"column":21},"end":{"line":134,"column":82}},"49":{"start":{"line":136,"column":4},"end":{"line":149,"column":5}},"50":{"start":{"line":137,"column":6},"end":{"line":140,"column":9}},"51":{"start":{"line":142,"column":6},"end":{"line":148,"column":9}},"52":{"start":{"line":152,"column":2},"end":{"line":165,"column":4}},"53":{"start":{"line":56,"column":13},"end":{"line":56,"column":33}},"54":{"start":{"line":168,"column":34},"end":{"line":184,"column":1}},"55":{"start":{"line":169,"column":15},"end":{"line":169,"column":70}},"56":{"start":{"line":170,"column":2},"end":{"line":170,"column":47}},"57":{"start":{"line":170,"column":13},"end":{"line":170,"column":47}},"58":{"start":{"line":172,"column":14},"end":{"line":172,"column":53}},"59":{"start":{"line":174,"column":18},"end":{"line":181,"column":4}},"60":{"start":{"line":183,"column":2},"end":{"line":183,"column":102}},"61":{"start":{"line":168,"column":13},"end":{"line":168,"column":34}}},"fnMap":{"0":{"name":"(anonymous_0)","decl":{"start":{"line":18,"column":30},"end":{"line":18,"column":35}},"loc":{"start":{"line":18,"column":55},"end":{"line":54,"column":1}}},"1":{"name":"(anonymous_1)","decl":{"start":{"line":56,"column":33},"end":{"line":56,"column":38}},"loc":{"start":{"line":56,"column":83},"end":{"line":166,"column":1}}},"2":{"name":"(anonymous_2)","decl":{"start":{"line":168,"column":34},"end":{"line":168,"column":39}},"loc":{"start":{"line":168,"column":86},"end":{"line":184,"column":1}}}},"branchMap":{"0":{"loc":{"start":{"line":35,"column":2},"end":{"line":35,"column":47}},"type":"if","locations":[{"start":{"line":35,"column":2},"end":{"line":35,"column":47}},{"start":{},"end":{}}]},"1":{"loc":{"start":{"line":44,"column":18},"end":{"line":44,"column":48}},"type":"binary-expr","locations":[{"start":{"line":44,"column":18},"end":{"line":44,"column":40}},{"start":{"line":44,"column":44},"end":{"line":44,"column":48}}]},"2":{"loc":{"start":{"line":45,"column":14},"end":{"line":45,"column":40}},"type":"binary-expr","locations":[{"start":{"line":45,"column":14},"end":{"line":45,"column":32}},{"start":{"line":45,"column":36},"end":{"line":45,"column":40}}]},"3":{"loc":{"start":{"line":46,"column":19},"end":{"line":46,"column":50}},"type":"binary-expr","locations":[{"start":{"line":46,"column":19},"end":{"line":46,"column":42}},{"start":{"line":46,"column":46},"end":{"line":46,"column":50}}]},"4":{"loc":{"start":{"line":47,"column":29},"end":{"line":47,"column":70}},"type":"binary-expr","locations":[{"start":{"line":47,"column":29},"end":{"line":47,"column":62}},{"start":{"line":47,"column":66},"end":{"line":47,"column":70}}]},"5":{"loc":{"start":{"line":48,"column":28},"end":{"line":48,"column":68}},"type":"binary-expr","locations":[{"start":{"line":48,"column":28},"end":{"line":48,"column":60}},{"start":{"line":48,"column":64},"end":{"line":48,"column":68}}]},"6":{"loc":{"start":{"line":49,"column":28},"end":{"line":49,"column":68}},"type":"binary-expr","locations":[{"start":{"line":49,"column":28},"end":{"line":49,"column":60}},{"start":{"line":49,"column":64},"end":{"line":49,"column":68}}]},"7":{"loc":{"start":{"line":50,"column":26},"end":{"line":50,"column":64}},"type":"binary-expr","locations":[{"start":{"line":50,"column":26},"end":{"line":50,"column":56}},{"start":{"line":50,"column":60},"end":{"line":50,"column":64}}]},"8":{"loc":{"start":{"line":51,"column":22},"end":{"line":51,"column":56}},"type":"binary-expr","locations":[{"start":{"line":51,"column":22},"end":{"line":51,"column":48}},{"start":{"line":51,"column":52},"end":{"line":51,"column":56}}]},"9":{"loc":{"start":{"line":58,"column":2},"end":{"line":58,"column":47}},"type":"if","locations":[{"start":{"line":58,"column":2},"end":{"line":58,"column":47}},{"start":{},"end":{}}]},"10":{"loc":{"start":{"line":62,"column":2},"end":{"line":65,"column":3}},"type":"if","locations":[{"start":{"line":62,"column":2},"end":{"line":65,"column":3}},{"start":{},"end":{}}]},"11":{"loc":{"start":{"line":63,"column":4},"end":{"line":63,"column":78}},"type":"if","locations":[{"start":{"line":63,"column":4},"end":{"line":63,"column":78}},{"start":{},"end":{}}]},"12":{"loc":{"start":{"line":67,"column":2},"end":{"line":70,"column":3}},"type":"if","locations":[{"start":{"line":67,"column":2},"end":{"line":70,"column":3}},{"start":{},"end":{}}]},"13":{"loc":{"start":{"line":68,"column":4},"end":{"line":68,"column":76}},"type":"if","locations":[{"start":{"line":68,"column":4},"end":{"line":68,"column":76}},{"start":{},"end":{}}]},"14":{"loc":{"start":{"line":72,"column":2},"end":{"line":74,"column":3}},"type":"if","locations":[{"start":{"line":72,"column":2},"end":{"line":74,"column":3}},{"start":{},"end":{}}]},"15":{"loc":{"start":{"line":73,"column":23},"end":{"line":73,"column":48}},"type":"binary-expr","locations":[{"start":{"line":73,"column":23},"end":{"line":73,"column":40}},{"start":{"line":73,"column":44},"end":{"line":73,"column":48}}]},"16":{"loc":{"start":{"line":76,"column":2},"end":{"line":80,"column":3}},"type":"if","locations":[{"start":{"line":76,"column":2},"end":{"line":80,"column":3}},{"start":{},"end":{}}]},"17":{"loc":{"start":{"line":76,"column":6},"end":{"line":76,"column":49}},"type":"binary-expr","locations":[{"start":{"line":76,"column":6},"end":{"line":76,"column":26}},{"start":{"line":76,"column":30},"end":{"line":76,"column":49}}]},"18":{"loc":{"start":{"line":77,"column":22},"end":{"line":77,"column":60}},"type":"binary-expr","locations":[{"start":{"line":77,"column":22},"end":{"line":77,"column":42}},{"start":{"line":77,"column":46},"end":{"line":77,"column":60}}]},"19":{"loc":{"start":{"line":78,"column":21},"end":{"line":78,"column":57}},"type":"binary-expr","locations":[{"start":{"line":78,"column":21},"end":{"line":78,"column":40}},{"start":{"line":78,"column":44},"end":{"line":78,"column":57}}]},"20":{"loc":{"start":{"line":100,"column":2},"end":{"line":102,"column":3}},"type":"if","locations":[{"start":{"line":100,"column":2},"end":{"line":102,"column":3}},{"start":{},"end":{}}]},"21":{"loc":{"start":{"line":101,"column":25},"end":{"line":101,"column":55}},"type":"binary-expr","locations":[{"start":{"line":101,"column":25},"end":{"line":101,"column":47}},{"start":{"line":101,"column":51},"end":{"line":101,"column":55}}]},"22":{"loc":{"start":{"line":104,"column":2},"end":{"line":106,"column":3}},"type":"if","locations":[{"start":{"line":104,"column":2},"end":{"line":106,"column":3}},{"start":{},"end":{}}]},"23":{"loc":{"start":{"line":108,"column":2},"end":{"line":110,"column":3}},"type":"if","locations":[{"start":{"line":108,"column":2},"end":{"line":110,"column":3}},{"start":{},"end":{}}]},"24":{"loc":{"start":{"line":109,"column":26},"end":{"line":109,"column":110}},"type":"cond-expr","locations":[{"start":{"line":109,"column":65},"end":{"line":109,"column":91}},{"start":{"line":109,"column":94},"end":{"line":109,"column":110}}]},"25":{"loc":{"start":{"line":112,"column":2},"end":{"line":114,"column":3}},"type":"if","locations":[{"start":{"line":112,"column":2},"end":{"line":114,"column":3}},{"start":{},"end":{}}]},"26":{"loc":{"start":{"line":116,"column":2},"end":{"line":118,"column":3}},"type":"if","locations":[{"start":{"line":116,"column":2},"end":{"line":118,"column":3}},{"start":{},"end":{}}]},"27":{"loc":{"start":{"line":117,"column":35},"end":{"line":117,"column":75}},"type":"binary-expr","locations":[{"start":{"line":117,"column":35},"end":{"line":117,"column":67}},{"start":{"line":117,"column":71},"end":{"line":117,"column":75}}]},"28":{"loc":{"start":{"line":120,"column":2},"end":{"line":122,"column":3}},"type":"if","locations":[{"start":{"line":120,"column":2},"end":{"line":122,"column":3}},{"start":{},"end":{}}]},"29":{"loc":{"start":{"line":121,"column":35},"end":{"line":121,"column":146}},"type":"cond-expr","locations":[{"start":{"line":121,"column":83},"end":{"line":121,"column":118}},{"start":{"line":121,"column":121},"end":{"line":121,"column":146}}]},"30":{"loc":{"start":{"line":124,"column":2},"end":{"line":126,"column":3}},"type":"if","locations":[{"start":{"line":124,"column":2},"end":{"line":126,"column":3}},{"start":{},"end":{}}]},"31":{"loc":{"start":{"line":128,"column":2},"end":{"line":130,"column":3}},"type":"if","locations":[{"start":{"line":128,"column":2},"end":{"line":130,"column":3}},{"start":{},"end":{}}]},"32":{"loc":{"start":{"line":129,"column":29},"end":{"line":129,"column":63}},"type":"binary-expr","locations":[{"start":{"line":129,"column":29},"end":{"line":129,"column":55}},{"start":{"line":129,"column":59},"end":{"line":129,"column":63}}]},"33":{"loc":{"start":{"line":133,"column":2},"end":{"line":150,"column":3}},"type":"if","locations":[{"start":{"line":133,"column":2},"end":{"line":150,"column":3}},{"start":{},"end":{}}]},"34":{"loc":{"start":{"line":136,"column":4},"end":{"line":149,"column":5}},"type":"if","locations":[{"start":{"line":136,"column":4},"end":{"line":149,"column":5}},{"start":{"line":141,"column":11},"end":{"line":149,"column":5}}]},"35":{"loc":{"start":{"line":156,"column":18},"end":{"line":156,"column":48}},"type":"binary-expr","locations":[{"start":{"line":156,"column":18},"end":{"line":156,"column":40}},{"start":{"line":156,"column":44},"end":{"line":156,"column":48}}]},"36":{"loc":{"start":{"line":157,"column":14},"end":{"line":157,"column":40}},"type":"binary-expr","locations":[{"start":{"line":157,"column":14},"end":{"line":157,"column":32}},{"start":{"line":157,"column":36},"end":{"line":157,"column":40}}]},"37":{"loc":{"start":{"line":158,"column":19},"end":{"line":158,"column":50}},"type":"binary-expr","locations":[{"start":{"line":158,"column":19},"end":{"line":158,"column":42}},{"start":{"line":158,"column":46},"end":{"line":158,"column":50}}]},"38":{"loc":{"start":{"line":159,"column":29},"end":{"line":159,"column":70}},"type":"binary-expr","locations":[{"start":{"line":159,"column":29},"end":{"line":159,"column":62}},{"start":{"line":159,"column":66},"end":{"line":159,"column":70}}]},"39":{"loc":{"start":{"line":160,"column":28},"end":{"line":160,"column":68}},"type":"binary-expr","locations":[{"start":{"line":160,"column":28},"end":{"line":160,"column":60}},{"start":{"line":160,"column":64},"end":{"line":160,"column":68}}]},"40":{"loc":{"start":{"line":161,"column":28},"end":{"line":161,"column":68}},"type":"binary-expr","locations":[{"start":{"line":161,"column":28},"end":{"line":161,"column":60}},{"start":{"line":161,"column":64},"end":{"line":161,"column":68}}]},"41":{"loc":{"start":{"line":162,"column":26},"end":{"line":162,"column":64}},"type":"binary-expr","locations":[{"start":{"line":162,"column":26},"end":{"line":162,"column":56}},{"start":{"line":162,"column":60},"end":{"line":162,"column":64}}]},"42":{"loc":{"start":{"line":163,"column":22},"end":{"line":163,"column":56}},"type":"binary-expr","locations":[{"start":{"line":163,"column":22},"end":{"line":163,"column":48}},{"start":{"line":163,"column":52},"end":{"line":163,"column":56}}]},"43":{"loc":{"start":{"line":170,"column":2},"end":{"line":170,"column":47}},"type":"if","locations":[{"start":{"line":170,"column":2},"end":{"line":170,"column":47}},{"start":{},"end":{}}]}},"s":{"0":0,"1":0,"2":0,"3":0,"4":0,"5":0,"6":0,"7":0,"8":0,"9":0,"10":0,"11":0,"12":0,"13":0,"14":0,"15":0,"16":0,"17":0,"18":0,"19":0,"20":0,"21":0,"22":0,"23":0,"24":0,"25":0,"26":0,"27":0,"28":0,"29":0,"30":0,"31":0,"32":0,"33":0,"34":0,"35":0,"36":0,"37":0,"38":0,"39":0,"40":0,"41":0,"42":0,"43":0,"44":0,"45":0,"46":0,"47":0,"48":0,"49":0,"50":0,"51":0,"52":0,"53":0,"54":0,"55":0,"56":0,"57":0,"58":0,"59":0,"60":0,"61":0},"f":{"0":0,"1":0,"2":0},"b":{"0":[0,0],"1":[0,0],"2":[0,0],"3":[0,0],"4":[0,0],"5":[0,0],"6":[0,0],"7":[0,0],"8":[0,0],"9":[0,0],"10":[0,0],"11":[0,0],"12":[0,0],"13":[0,0],"14":[0,0],"15":[0,0],"16":[0,0],"17":[0,0],"18":[0,0],"19":[0,0],"20":[0,0],"21":[0,0],"22":[0,0],"23":[0,0],"24":[0,0],"25":[0,0],"26":[0,0],"27":[0,0],"28":[0,0],"29":[0,0],"30":[0,0],"31":[0,0],"32":[0,0],"33":[0,0],"34":[0,0],"35":[0,0],"36":[0,0],"37":[0,0],"38":[0,0],"39":[0,0],"40":[0,0],"41":[0,0],"42":[0,0],"43":[0,0]}}
}
