TN:
SF:src/controllers/auth.controller.ts
FN:4,(anonymous_9)
FN:10,(anonymous_10)
FN:16,(anonymous_11)
FN:22,(anonymous_12)
FN:28,(anonymous_13)
FN:34,(anonymous_14)
FN:40,(anonymous_15)
FN:46,(anonymous_16)
FN:52,(anonymous_17)
FN:62,(anonymous_18)
FNF:10
FNH:10
FNDA:3,(anonymous_9)
FNDA:3,(anonymous_10)
FNDA:3,(anonymous_11)
FNDA:3,(anonymous_12)
FNDA:3,(anonymous_13)
FNDA:3,(anonymous_14)
FNDA:3,(anonymous_15)
FNDA:3,(anonymous_16)
FNDA:4,(anonymous_17)
FNDA:5,(anonymous_18)
DA:2,1
DA:4,1
DA:5,3
DA:6,3
DA:7,2
DA:10,1
DA:11,3
DA:12,3
DA:13,2
DA:16,1
DA:17,3
DA:18,3
DA:19,2
DA:22,1
DA:23,3
DA:24,3
DA:25,2
DA:28,1
DA:29,3
DA:30,3
DA:31,2
DA:34,1
DA:35,3
DA:36,3
DA:37,2
DA:40,1
DA:41,3
DA:42,3
DA:43,2
DA:46,1
DA:47,3
DA:48,3
DA:49,2
DA:52,1
DA:53,4
DA:54,4
DA:55,1
DA:56,1
DA:58,3
DA:59,2
DA:62,1
DA:63,5
DA:64,5
DA:65,1
DA:66,1
DA:68,4
DA:69,4
DA:70,3
LF:48
LH:48
BRDA:5,0,0,3
BRDA:5,0,1,0
BRDA:11,1,0,3
BRDA:11,1,1,0
BRDA:17,2,0,3
BRDA:17,2,1,0
BRDA:23,3,0,3
BRDA:23,3,1,0
BRDA:29,4,0,3
BRDA:29,4,1,0
BRDA:35,5,0,3
BRDA:35,5,1,0
BRDA:41,6,0,3
BRDA:41,6,1,0
BRDA:47,7,0,3
BRDA:47,7,1,0
BRDA:54,8,0,1
BRDA:54,8,1,3
BRDA:64,9,0,1
BRDA:64,9,1,4
BRDA:68,10,0,4
BRDA:68,10,1,0
BRF:22
BRH:13
end_of_record
TN:
SF:src/controllers/kyc.controller.ts
FN:4,(anonymous_9)
FN:15,(anonymous_10)
FN:26,(anonymous_11)
FN:37,(anonymous_12)
FN:48,(anonymous_13)
FN:59,(anonymous_14)
FN:71,(anonymous_15)
FN:88,(anonymous_16)
FN:99,(anonymous_17)
FN:110,(anonymous_18)
FNF:10
FNH:10
FNDA:3,(anonymous_9)
FNDA:4,(anonymous_10)
FNDA:3,(anonymous_11)
FNDA:4,(anonymous_12)
FNDA:3,(anonymous_13)
FNDA:4,(anonymous_14)
FNDA:4,(anonymous_15)
FNDA:3,(anonymous_16)
FNDA:3,(anonymous_17)
FNDA:4,(anonymous_18)
DA:2,1
DA:4,1
DA:5,3
DA:6,3
DA:7,1
DA:8,1
DA:11,2
DA:12,1
DA:15,1
DA:16,4
DA:17,4
DA:18,1
DA:19,1
DA:22,3
DA:23,2
DA:26,1
DA:27,3
DA:28,3
DA:29,1
DA:30,1
DA:33,2
DA:34,1
DA:37,1
DA:38,4
DA:39,4
DA:40,1
DA:41,1
DA:44,3
DA:45,2
DA:48,1
DA:49,3
DA:50,3
DA:51,1
DA:52,1
DA:55,2
DA:56,1
DA:59,1
DA:60,4
DA:61,4
DA:62,1
DA:63,1
DA:66,3
DA:67,3
DA:68,2
DA:71,1
DA:72,4
DA:73,4
DA:74,1
DA:75,1
DA:78,3
DA:79,3
DA:80,1
DA:81,1
DA:84,2
DA:85,1
DA:88,1
DA:89,3
DA:90,3
DA:91,1
DA:92,1
DA:95,2
DA:96,1
DA:99,1
DA:100,3
DA:101,3
DA:102,1
DA:103,1
DA:106,2
DA:107,1
DA:110,1
DA:111,4
DA:112,4
DA:113,1
DA:114,1
DA:117,3
DA:118,3
DA:119,2
LF:77
LH:77
BRDA:6,0,0,1
BRDA:6,0,1,2
BRDA:17,1,0,1
BRDA:17,1,1,3
BRDA:22,2,0,3
BRDA:22,2,1,0
BRDA:28,3,0,1
BRDA:28,3,1,2
BRDA:39,4,0,1
BRDA:39,4,1,3
BRDA:44,5,0,3
BRDA:44,5,1,0
BRDA:50,6,0,1
BRDA:50,6,1,2
BRDA:61,7,0,1
BRDA:61,7,1,3
BRDA:66,8,0,3
BRDA:66,8,1,0
BRDA:67,9,0,3
BRDA:67,9,1,1
BRDA:73,10,0,1
BRDA:73,10,1,3
BRDA:79,11,0,1
BRDA:79,11,1,2
BRDA:79,12,0,3
BRDA:79,12,1,2
BRDA:90,13,0,1
BRDA:90,13,1,2
BRDA:101,14,0,1
BRDA:101,14,1,2
BRDA:112,15,0,1
BRDA:112,15,1,3
BRDA:117,16,0,3
BRDA:117,16,1,0
BRDA:118,17,0,3
BRDA:118,17,1,1
BRF:36
BRH:32
end_of_record
TN:
SF:src/controllers/store.controller.ts
FN:4,(anonymous_9)
FN:15,(anonymous_10)
FN:25,(anonymous_11)
FN:36,(anonymous_12)
FNF:4
FNH:4
FNDA:3,(anonymous_9)
FNDA:3,(anonymous_10)
FNDA:3,(anonymous_11)
FNDA:3,(anonymous_12)
DA:2,1
DA:4,1
DA:5,3
DA:6,3
DA:7,1
DA:8,1
DA:10,2
DA:11,2
DA:12,1
DA:15,1
DA:16,3
DA:17,3
DA:18,1
DA:19,1
DA:21,2
DA:22,1
DA:25,1
DA:26,3
DA:27,3
DA:28,1
DA:29,1
DA:31,2
DA:32,2
DA:33,1
DA:36,1
DA:37,3
DA:38,3
DA:39,1
DA:40,1
DA:42,2
DA:43,1
LF:31
LH:31
BRDA:6,0,0,1
BRDA:6,0,1,2
BRDA:17,1,0,1
BRDA:17,1,1,2
BRDA:27,2,0,1
BRDA:27,2,1,2
BRDA:38,3,0,1
BRDA:38,3,1,2
BRF:8
BRH:8
end_of_record
TN:
SF:src/controllers/user.controller.ts
FN:4,(anonymous_9)
FN:15,(anonymous_10)
FN:26,(anonymous_11)
FNF:3
FNH:3
FNDA:3,(anonymous_9)
FNDA:4,(anonymous_10)
FNDA:5,(anonymous_11)
DA:2,1
DA:4,1
DA:5,3
DA:6,3
DA:7,1
DA:8,1
DA:11,2
DA:12,1
DA:15,1
DA:16,4
DA:17,4
DA:18,1
DA:19,1
DA:22,3
DA:23,2
DA:26,1
DA:27,5
DA:28,5
DA:29,1
DA:30,1
DA:33,4
DA:34,1
DA:35,1
DA:38,3
DA:39,2
LF:25
LH:25
BRDA:6,0,0,1
BRDA:6,0,1,2
BRDA:17,1,0,1
BRDA:17,1,1,3
BRDA:28,2,0,1
BRDA:28,2,1,4
BRDA:33,3,0,1
BRDA:33,3,1,3
BRF:8
BRH:8
end_of_record
TN:
SF:src/services/auth.service.ts
FN:12,(anonymous_9)
FN:18,(anonymous_10)
FN:24,(anonymous_11)
FN:28,(anonymous_12)
FN:32,(anonymous_13)
FN:37,(anonymous_14)
FN:41,(anonymous_15)
FN:86,(anonymous_16)
FN:110,(anonymous_17)
FN:130,(anonymous_18)
FN:151,(anonymous_19)
FN:165,(anonymous_20)
FN:184,(anonymous_21)
FN:197,(anonymous_22)
FN:221,(anonymous_23)
FN:226,(anonymous_24)
FNF:16
FNH:16
FNDA:6,(anonymous_9)
FNDA:4,(anonymous_10)
FNDA:4,(anonymous_11)
FNDA:3,(anonymous_12)
FNDA:10,(anonymous_13)
FNDA:15,(anonymous_14)
FNDA:18,(anonymous_15)
FNDA:10,(anonymous_16)
FNDA:5,(anonymous_17)
FNDA:8,(anonymous_18)
FNDA:4,(anonymous_19)
FNDA:4,(anonymous_20)
FNDA:9,(anonymous_21)
FNDA:11,(anonymous_22)
FNDA:1,(anonymous_23)
FNDA:5,(anonymous_24)
DA:1,2
DA:2,2
DA:3,2
DA:4,2
DA:5,2
DA:7,2
DA:8,2
DA:9,2
DA:10,2
DA:12,2
DA:13,6
DA:14,6
DA:15,6
DA:18,2
DA:19,4
DA:20,4
DA:21,4
DA:24,2
DA:25,4
DA:28,2
DA:29,3
DA:32,2
DA:33,10
DA:34,10
DA:37,2
DA:38,15
DA:41,2
DA:43,18
DA:44,16
DA:45,14
DA:46,12
DA:49,10
DA:52,7
DA:55,5
DA:56,5
DA:59,4
DA:61,4
DA:62,4
DA:63,4
DA:64,4
DA:66,4
DA:82,4
DA:83,4
DA:86,2
DA:88,10
DA:89,8
DA:91,6
DA:92,6
DA:93,5
DA:94,4
DA:95,3
DA:97,2
DA:102,2
DA:103,2
DA:105,2
DA:107,2
DA:110,2
DA:112,5
DA:114,3
DA:115,3
DA:116,2
DA:118,1
DA:119,1
DA:121,1
DA:126,1
DA:127,1
DA:130,2
DA:132,8
DA:133,6
DA:135,4
DA:136,4
DA:138,3
DA:139,3
DA:141,2
DA:143,1
DA:144,1
DA:146,1
DA:148,1
DA:151,2
DA:152,4
DA:153,4
DA:154,3
DA:156,3
DA:158,1
DA:159,1
DA:161,3
DA:165,2
DA:167,4
DA:169,2
DA:170,2
DA:172,1
DA:173,1
DA:175,1
DA:180,1
DA:181,1
DA:184,2
DA:186,9
DA:187,7
DA:189,5
DA:190,5
DA:191,4
DA:192,3
DA:194,2
DA:197,2
DA:199,11
DA:200,9
DA:201,7
DA:204,5
DA:206,4
DA:207,4
DA:208,3
DA:209,2
DA:211,1
DA:213,1
DA:218,1
DA:221,2
DA:222,1
DA:223,1
DA:226,2
DA:228,5
DA:231,3
DA:233,2
DA:234,2
DA:236,1
DA:238,1
DA:243,1
LF:126
LH:126
BRDA:7,0,0,2
BRDA:7,0,1,0
BRDA:8,1,0,2
BRDA:8,1,1,0
BRDA:9,2,0,2
BRDA:9,2,1,0
BRDA:10,3,0,2
BRDA:10,3,1,0
BRDA:43,4,0,2
BRDA:43,4,1,16
BRDA:43,5,0,18
BRDA:43,5,1,17
BRDA:44,6,0,2
BRDA:44,6,1,14
BRDA:44,7,0,16
BRDA:44,7,1,15
BRDA:45,8,0,2
BRDA:45,8,1,12
BRDA:45,9,0,14
BRDA:45,9,1,13
BRDA:46,10,0,2
BRDA:46,10,1,10
BRDA:46,11,0,12
BRDA:46,11,1,11
BRDA:49,12,0,3
BRDA:49,12,1,7
BRDA:52,13,0,2
BRDA:52,13,1,5
BRDA:56,14,0,1
BRDA:56,14,1,4
BRDA:78,15,0,4
BRDA:78,15,1,2
BRDA:88,16,0,2
BRDA:88,16,1,8
BRDA:88,17,0,10
BRDA:88,17,1,9
BRDA:89,18,0,2
BRDA:89,18,1,6
BRDA:89,19,0,8
BRDA:89,19,1,7
BRDA:92,20,0,1
BRDA:92,20,1,5
BRDA:93,21,0,1
BRDA:93,21,1,4
BRDA:94,22,0,1
BRDA:94,22,1,3
BRDA:94,23,0,4
BRDA:94,23,1,4
BRDA:95,24,0,1
BRDA:95,24,1,2
BRDA:95,25,0,3
BRDA:95,25,1,3
BRDA:112,26,0,2
BRDA:112,26,1,3
BRDA:112,27,0,5
BRDA:112,27,1,4
BRDA:115,28,0,1
BRDA:115,28,1,2
BRDA:116,29,0,1
BRDA:116,29,1,1
BRDA:132,30,0,2
BRDA:132,30,1,6
BRDA:132,31,0,8
BRDA:132,31,1,7
BRDA:133,32,0,2
BRDA:133,32,1,4
BRDA:133,33,0,6
BRDA:133,33,1,5
BRDA:136,34,0,1
BRDA:136,34,1,3
BRDA:139,35,0,1
BRDA:139,35,1,2
BRDA:141,36,0,1
BRDA:141,36,1,1
BRDA:156,37,0,2
BRDA:156,37,1,1
BRDA:156,38,0,3
BRDA:156,38,1,2
BRDA:167,39,0,2
BRDA:167,39,1,2
BRDA:167,40,0,4
BRDA:167,40,1,3
BRDA:170,41,0,1
BRDA:170,41,1,1
BRDA:186,42,0,2
BRDA:186,42,1,7
BRDA:186,43,0,9
BRDA:186,43,1,8
BRDA:187,44,0,2
BRDA:187,44,1,5
BRDA:187,45,0,7
BRDA:187,45,1,6
BRDA:190,46,0,1
BRDA:190,46,1,4
BRDA:191,47,0,1
BRDA:191,47,1,3
BRDA:191,48,0,4
BRDA:191,48,1,4
BRDA:192,49,0,1
BRDA:192,49,1,2
BRDA:192,50,0,3
BRDA:192,50,1,3
BRDA:199,51,0,2
BRDA:199,51,1,9
BRDA:199,52,0,11
BRDA:199,52,1,10
BRDA:200,53,0,2
BRDA:200,53,1,7
BRDA:200,54,0,9
BRDA:200,54,1,8
BRDA:201,55,0,2
BRDA:201,55,1,5
BRDA:201,56,0,7
BRDA:201,56,1,6
BRDA:204,57,0,1
BRDA:204,57,1,4
BRDA:207,58,0,1
BRDA:207,58,1,3
BRDA:208,59,0,1
BRDA:208,59,1,2
BRDA:208,60,0,3
BRDA:208,60,1,3
BRDA:209,61,0,1
BRDA:209,61,1,1
BRDA:209,62,0,2
BRDA:209,62,1,2
BRDA:228,63,0,2
BRDA:228,63,1,3
BRDA:228,64,0,5
BRDA:228,64,1,4
BRDA:231,65,0,1
BRDA:231,65,1,2
BRDA:234,66,0,1
BRDA:234,66,1,1
BRF:134
BRH:130
end_of_record
TN:
SF:src/services/kyc.service.ts
FN:46,(anonymous_0)
FN:51,(anonymous_1)
FN:85,(anonymous_2)
FN:90,(anonymous_3)
FN:125,(anonymous_4)
FN:130,(anonymous_5)
FN:135,(anonymous_6)
FN:141,(anonymous_7)
FN:148,(anonymous_8)
FN:158,(anonymous_9)
FN:177,(anonymous_10)
FN:182,(anonymous_11)
FN:185,(anonymous_12)
FN:190,(anonymous_13)
FN:217,(anonymous_14)
FN:223,(anonymous_15)
FNF:16
FNH:16
FNDA:2,(anonymous_0)
FNDA:5,(anonymous_1)
FNDA:2,(anonymous_2)
FNDA:7,(anonymous_3)
FNDA:2,(anonymous_4)
FNDA:7,(anonymous_5)
FNDA:9,(anonymous_6)
FNDA:9,(anonymous_7)
FNDA:9,(anonymous_8)
FNDA:5,(anonymous_9)
FNDA:2,(anonymous_10)
FNDA:3,(anonymous_11)
FNDA:3,(anonymous_12)
FNDA:7,(anonymous_13)
FNDA:13,(anonymous_14)
FNDA:13,(anonymous_15)
DA:1,2
DA:2,2
DA:46,2
DA:47,2
DA:48,2
DA:51,2
DA:52,5
DA:54,5
DA:56,5
DA:57,1
DA:59,5
DA:60,1
DA:63,5
DA:64,3
DA:71,3
DA:74,2
DA:82,2
DA:85,2
DA:86,2
DA:87,2
DA:90,2
DA:91,7
DA:92,3
DA:95,4
DA:97,4
DA:99,4
DA:100,1
DA:103,4
DA:104,3
DA:111,3
DA:114,1
DA:122,1
DA:125,2
DA:126,2
DA:127,2
DA:130,2
DA:131,7
DA:132,3
DA:135,9
DA:141,9
DA:143,4
DA:147,4
DA:148,9
DA:155,4
DA:158,2
DA:159,5
DA:161,5
DA:162,1
DA:165,4
DA:166,3
DA:169,1
DA:174,1
DA:177,2
DA:178,2
DA:179,2
DA:182,2
DA:183,3
DA:184,3
DA:185,3
DA:187,3
DA:190,2
DA:191,7
DA:201,7
DA:203,7
DA:204,15
DA:205,15
DA:207,13
DA:208,13
DA:209,13
DA:213,7
DA:214,2
DA:217,13
DA:218,5
DA:222,5
DA:223,13
DA:230,5
LF:76
LH:76
BRDA:56,0,0,1
BRDA:56,0,1,4
BRDA:56,1,0,5
BRDA:56,1,1,2
BRDA:59,2,0,1
BRDA:59,2,1,4
BRDA:59,3,0,5
BRDA:59,3,1,2
BRDA:63,4,0,3
BRDA:63,4,1,2
BRDA:78,5,0,1
BRDA:78,5,1,1
BRDA:91,6,0,3
BRDA:91,6,1,4
BRDA:91,7,0,7
BRDA:91,7,1,5
BRDA:99,8,0,1
BRDA:99,8,1,3
BRDA:99,9,0,4
BRDA:99,9,1,2
BRDA:103,10,0,3
BRDA:103,10,1,1
BRDA:131,11,0,3
BRDA:131,11,1,4
BRDA:131,12,0,7
BRDA:131,12,1,5
BRDA:136,13,0,9
BRDA:136,13,1,0
BRDA:161,14,0,1
BRDA:161,14,1,4
BRDA:165,15,0,3
BRDA:165,15,1,1
BRDA:165,16,0,4
BRDA:165,16,1,2
BRDA:205,17,0,2
BRDA:205,17,1,13
BRDA:213,18,0,2
BRDA:213,18,1,5
BRF:38
BRH:37
end_of_record
TN:
SF:src/services/store.service.ts
FN:3,(anonymous_0)
FN:8,(anonymous_1)
FN:57,(anonymous_2)
FN:77,(anonymous_3)
FN:119,(anonymous_4)
FNF:5
FNH:5
FNDA:29,(anonymous_0)
FNDA:31,(anonymous_1)
FNDA:3,(anonymous_2)
FNDA:15,(anonymous_3)
FNDA:4,(anonymous_4)
DA:1,2
DA:3,2
DA:4,29
DA:5,29
DA:8,2
DA:9,31
DA:10,31
DA:13,30
DA:14,30
DA:17,29
DA:18,13
DA:22,16
DA:23,16
DA:26,15
DA:27,2
DA:30,13
DA:31,2
DA:34,11
DA:44,11
DA:57,2
DA:58,3
DA:59,3
DA:61,2
DA:62,2
DA:64,1
DA:77,2
DA:78,15
DA:79,15
DA:81,14
DA:82,14
DA:84,13
DA:86,13
DA:87,5
DA:88,3
DA:91,11
DA:92,4
DA:93,2
DA:96,9
DA:97,5
DA:98,3
DA:101,7
DA:106,7
DA:119,2
DA:120,4
DA:121,4
DA:123,3
DA:124,3
DA:126,2
DA:128,1
DA:133,1
LF:50
LH:50
BRDA:5,0,0,29
BRDA:5,0,1,18
BRDA:5,0,2,16
BRDA:8,1,0,29
BRDA:10,2,0,1
BRDA:10,2,1,30
BRDA:14,3,0,1
BRDA:14,3,1,29
BRDA:17,4,0,13
BRDA:17,4,1,16
BRDA:23,5,0,1
BRDA:23,5,1,15
BRDA:26,6,0,2
BRDA:26,6,1,13
BRDA:26,7,0,15
BRDA:26,7,1,14
BRDA:30,8,0,2
BRDA:30,8,1,11
BRDA:30,9,0,13
BRDA:30,9,1,12
BRDA:59,10,0,1
BRDA:59,10,1,2
BRDA:62,11,0,1
BRDA:62,11,1,1
BRDA:79,12,0,1
BRDA:79,12,1,14
BRDA:82,13,0,1
BRDA:82,13,1,13
BRDA:86,14,0,5
BRDA:86,14,1,8
BRDA:87,15,0,2
BRDA:87,15,1,3
BRDA:91,16,0,4
BRDA:91,16,1,7
BRDA:92,17,0,2
BRDA:92,17,1,2
BRDA:96,18,0,5
BRDA:96,18,1,4
BRDA:97,19,0,2
BRDA:97,19,1,3
BRDA:121,20,0,1
BRDA:121,20,1,3
BRDA:124,21,0,1
BRDA:124,21,1,2
BRDA:126,22,0,1
BRDA:126,22,1,1
BRF:46
BRH:46
end_of_record
TN:
SF:src/services/user.service.ts
FN:18,(anonymous_0)
FN:56,(anonymous_1)
FN:168,(anonymous_2)
FNF:3
FNH:3
FNDA:3,(anonymous_0)
FNDA:15,(anonymous_1)
FNDA:2,(anonymous_2)
DA:1,2
DA:2,2
DA:18,2
DA:19,3
DA:35,3
DA:37,2
DA:41,2
DA:56,2
DA:57,15
DA:58,15
DA:60,14
DA:62,14
DA:63,5
DA:64,3
DA:67,12
DA:68,5
DA:69,3
DA:72,10
DA:73,3
DA:76,10
DA:77,4
DA:78,4
DA:79,4
DA:82,10
DA:98,10
DA:100,10
DA:101,3
DA:104,10
DA:105,2
DA:108,10
DA:109,3
DA:112,10
DA:113,2
DA:116,10
DA:117,3
DA:120,10
DA:121,2
DA:124,10
DA:125,2
DA:128,10
DA:129,2
DA:132,10
DA:133,10
DA:134,5
DA:136,5
DA:137,1
DA:142,4
DA:152,10
DA:168,2
DA:169,2
DA:170,2
DA:172,1
DA:174,1
DA:183,1
LF:54
LH:54
BRDA:35,0,0,1
BRDA:35,0,1,2
BRDA:44,1,0,2
BRDA:44,1,1,1
BRDA:45,2,0,2
BRDA:45,2,1,1
BRDA:46,3,0,2
BRDA:46,3,1,1
BRDA:47,4,0,2
BRDA:47,4,1,1
BRDA:48,5,0,2
BRDA:48,5,1,1
BRDA:49,6,0,2
BRDA:49,6,1,1
BRDA:50,7,0,2
BRDA:50,7,1,1
BRDA:51,8,0,2
BRDA:51,8,1,1
BRDA:58,9,0,1
BRDA:58,9,1,14
BRDA:62,10,0,5
BRDA:62,10,1,9
BRDA:63,11,0,2
BRDA:63,11,1,3
BRDA:67,12,0,5
BRDA:67,12,1,7
BRDA:68,13,0,2
BRDA:68,13,1,3
BRDA:72,14,0,3
BRDA:72,14,1,7
BRDA:73,15,0,3
BRDA:73,15,1,1
BRDA:76,16,0,4
BRDA:76,16,1,6
BRDA:76,17,0,10
BRDA:76,17,1,7
BRDA:77,18,0,4
BRDA:77,18,1,1
BRDA:78,19,0,4
BRDA:78,19,1,1
BRDA:100,20,0,3
BRDA:100,20,1,7
BRDA:101,21,0,3
BRDA:101,21,1,1
BRDA:104,22,0,2
BRDA:104,22,1,8
BRDA:108,23,0,3
BRDA:108,23,1,7
BRDA:109,24,0,2
BRDA:109,24,1,1
BRDA:112,25,0,2
BRDA:112,25,1,8
BRDA:116,26,0,3
BRDA:116,26,1,7
BRDA:117,27,0,3
BRDA:117,27,1,1
BRDA:120,28,0,2
BRDA:120,28,1,8
BRDA:121,29,0,1
BRDA:121,29,1,1
BRDA:124,30,0,2
BRDA:124,30,1,8
BRDA:128,31,0,2
BRDA:128,31,1,8
BRDA:129,32,0,2
BRDA:129,32,1,1
BRDA:133,33,0,5
BRDA:133,33,1,5
BRDA:136,34,0,1
BRDA:136,34,1,4
BRDA:156,35,0,10
BRDA:156,35,1,7
BRDA:157,36,0,10
BRDA:157,36,1,7
BRDA:158,37,0,10
BRDA:158,37,1,6
BRDA:159,38,0,10
BRDA:159,38,1,8
BRDA:160,39,0,10
BRDA:160,39,1,8
BRDA:161,40,0,10
BRDA:161,40,1,8
BRDA:162,41,0,10
BRDA:162,41,1,8
BRDA:163,42,0,10
BRDA:163,42,1,9
BRDA:170,43,0,1
BRDA:170,43,1,1
BRF:88
BRH:88
end_of_record
